#
# There is insufficient memory for the Java Runtime Environment to continue.
# Native memory allocation (malloc) failed to allocate 540016 bytes for Chunk::new
# Possible reasons:
#   The system is out of physical RAM or swap space
#   The process is running with CompressedOops enabled, and the Java Heap may be blocking the growth of the native heap
# Possible solutions:
#   Reduce memory load on the system
#   Increase physical memory or swap space
#   Check if swap backing store is full
#   Decrease Java heap size (-Xmx/-Xms)
#   Decrease number of Java threads
#   Decrease Java thread stack sizes (-Xss)
#   Set larger code cache with -XX:ReservedCodeCacheSize=
#   JVM is running with Unscaled Compressed Oops mode in which the Java heap is
#     placed in the first 4GB address space. The Java Heap base address is the
#     maximum limit for the native heap growth. Please use -XX:HeapBaseMinAddress
#     to set the Java Heap base and to place the Java Heap above 4GB virtual address.
# This output file may be truncated or incomplete.
#
#  Out of Memory Error (./src/hotspot/share/memory/arena.cpp:197), pid=5180, tid=8452
#
# JRE version: OpenJDK Runtime Environment (11.0.11+9) (build 11.0.11+9-b60-7590822)
# Java VM: OpenJDK 64-Bit Server VM (11.0.11+9-b60-7590822, mixed mode, tiered, compressed oops, g1 gc, windows-amd64)
# No core dump will be written. Minidumps are not enabled by default on client versions of Windows
#

---------------  S U M M A R Y ------------

Command Line: --add-opens=java.base/java.util=ALL-UNNAMED --add-opens=java.base/java.lang=ALL-UNNAMED --add-opens=java.base/java.lang.invoke=ALL-UNNAMED --add-opens=java.base/java.util=ALL-UNNAMED --add-opens=java.prefs/java.util.prefs=ALL-UNNAMED --add-opens=java.prefs/java.util.prefs=ALL-UNNAMED --add-opens=java.base/java.nio.charset=ALL-UNNAMED --add-opens=java.base/java.net=ALL-UNNAMED --add-opens=java.base/java.util.concurrent.atomic=ALL-UNNAMED -Xmx2048m -Dfile.encoding=UTF-8 -Duser.country=419 -Duser.language=es -Duser.variant org.gradle.launcher.daemon.bootstrap.GradleDaemon 7.2

Host: Intel(R) Pentium(R) CPU N4200 @ 1.10GHz, 4 cores, 3G,  Windows 10 , 64 bit Build 10586 (10.0.10586.0)
Time: Tue Apr  5 23:03:44 2022 Hora de verano central (México) elapsed time: 61.638045 seconds (0d 0h 1m 1s)

---------------  T H R E A D  ---------------

Current thread (0x0000015d43f74000):  JavaThread "C2 CompilerThread0" daemon [_thread_in_native, id=8452, stack(0x00000001d7800000,0x00000001d7900000)]


Current CompileTask:
C2:  61638 7314       4       org.objectweb.asm.Type::getType (122 bytes)

Stack: [0x00000001d7800000,0x00000001d7900000]
Native frames: (J=compiled Java code, j=interpreted, Vv=VM code, C=native code)
V  [jvm.dll+0x5f214a]
V  [jvm.dll+0x726fb5]
V  [jvm.dll+0x7285cd]
V  [jvm.dll+0x728c83]
V  [jvm.dll+0x243278]
V  [jvm.dll+0xbc53c]
V  [jvm.dll+0xbca3c]
V  [jvm.dll+0x353e7d]
V  [jvm.dll+0x321893]
V  [jvm.dll+0x320d8a]
V  [jvm.dll+0x1fc1e2]
V  [jvm.dll+0x1fb3d4]
V  [jvm.dll+0x183d6c]
V  [jvm.dll+0x209a57]
V  [jvm.dll+0x2082a1]
V  [jvm.dll+0x6ef58f]
V  [jvm.dll+0x6e80b5]
V  [jvm.dll+0x5f1036]
C  [ucrtbase.dll+0x6be1d]
C  [KERNEL32.DLL+0x18102]
C  [ntdll.dll+0x5c264]


---------------  P R O C E S S  ---------------

Threads class SMR info:
_java_thread_list=0x0000015d47461620, length=77, elements={
0x0000015d2846d800, 0x0000015d43f10000, 0x0000015d43f1a000, 0x0000015d43f6b800,
0x0000015d43f6f000, 0x0000015d43f70800, 0x0000015d43f74000, 0x0000015d43f79800,
0x0000015d43f7b800, 0x0000015d449ea800, 0x0000015d45f23000, 0x0000015d455d8800,
0x0000015d45bcf000, 0x0000015d47df4000, 0x0000015d47047800, 0x0000015d47f6b800,
0x0000015d46e1f000, 0x0000015d45b2e800, 0x0000015d4793d800, 0x0000015d46a6c000,
0x0000015d46a66000, 0x0000015d46a6b000, 0x0000015d46a6a800, 0x0000015d46a6c800,
0x0000015d46a68800, 0x0000015d46a68000, 0x0000015d46a67000, 0x0000015d46a69800,
0x0000015d4821a000, 0x0000015d48215000, 0x0000015d48218800, 0x0000015d4821c800,
0x0000015d4821a800, 0x0000015d4821d000, 0x0000015d48217800, 0x0000015d4821b800,
0x0000015d4821f000, 0x0000015d4821e000, 0x0000015d48219000, 0x0000015d4821f800,
0x0000015d48223000, 0x0000015d48223800, 0x0000015d48220800, 0x0000015d48221800,
0x0000015d48222000, 0x0000015d45766800, 0x0000015d45767000, 0x0000015d45765800,
0x0000015d45768000, 0x0000015d45768800, 0x0000015d45769800, 0x0000015d4576a800,
0x0000015d45764800, 0x0000015d4576f000, 0x0000015d4576c000, 0x0000015d45770000,
0x0000015d45771000, 0x0000015d4576b000, 0x0000015d45771800, 0x0000015d45772800,
0x0000015d4576d000, 0x0000015d45773800, 0x0000015d4576d800, 0x0000015d4576e800,
0x0000015d4752b000, 0x0000015d47528800, 0x0000015d47529000, 0x0000015d4752c800,
0x0000015d4752f800, 0x0000015d4752f000, 0x0000015d4752e000, 0x0000015d4752a000,
0x0000015d4752b800, 0x0000015d47530800, 0x0000015d47531800, 0x0000015d4752d000,
0x0000015d4a226000
}

Java Threads: ( => current thread )
  0x0000015d2846d800 JavaThread "main" [_thread_blocked, id=6972, stack(0x00000001d6c00000,0x00000001d6d00000)]
  0x0000015d43f10000 JavaThread "Reference Handler" daemon [_thread_blocked, id=8036, stack(0x00000001d7300000,0x00000001d7400000)]
  0x0000015d43f1a000 JavaThread "Finalizer" daemon [_thread_blocked, id=6396, stack(0x00000001d7400000,0x00000001d7500000)]
  0x0000015d43f6b800 JavaThread "Signal Dispatcher" daemon [_thread_blocked, id=7832, stack(0x00000001d7500000,0x00000001d7600000)]
  0x0000015d43f6f000 JavaThread "Attach Listener" daemon [_thread_blocked, id=5500, stack(0x00000001d7600000,0x00000001d7700000)]
  0x0000015d43f70800 JavaThread "Service Thread" daemon [_thread_blocked, id=1088, stack(0x00000001d7700000,0x00000001d7800000)]
=>0x0000015d43f74000 JavaThread "C2 CompilerThread0" daemon [_thread_in_native, id=8452, stack(0x00000001d7800000,0x00000001d7900000)]
  0x0000015d43f79800 JavaThread "C1 CompilerThread0" daemon [_thread_blocked, id=6684, stack(0x00000001d7900000,0x00000001d7a00000)]
  0x0000015d43f7b800 JavaThread "Sweeper thread" daemon [_thread_blocked, id=6860, stack(0x00000001d7a00000,0x00000001d7b00000)]
  0x0000015d449ea800 JavaThread "Common-Cleaner" daemon [_thread_blocked, id=1820, stack(0x00000001d7b00000,0x00000001d7c00000)]
  0x0000015d45f23000 JavaThread "Daemon health stats" [_thread_blocked, id=8880, stack(0x00000001d8000000,0x00000001d8100000)]
  0x0000015d455d8800 JavaThread "Incoming local TCP Connector on port 9705" [_thread_in_native, id=3840, stack(0x00000001d8100000,0x00000001d8200000)]
  0x0000015d45bcf000 JavaThread "Daemon periodic checks" [_thread_blocked, id=7596, stack(0x00000001d8200000,0x00000001d8300000)]
  0x0000015d47df4000 JavaThread "Daemon" [_thread_blocked, id=900, stack(0x00000001d8300000,0x00000001d8400000)]
  0x0000015d47047800 JavaThread "Handler for socket connection from /127.0.0.1:9705 to /127.0.0.1:9706" [_thread_in_native, id=716, stack(0x00000001d8400000,0x00000001d8500000)]
  0x0000015d47f6b800 JavaThread "Cancel handler" [_thread_blocked, id=1180, stack(0x00000001d8500000,0x00000001d8600000)]
  0x0000015d46e1f000 JavaThread "Daemon worker" [_thread_in_Java, id=2380, stack(0x00000001d8600000,0x00000001d8700000)]
  0x0000015d45b2e800 JavaThread "Asynchronous log dispatcher for DefaultDaemonConnection: socket connection from /127.0.0.1:9705 to /127.0.0.1:9706" [_thread_blocked, id=6320, stack(0x00000001d8700000,0x00000001d8800000)]
  0x0000015d4793d800 JavaThread "Stdin handler" [_thread_blocked, id=6848, stack(0x00000001d8800000,0x00000001d8900000)]
  0x0000015d46a6c000 JavaThread "Daemon client event forwarder" [_thread_blocked, id=5464, stack(0x00000001d8900000,0x00000001d8a00000)]
  0x0000015d46a66000 JavaThread "Cache worker for journal cache (D:\Alondra\AndroidStudioProjects\caches\journal-1)" [_thread_blocked, id=7908, stack(0x00000001d8c00000,0x00000001d8d00000)]
  0x0000015d46a6b000 JavaThread "File lock request listener" [_thread_in_native, id=6548, stack(0x00000001d8d00000,0x00000001d8e00000)]
  0x0000015d46a6a800 JavaThread "Cache worker for file hash cache (D:\Alondra\AndroidStudioProjects\caches\7.2\fileHashes)" [_thread_blocked, id=8820, stack(0x00000001d8e00000,0x00000001d8f00000)]
  0x0000015d46a6c800 JavaThread "Cache worker for file hash cache (D:\Alondra\SimpleGetRequest\.gradle\7.2\fileHashes)" [_thread_blocked, id=6620, stack(0x00000001d8f00000,0x00000001d9000000)]
  0x0000015d46a68800 JavaThread "Cache worker for checksums cache (D:\Alondra\SimpleGetRequest\.gradle\checksums)" [_thread_blocked, id=6336, stack(0x00000001d9100000,0x00000001d9200000)]
  0x0000015d46a68000 JavaThread "Cache worker for cache directory md-supplier (D:\Alondra\AndroidStudioProjects\caches\7.2\md-supplier)" [_thread_blocked, id=5836, stack(0x00000001d9200000,0x00000001d9300000)]
  0x0000015d46a67000 JavaThread "Cache worker for cache directory md-rule (D:\Alondra\AndroidStudioProjects\caches\7.2\md-rule)" [_thread_blocked, id=6760, stack(0x00000001d9300000,0x00000001d9400000)]
  0x0000015d46a69800 JavaThread "Cache worker for execution history cache (D:\Alondra\AndroidStudioProjects\caches\7.2\executionHistory)" [_thread_blocked, id=7952, stack(0x00000001d9500000,0x00000001d9600000)]
  0x0000015d4821a000 JavaThread "jar transforms" [_thread_blocked, id=7856, stack(0x00000001d9700000,0x00000001d9800000)]
  0x0000015d48215000 JavaThread "Cache worker for file content cache (D:\Alondra\AndroidStudioProjects\caches\7.2\fileContent)" [_thread_blocked, id=8472, stack(0x00000001d9800000,0x00000001d9900000)]
  0x0000015d48218800 JavaThread "jar transforms Thread 2" [_thread_blocked, id=6616, stack(0x00000001d9900000,0x00000001d9a00000)]
  0x0000015d4821c800 JavaThread "Cache worker for dependencies-accessors (D:\Alondra\SimpleGetRequest\.gradle\7.2\dependencies-accessors)" [_thread_blocked, id=5384, stack(0x00000001d9a00000,0x00000001d9b00000)]
  0x0000015d4821a800 JavaThread "jar transforms Thread 3" [_thread_blocked, id=5796, stack(0x00000001d9b00000,0x00000001d9c00000)]
  0x0000015d4821d000 JavaThread "Cache worker for Build Output Cleanup Cache (D:\Alondra\SimpleGetRequest\.gradle\buildOutputCleanup)" [_thread_blocked, id=4792, stack(0x00000001d9c00000,0x00000001d9d00000)]
  0x0000015d48217800 JavaThread "Unconstrained build operations" [_thread_blocked, id=1560, stack(0x00000001d9d00000,0x00000001d9e00000)]
  0x0000015d4821b800 JavaThread "Unconstrained build operations Thread 2" [_thread_blocked, id=7004, stack(0x00000001d9e00000,0x00000001d9f00000)]
  0x0000015d4821f000 JavaThread "Unconstrained build operations Thread 3" [_thread_blocked, id=6828, stack(0x00000001d9f00000,0x00000001da000000)]
  0x0000015d4821e000 JavaThread "Unconstrained build operations Thread 4" [_thread_blocked, id=8824, stack(0x00000001da000000,0x00000001da100000)]
  0x0000015d48219000 JavaThread "Unconstrained build operations Thread 5" [_thread_blocked, id=916, stack(0x00000001da100000,0x00000001da200000)]
  0x0000015d4821f800 JavaThread "Unconstrained build operations Thread 6" [_thread_blocked, id=4236, stack(0x00000001da200000,0x00000001da300000)]
  0x0000015d48223000 JavaThread "Unconstrained build operations Thread 7" [_thread_blocked, id=6352, stack(0x00000001da300000,0x00000001da400000)]
  0x0000015d48223800 JavaThread "Unconstrained build operations Thread 8" [_thread_blocked, id=2716, stack(0x00000001da400000,0x00000001da500000)]
  0x0000015d48220800 JavaThread "Unconstrained build operations Thread 9" [_thread_blocked, id=8364, stack(0x00000001da500000,0x00000001da600000)]
  0x0000015d48221800 JavaThread "Unconstrained build operations Thread 10" [_thread_blocked, id=1812, stack(0x00000001da600000,0x00000001da700000)]
  0x0000015d48222000 JavaThread "Unconstrained build operations Thread 11" [_thread_blocked, id=6920, stack(0x00000001da700000,0x00000001da800000)]
  0x0000015d45766800 JavaThread "Unconstrained build operations Thread 12" [_thread_blocked, id=9100, stack(0x00000001da800000,0x00000001da900000)]
  0x0000015d45767000 JavaThread "Unconstrained build operations Thread 13" [_thread_blocked, id=7872, stack(0x00000001da900000,0x00000001daa00000)]
  0x0000015d45765800 JavaThread "Unconstrained build operations Thread 14" [_thread_blocked, id=7828, stack(0x00000001daa00000,0x00000001dab00000)]
  0x0000015d45768000 JavaThread "Unconstrained build operations Thread 15" [_thread_blocked, id=8428, stack(0x00000001dab00000,0x00000001dac00000)]
  0x0000015d45768800 JavaThread "Unconstrained build operations Thread 16" [_thread_blocked, id=1664, stack(0x00000001dac00000,0x00000001dad00000)]
  0x0000015d45769800 JavaThread "Unconstrained build operations Thread 17" [_thread_blocked, id=6408, stack(0x00000001dad00000,0x00000001dae00000)]
  0x0000015d4576a800 JavaThread "Unconstrained build operations Thread 18" [_thread_blocked, id=5864, stack(0x00000001dae00000,0x00000001daf00000)]
  0x0000015d45764800 JavaThread "Unconstrained build operations Thread 19" [_thread_blocked, id=8724, stack(0x00000001daf00000,0x00000001db000000)]
  0x0000015d4576f000 JavaThread "Unconstrained build operations Thread 20" [_thread_blocked, id=3256, stack(0x00000001db000000,0x00000001db100000)]
  0x0000015d4576c000 JavaThread "Unconstrained build operations Thread 21" [_thread_blocked, id=4640, stack(0x00000001db100000,0x00000001db200000)]
  0x0000015d45770000 JavaThread "Unconstrained build operations Thread 22" [_thread_blocked, id=464, stack(0x00000001db200000,0x00000001db300000)]
  0x0000015d45771000 JavaThread "Unconstrained build operations Thread 23" [_thread_blocked, id=2424, stack(0x00000001db300000,0x00000001db400000)]
  0x0000015d4576b000 JavaThread "Unconstrained build operations Thread 24" [_thread_blocked, id=4852, stack(0x00000001db400000,0x00000001db500000)]
  0x0000015d45771800 JavaThread "Unconstrained build operations Thread 25" [_thread_blocked, id=9204, stack(0x00000001db500000,0x00000001db600000)]
  0x0000015d45772800 JavaThread "Unconstrained build operations Thread 26" [_thread_blocked, id=2268, stack(0x00000001db600000,0x00000001db700000)]
  0x0000015d4576d000 JavaThread "Unconstrained build operations Thread 27" [_thread_blocked, id=4076, stack(0x00000001db700000,0x00000001db800000)]
  0x0000015d45773800 JavaThread "Unconstrained build operations Thread 28" [_thread_blocked, id=8080, stack(0x00000001db800000,0x00000001db900000)]
  0x0000015d4576d800 JavaThread "Unconstrained build operations Thread 29" [_thread_blocked, id=8084, stack(0x00000001db900000,0x00000001dba00000)]
  0x0000015d4576e800 JavaThread "Unconstrained build operations Thread 30" [_thread_blocked, id=4016, stack(0x00000001dba00000,0x00000001dbb00000)]
  0x0000015d4752b000 JavaThread "Unconstrained build operations Thread 31" [_thread_blocked, id=7564, stack(0x00000001dbb00000,0x00000001dbc00000)]
  0x0000015d47528800 JavaThread "Unconstrained build operations Thread 32" [_thread_blocked, id=5116, stack(0x00000001dbc00000,0x00000001dbd00000)]
  0x0000015d47529000 JavaThread "Unconstrained build operations Thread 33" [_thread_blocked, id=8276, stack(0x00000001dbd00000,0x00000001dbe00000)]
  0x0000015d4752c800 JavaThread "Unconstrained build operations Thread 34" [_thread_blocked, id=4004, stack(0x00000001dbe00000,0x00000001dbf00000)]
  0x0000015d4752f800 JavaThread "Unconstrained build operations Thread 35" [_thread_blocked, id=4696, stack(0x00000001dbf00000,0x00000001dc000000)]
  0x0000015d4752f000 JavaThread "Unconstrained build operations Thread 36" [_thread_blocked, id=6600, stack(0x00000001dc000000,0x00000001dc100000)]
  0x0000015d4752e000 JavaThread "Unconstrained build operations Thread 37" [_thread_blocked, id=8768, stack(0x00000001dc100000,0x00000001dc200000)]
  0x0000015d4752a000 JavaThread "Unconstrained build operations Thread 38" [_thread_blocked, id=5516, stack(0x00000001dc200000,0x00000001dc300000)]
  0x0000015d4752b800 JavaThread "Unconstrained build operations Thread 39" [_thread_blocked, id=8760, stack(0x00000001dc300000,0x00000001dc400000)]
  0x0000015d47530800 JavaThread "Unconstrained build operations Thread 40" [_thread_blocked, id=8020, stack(0x00000001dc400000,0x00000001dc500000)]
  0x0000015d47531800 JavaThread "jar transforms Thread 4" [_thread_blocked, id=7692, stack(0x00000001dc600000,0x00000001dc700000)]
  0x0000015d4752d000 JavaThread "Memory manager" [_thread_blocked, id=8068, stack(0x00000001dc900000,0x00000001dca00000)]
  0x0000015d4a226000 JavaThread "C2 CompilerThread1" daemon [_thread_in_native, id=3252, stack(0x00000001dcb00000,0x00000001dcc00000)]

Other Threads:
  0x0000015d43f0a000 VMThread "VM Thread" [stack: 0x00000001d7200000,0x00000001d7300000] [id=4440]
  0x0000015d449f2800 WatcherThread [stack: 0x00000001d7c00000,0x00000001d7d00000] [id=724]
  0x0000015d28485000 GCTaskThread "GC Thread#0" [stack: 0x00000001d6d00000,0x00000001d6e00000] [id=4564]
  0x0000015d4509f800 GCTaskThread "GC Thread#1" [stack: 0x00000001d7e00000,0x00000001d7f00000] [id=8968]
  0x0000015d47224000 GCTaskThread "GC Thread#2" [stack: 0x00000001d8a00000,0x00000001d8b00000] [id=8624]
  0x0000015d4630b000 GCTaskThread "GC Thread#3" [stack: 0x00000001d8b00000,0x00000001d8c00000] [id=4116]
  0x0000015d284b8800 ConcurrentGCThread "G1 Main Marker" [stack: 0x00000001d6e00000,0x00000001d6f00000] [id=5560]
  0x0000015d284ba000 ConcurrentGCThread "G1 Conc#0" [stack: 0x00000001d6f00000,0x00000001d7000000] [id=8116]
  0x0000015d28517000 ConcurrentGCThread "G1 Refine#0" [stack: 0x00000001d7000000,0x00000001d7100000] [id=7588]
  0x0000015d28518000 ConcurrentGCThread "G1 Young RemSet Sampling" [stack: 0x00000001d7100000,0x00000001d7200000] [id=4772]

Threads with active compile tasks:
C2 CompilerThread0  61738 7314       4       org.objectweb.asm.Type::getType (122 bytes)
C1 CompilerThread0  61738 7342       3       org.gradle.api.internal.project.DefaultProject::getConvention (8 bytes)
C2 CompilerThread1  61738 7308 %     4       org.gradle.internal.instantiation.generator.AbstractClassGenerator::inspectType @ 250 (560 bytes)

VM state:not at safepoint (normal execution)

VM Mutex/Monitor currently owned by a thread: None

Heap address: 0x0000000080000000, size: 2048 MB, Compressed Oops mode: 32-bit
Narrow klass base: 0x0000000000000000, Narrow klass shift: 3
Compressed class space size: 1073741824 Address: 0x0000000100000000

Heap:
 garbage-first heap   total 110592K, used 73220K [0x0000000080000000, 0x0000000100000000)
  region size 1024K, 11 young (11264K), 3 survivors (3072K)
 Metaspace       used 72803K, capacity 74360K, committed 74544K, reserved 1114112K
  class space    used 9383K, capacity 9987K, committed 10112K, reserved 1048576K
Heap Regions: E=young(eden), S=young(survivor), O=old, HS=humongous(starts), HC=humongous(continues), CS=collection set, F=free, A=archive, TAMS=top-at-mark-start (previous, next)
|   0|0x0000000080000000, 0x0000000080100000, 0x0000000080100000|100%| O|  |TAMS 0x0000000080100000, 0x0000000080000000| Untracked 
|   1|0x0000000080100000, 0x0000000080200000, 0x0000000080200000|100%| O|  |TAMS 0x0000000080200000, 0x0000000080100000| Untracked 
|   2|0x0000000080200000, 0x0000000080300000, 0x0000000080300000|100%| O|  |TAMS 0x0000000080300000, 0x0000000080200000| Untracked 
|   3|0x0000000080300000, 0x0000000080400000, 0x0000000080400000|100%|HS|  |TAMS 0x0000000080400000, 0x0000000080300000| Complete 
|   4|0x0000000080400000, 0x0000000080500000, 0x0000000080500000|100%|HC|  |TAMS 0x0000000080500000, 0x0000000080400000| Complete 
|   5|0x0000000080500000, 0x0000000080600000, 0x0000000080600000|100%|HC|  |TAMS 0x0000000080600000, 0x0000000080500000| Complete 
|   6|0x0000000080600000, 0x0000000080700000, 0x0000000080700000|100%| O|  |TAMS 0x0000000080700000, 0x0000000080600000| Untracked 
|   7|0x0000000080700000, 0x0000000080800000, 0x0000000080800000|100%| O|  |TAMS 0x0000000080800000, 0x0000000080700000| Untracked 
|   8|0x0000000080800000, 0x0000000080900000, 0x0000000080900000|100%| O|  |TAMS 0x0000000080900000, 0x0000000080800000| Untracked 
|   9|0x0000000080900000, 0x0000000080a00000, 0x0000000080a00000|100%| O|  |TAMS 0x0000000080a00000, 0x0000000080900000| Untracked 
|  10|0x0000000080a00000, 0x0000000080b00000, 0x0000000080b00000|100%| O|  |TAMS 0x0000000080b00000, 0x0000000080a00000| Untracked 
|  11|0x0000000080b00000, 0x0000000080c00000, 0x0000000080c00000|100%| O|  |TAMS 0x0000000080c00000, 0x0000000080b00000| Untracked 
|  12|0x0000000080c00000, 0x0000000080d00000, 0x0000000080d00000|100%| O|  |TAMS 0x0000000080d00000, 0x0000000080c00000| Untracked 
|  13|0x0000000080d00000, 0x0000000080e00000, 0x0000000080e00000|100%| O|  |TAMS 0x0000000080e00000, 0x0000000080d00000| Untracked 
|  14|0x0000000080e00000, 0x0000000080f00000, 0x0000000080f00000|100%| O|  |TAMS 0x0000000080f00000, 0x0000000080e00000| Untracked 
|  15|0x0000000080f00000, 0x0000000081000000, 0x0000000081000000|100%| O|  |TAMS 0x0000000081000000, 0x0000000080f00000| Untracked 
|  16|0x0000000081000000, 0x0000000081100000, 0x0000000081100000|100%| O|  |TAMS 0x0000000081100000, 0x0000000081000000| Untracked 
|  17|0x0000000081100000, 0x0000000081200000, 0x0000000081200000|100%| O|  |TAMS 0x0000000081200000, 0x0000000081100000| Untracked 
|  18|0x0000000081200000, 0x0000000081300000, 0x0000000081300000|100%| O|  |TAMS 0x0000000081300000, 0x0000000081200000| Untracked 
|  19|0x0000000081300000, 0x0000000081400000, 0x0000000081400000|100%| O|  |TAMS 0x0000000081400000, 0x0000000081300000| Untracked 
|  20|0x0000000081400000, 0x0000000081500000, 0x0000000081500000|100%| O|  |TAMS 0x0000000081500000, 0x0000000081400000| Untracked 
|  21|0x0000000081500000, 0x0000000081600000, 0x0000000081600000|100%| O|  |TAMS 0x0000000081600000, 0x0000000081500000| Untracked 
|  22|0x0000000081600000, 0x0000000081700000, 0x0000000081700000|100%| O|  |TAMS 0x0000000081700000, 0x0000000081600000| Untracked 
|  23|0x0000000081700000, 0x0000000081800000, 0x0000000081800000|100%| O|  |TAMS 0x0000000081800000, 0x0000000081700000| Untracked 
|  24|0x0000000081800000, 0x0000000081900000, 0x0000000081900000|100%| O|  |TAMS 0x0000000081900000, 0x0000000081800000| Untracked 
|  25|0x0000000081900000, 0x0000000081a00000, 0x0000000081a00000|100%| O|  |TAMS 0x0000000081a00000, 0x0000000081900000| Untracked 
|  26|0x0000000081a00000, 0x0000000081b00000, 0x0000000081b00000|100%| O|  |TAMS 0x0000000081b00000, 0x0000000081a00000| Untracked 
|  27|0x0000000081b00000, 0x0000000081c00000, 0x0000000081c00000|100%| O|  |TAMS 0x0000000081c00000, 0x0000000081b00000| Untracked 
|  28|0x0000000081c00000, 0x0000000081d00000, 0x0000000081d00000|100%| O|  |TAMS 0x0000000081d00000, 0x0000000081c00000| Untracked 
|  29|0x0000000081d00000, 0x0000000081e00000, 0x0000000081e00000|100%|HS|  |TAMS 0x0000000081e00000, 0x0000000081d00000| Complete 
|  30|0x0000000081e00000, 0x0000000081f00000, 0x0000000081f00000|100%|HS|  |TAMS 0x0000000081f00000, 0x0000000081e00000| Complete 
|  31|0x0000000081f00000, 0x0000000082000000, 0x0000000082000000|100%|HS|  |TAMS 0x0000000082000000, 0x0000000081f00000| Complete 
|  32|0x0000000082000000, 0x0000000082100000, 0x0000000082100000|100%|HS|  |TAMS 0x0000000082100000, 0x0000000082000000| Complete 
|  33|0x0000000082100000, 0x0000000082200000, 0x0000000082200000|100%| O|  |TAMS 0x0000000082200000, 0x0000000082100000| Untracked 
|  34|0x0000000082200000, 0x0000000082300000, 0x0000000082300000|100%| O|  |TAMS 0x0000000082300000, 0x0000000082200000| Untracked 
|  35|0x0000000082300000, 0x0000000082400000, 0x0000000082400000|100%|HS|  |TAMS 0x0000000082400000, 0x0000000082300000| Complete 
|  36|0x0000000082400000, 0x0000000082500000, 0x0000000082500000|100%|HC|  |TAMS 0x0000000082500000, 0x0000000082400000| Complete 
|  37|0x0000000082500000, 0x0000000082600000, 0x0000000082600000|100%|HC|  |TAMS 0x0000000082600000, 0x0000000082500000| Complete 
|  38|0x0000000082600000, 0x0000000082700000, 0x0000000082700000|100%| O|  |TAMS 0x0000000082700000, 0x0000000082600000| Untracked 
|  39|0x0000000082700000, 0x0000000082800000, 0x0000000082800000|100%| O|  |TAMS 0x0000000082800000, 0x0000000082700000| Untracked 
|  40|0x0000000082800000, 0x0000000082900000, 0x0000000082900000|100%| O|  |TAMS 0x0000000082900000, 0x0000000082800000| Untracked 
|  41|0x0000000082900000, 0x0000000082a00000, 0x0000000082a00000|100%| O|  |TAMS 0x0000000082a00000, 0x0000000082900000| Untracked 
|  42|0x0000000082a00000, 0x0000000082b00000, 0x0000000082b00000|100%|HS|  |TAMS 0x0000000082b00000, 0x0000000082a00000| Complete 
|  43|0x0000000082b00000, 0x0000000082c00000, 0x0000000082c00000|100%|HC|  |TAMS 0x0000000082c00000, 0x0000000082b00000| Complete 
|  44|0x0000000082c00000, 0x0000000082d00000, 0x0000000082d00000|100%| O|  |TAMS 0x0000000082d00000, 0x0000000082c00000| Untracked 
|  45|0x0000000082d00000, 0x0000000082e00000, 0x0000000082e00000|100%| O|  |TAMS 0x0000000082e00000, 0x0000000082d00000| Untracked 
|  46|0x0000000082e00000, 0x0000000082f00000, 0x0000000082f00000|100%| O|  |TAMS 0x0000000082f00000, 0x0000000082e00000| Untracked 
|  47|0x0000000082f00000, 0x0000000083000000, 0x0000000083000000|100%| O|  |TAMS 0x0000000083000000, 0x0000000082f00000| Untracked 
|  48|0x0000000083000000, 0x0000000083100000, 0x0000000083100000|100%| O|  |TAMS 0x0000000083100000, 0x0000000083000000| Untracked 
|  49|0x0000000083100000, 0x0000000083200000, 0x0000000083200000|100%| O|  |TAMS 0x0000000083200000, 0x0000000083100000| Untracked 
|  50|0x0000000083200000, 0x0000000083300000, 0x0000000083300000|100%| O|  |TAMS 0x0000000083300000, 0x0000000083200000| Untracked 
|  51|0x0000000083300000, 0x0000000083400000, 0x0000000083400000|100%| O|  |TAMS 0x0000000083400000, 0x0000000083300000| Untracked 
|  52|0x0000000083400000, 0x0000000083500000, 0x0000000083500000|100%| O|  |TAMS 0x0000000083500000, 0x0000000083400000| Untracked 
|  53|0x0000000083500000, 0x0000000083600000, 0x0000000083600000|100%| O|  |TAMS 0x0000000083600000, 0x0000000083500000| Untracked 
|  54|0x0000000083600000, 0x0000000083700000, 0x0000000083700000|100%| O|  |TAMS 0x0000000083700000, 0x0000000083600000| Untracked 
|  55|0x0000000083700000, 0x0000000083800000, 0x0000000083800000|100%| O|  |TAMS 0x0000000083800000, 0x0000000083700000| Untracked 
|  56|0x0000000083800000, 0x0000000083900000, 0x0000000083900000|100%| O|  |TAMS 0x0000000083900000, 0x0000000083800000| Untracked 
|  57|0x0000000083900000, 0x0000000083a00000, 0x0000000083a00000|100%| O|  |TAMS 0x0000000083a00000, 0x0000000083900000| Untracked 
|  58|0x0000000083a00000, 0x0000000083b00000, 0x0000000083b00000|100%| O|  |TAMS 0x0000000083b00000, 0x0000000083a00000| Untracked 
|  59|0x0000000083b00000, 0x0000000083c00000, 0x0000000083c00000|100%| O|  |TAMS 0x0000000083c00000, 0x0000000083b00000| Untracked 
|  60|0x0000000083c00000, 0x0000000083d00000, 0x0000000083d00000|100%| O|  |TAMS 0x0000000083d00000, 0x0000000083c00000| Untracked 
|  61|0x0000000083d00000, 0x0000000083df8e00, 0x0000000083e00000| 97%| O|  |TAMS 0x0000000083df8e00, 0x0000000083d00000| Untracked 
|  62|0x0000000083e00000, 0x0000000083e00000, 0x0000000083f00000|  0%| F|  |TAMS 0x0000000083e00000, 0x0000000083e00000| Untracked 
|  63|0x0000000083f00000, 0x0000000083f00000, 0x0000000084000000|  0%| F|  |TAMS 0x0000000083f00000, 0x0000000083f00000| Untracked 
|  64|0x0000000084000000, 0x0000000084000000, 0x0000000084100000|  0%| F|  |TAMS 0x0000000084000000, 0x0000000084000000| Untracked 
|  65|0x0000000084100000, 0x0000000084100000, 0x0000000084200000|  0%| F|  |TAMS 0x0000000084100000, 0x0000000084100000| Untracked 
|  66|0x0000000084200000, 0x0000000084200000, 0x0000000084300000|  0%| F|  |TAMS 0x0000000084200000, 0x0000000084200000| Untracked 
|  67|0x0000000084300000, 0x0000000084300000, 0x0000000084400000|  0%| F|  |TAMS 0x0000000084300000, 0x0000000084300000| Untracked 
|  68|0x0000000084400000, 0x0000000084400000, 0x0000000084500000|  0%| F|  |TAMS 0x0000000084400000, 0x0000000084400000| Untracked 
|  69|0x0000000084500000, 0x0000000084500000, 0x0000000084600000|  0%| F|  |TAMS 0x0000000084500000, 0x0000000084500000| Untracked 
|  70|0x0000000084600000, 0x0000000084600000, 0x0000000084700000|  0%| F|  |TAMS 0x0000000084600000, 0x0000000084600000| Untracked 
|  71|0x0000000084700000, 0x0000000084700000, 0x0000000084800000|  0%| F|  |TAMS 0x0000000084700000, 0x0000000084700000| Untracked 
|  72|0x0000000084800000, 0x0000000084800000, 0x0000000084900000|  0%| F|  |TAMS 0x0000000084800000, 0x0000000084800000| Untracked 
|  73|0x0000000084900000, 0x0000000084900000, 0x0000000084a00000|  0%| F|  |TAMS 0x0000000084900000, 0x0000000084900000| Untracked 
|  74|0x0000000084a00000, 0x0000000084a00000, 0x0000000084b00000|  0%| F|  |TAMS 0x0000000084a00000, 0x0000000084a00000| Untracked 
|  75|0x0000000084b00000, 0x0000000084b00000, 0x0000000084c00000|  0%| F|  |TAMS 0x0000000084b00000, 0x0000000084b00000| Untracked 
|  76|0x0000000084c00000, 0x0000000084c00000, 0x0000000084d00000|  0%| F|  |TAMS 0x0000000084c00000, 0x0000000084c00000| Untracked 
|  77|0x0000000084d00000, 0x0000000084d00000, 0x0000000084e00000|  0%| F|  |TAMS 0x0000000084d00000, 0x0000000084d00000| Untracked 
|  78|0x0000000084e00000, 0x0000000084e00000, 0x0000000084f00000|  0%| F|  |TAMS 0x0000000084e00000, 0x0000000084e00000| Untracked 
|  79|0x0000000084f00000, 0x0000000084f00000, 0x0000000085000000|  0%| F|  |TAMS 0x0000000084f00000, 0x0000000084f00000| Untracked 
|  80|0x0000000085000000, 0x0000000085000000, 0x0000000085100000|  0%| F|  |TAMS 0x0000000085000000, 0x0000000085000000| Untracked 
|  81|0x0000000085100000, 0x0000000085100000, 0x0000000085200000|  0%| F|  |TAMS 0x0000000085100000, 0x0000000085100000| Untracked 
|  82|0x0000000085200000, 0x00000000852884f0, 0x0000000085300000| 53%| S|CS|TAMS 0x0000000085200000, 0x0000000085200000| Complete 
|  83|0x0000000085300000, 0x0000000085400000, 0x0000000085400000|100%| S|CS|TAMS 0x0000000085300000, 0x0000000085300000| Complete 
|  84|0x0000000085400000, 0x0000000085500000, 0x0000000085500000|100%| S|CS|TAMS 0x0000000085400000, 0x0000000085400000| Complete 
|  85|0x0000000085500000, 0x0000000085500000, 0x0000000085600000|  0%| F|  |TAMS 0x0000000085500000, 0x0000000085500000| Untracked 
|  86|0x0000000085600000, 0x0000000085600000, 0x0000000085700000|  0%| F|  |TAMS 0x0000000085600000, 0x0000000085600000| Untracked 
|  87|0x0000000085700000, 0x0000000085700000, 0x0000000085800000|  0%| F|  |TAMS 0x0000000085700000, 0x0000000085700000| Untracked 
|  88|0x0000000085800000, 0x0000000085800000, 0x0000000085900000|  0%| F|  |TAMS 0x0000000085800000, 0x0000000085800000| Untracked 
|  89|0x0000000085900000, 0x0000000085900000, 0x0000000085a00000|  0%| F|  |TAMS 0x0000000085900000, 0x0000000085900000| Untracked 
|  90|0x0000000085a00000, 0x0000000085a00000, 0x0000000085b00000|  0%| F|  |TAMS 0x0000000085a00000, 0x0000000085a00000| Untracked 
|  91|0x0000000085b00000, 0x0000000085b00000, 0x0000000085c00000|  0%| F|  |TAMS 0x0000000085b00000, 0x0000000085b00000| Untracked 
|  92|0x0000000085c00000, 0x0000000085c00000, 0x0000000085d00000|  0%| F|  |TAMS 0x0000000085c00000, 0x0000000085c00000| Untracked 
|  93|0x0000000085d00000, 0x0000000085d00000, 0x0000000085e00000|  0%| F|  |TAMS 0x0000000085d00000, 0x0000000085d00000| Untracked 
|  94|0x0000000085e00000, 0x0000000085e00000, 0x0000000085f00000|  0%| F|  |TAMS 0x0000000085e00000, 0x0000000085e00000| Untracked 
|  95|0x0000000085f00000, 0x0000000085f00000, 0x0000000086000000|  0%| F|  |TAMS 0x0000000085f00000, 0x0000000085f00000| Untracked 
|  96|0x0000000086000000, 0x0000000086000000, 0x0000000086100000|  0%| F|  |TAMS 0x0000000086000000, 0x0000000086000000| Untracked 
|  97|0x0000000086100000, 0x0000000086100000, 0x0000000086200000|  0%| F|  |TAMS 0x0000000086100000, 0x0000000086100000| Untracked 
|  98|0x0000000086200000, 0x0000000086200000, 0x0000000086300000|  0%| F|  |TAMS 0x0000000086200000, 0x0000000086200000| Untracked 
|  99|0x0000000086300000, 0x0000000086300000, 0x0000000086400000|  0%| F|  |TAMS 0x0000000086300000, 0x0000000086300000| Untracked 
| 100|0x0000000086400000, 0x00000000864d3048, 0x0000000086500000| 82%| E|  |TAMS 0x0000000086400000, 0x0000000086400000| Complete 
| 101|0x0000000086500000, 0x0000000086600000, 0x0000000086600000|100%| E|CS|TAMS 0x0000000086500000, 0x0000000086500000| Complete 
| 102|0x0000000086600000, 0x0000000086700000, 0x0000000086700000|100%| E|CS|TAMS 0x0000000086600000, 0x0000000086600000| Complete 
| 103|0x0000000086700000, 0x0000000086800000, 0x0000000086800000|100%| E|CS|TAMS 0x0000000086700000, 0x0000000086700000| Complete 
| 104|0x0000000086800000, 0x0000000086900000, 0x0000000086900000|100%| E|CS|TAMS 0x0000000086800000, 0x0000000086800000| Complete 
| 105|0x0000000086900000, 0x0000000086a00000, 0x0000000086a00000|100%| E|CS|TAMS 0x0000000086900000, 0x0000000086900000| Complete 
| 106|0x0000000086a00000, 0x0000000086b00000, 0x0000000086b00000|100%| E|CS|TAMS 0x0000000086a00000, 0x0000000086a00000| Complete 
| 107|0x0000000086b00000, 0x0000000086c00000, 0x0000000086c00000|100%| E|CS|TAMS 0x0000000086b00000, 0x0000000086b00000| Complete 

Card table byte_map: [0x0000015d3d100000,0x0000015d3d500000] _byte_map_base: 0x0000015d3cd00000

Marking Bits (Prev, Next): (CMBitMap*) 0x0000015d284afc10, (CMBitMap*) 0x0000015d284afbd8
 Prev Bits: [0x0000015d3f900000, 0x0000015d41900000)
 Next Bits: [0x0000015d3d900000, 0x0000015d3f900000)

Polling page: 0x0000015d2d6a0000

Metaspace:

Usage:
  Non-class:     62.86 MB capacity,    61.94 MB ( 99%) used,   774.53 KB (  1%) free+waste,   176.56 KB ( <1%) overhead. 
      Class:      9.75 MB capacity,     9.16 MB ( 94%) used,   520.33 KB (  5%) free+waste,    81.81 KB ( <1%) overhead. 
       Both:     72.62 MB capacity,    71.10 MB ( 98%) used,     1.26 MB (  2%) free+waste,   258.38 KB ( <1%) overhead. 

Virtual space:
  Non-class space:       64.00 MB reserved,      62.92 MB ( 98%) committed 
      Class space:        1.00 GB reserved,       9.88 MB ( <1%) committed 
             Both:        1.06 GB reserved,      72.80 MB (  7%) committed 

Chunk freelists:
   Non-Class:  59.00 KB
       Class:  29.00 KB
        Both:  88.00 KB

MaxMetaspaceSize: 17179869184.00 GB
CompressedClassSpaceSize: 1.00 GB

CodeHeap 'non-profiled nmethods': size=120064Kb used=4376Kb max_used=4376Kb free=115688Kb
 bounds [0x0000015d35180000, 0x0000015d355d0000, 0x0000015d3c6c0000]
CodeHeap 'profiled nmethods': size=120000Kb used=15596Kb max_used=15596Kb free=104403Kb
 bounds [0x0000015d2dc50000, 0x0000015d2eb90000, 0x0000015d35180000]
CodeHeap 'non-nmethods': size=5696Kb used=2259Kb max_used=2314Kb free=3436Kb
 bounds [0x0000015d2d6c0000, 0x0000015d2d930000, 0x0000015d2dc50000]
 total_blobs=8118 nmethods=7256 adapters=774
 compilation: enabled
              stopped_count=0, restarted_count=0
 full_count=0

Compilation events (20 events):
Event: 61.391 Thread 0x0000015d43f79800 7316       3       org.codehaus.groovy.reflection.ClassInfo$LazyCachedClassRef::initValue (21 bytes)
Event: 61.392 Thread 0x0000015d43f79800 nmethod 7316 0x0000015d2eb7d910 code [0x0000015d2eb7db00, 0x0000015d2eb7de58]
Event: 61.392 Thread 0x0000015d43f79800 7317       3       org.codehaus.groovy.reflection.ClassInfo::access$300 (6 bytes)
Event: 61.393 Thread 0x0000015d43f79800 nmethod 7317 0x0000015d2eb7df90 code [0x0000015d2eb7e140, 0x0000015d2eb7e248]
Event: 61.393 Thread 0x0000015d43f79800 7318       3       org.codehaus.groovy.reflection.CachedClass$3::initValue (5 bytes)
Event: 61.393 Thread 0x0000015d43f79800 nmethod 7318 0x0000015d2eb7e310 code [0x0000015d2eb7e4c0, 0x0000015d2eb7e608]
Event: 61.393 Thread 0x0000015d43f79800 7319       3       org.codehaus.groovy.reflection.CachedClass$3$$Lambda$230/0x0000000100425840::run (8 bytes)
Event: 61.394 Thread 0x0000015d43f79800 nmethod 7319 0x0000015d2eb7e690 code [0x0000015d2eb7e840, 0x0000015d2eb7e968]
Event: 61.394 Thread 0x0000015d43f79800 7320   !   3       org.codehaus.groovy.reflection.CachedClass$3::lambda$initValue$4 (63 bytes)
Event: 61.396 Thread 0x0000015d43f74000 nmethod 7313 0x0000015d355c5190 code [0x0000015d355c5360, 0x0000015d355c5688]
Event: 61.396 Thread 0x0000015d43f74000 7314       4       org.objectweb.asm.Type::getType (122 bytes)
Event: 61.400 Thread 0x0000015d43f79800 nmethod 7320 0x0000015d2eb7ea90 code [0x0000015d2eb7eea0, 0x0000015d2eb80ab8]
Event: 61.449 Thread 0x0000015d43f79800 7325       3       org.gradle.internal.metaobject.DynamicInvokeResult::isFound (16 bytes)
Event: 61.449 Thread 0x0000015d43f79800 nmethod 7325 0x0000015d2eb81610 code [0x0000015d2eb817c0, 0x0000015d2eb81938]
Event: 61.504 Thread 0x0000015d43f79800 7326       1       com.android.build.gradle.internal.services.ProjectServices::getIssueReporter (5 bytes)
Event: 61.505 Thread 0x0000015d43f79800 nmethod 7326 0x0000015d355c5a10 code [0x0000015d355c5bc0, 0x0000015d355c5c78]
Event: 61.505 Thread 0x0000015d43f79800 7327       3       org.gradle.api.internal.artifacts.configurations.DefaultConfiguration_Decorated::setCanBeConsumed (12 bytes)
Event: 61.506 Thread 0x0000015d43f79800 nmethod 7327 0x0000015d2eb81a10 code [0x0000015d2eb81c00, 0x0000015d2eb81f78]
Event: 61.506 Thread 0x0000015d43f79800 7328       3       org.gradle.api.internal.artifacts.configurations.DefaultConfiguration::setCanBeConsumed (13 bytes)
Event: 61.507 Thread 0x0000015d43f79800 nmethod 7328 0x0000015d2eb82110 code [0x0000015d2eb822e0, 0x0000015d2eb825d8]

GC Heap History (20 events):
Event: 48.020 GC heap before
{Heap before GC invocations=50 (full 0):
 garbage-first heap   total 76800K, used 65356K [0x0000000080000000, 0x0000000100000000)
  region size 1024K, 9 young (9216K), 1 survivors (1024K)
 Metaspace       used 63810K, capacity 65174K, committed 65456K, reserved 1105920K
  class space    used 8067K, capacity 8599K, committed 8704K, reserved 1048576K
}
Event: 48.026 GC heap after
{Heap after GC invocations=51 (full 0):
 garbage-first heap   total 76800K, used 57661K [0x0000000080000000, 0x0000000100000000)
  region size 1024K, 2 young (2048K), 2 survivors (2048K)
 Metaspace       used 63810K, capacity 65174K, committed 65456K, reserved 1105920K
  class space    used 8067K, capacity 8599K, committed 8704K, reserved 1048576K
}
Event: 48.036 GC heap before
{Heap before GC invocations=51 (full 0):
 garbage-first heap   total 76800K, used 57661K [0x0000000080000000, 0x0000000100000000)
  region size 1024K, 3 young (3072K), 2 survivors (2048K)
 Metaspace       used 63813K, capacity 65174K, committed 65456K, reserved 1105920K
  class space    used 8067K, capacity 8599K, committed 8704K, reserved 1048576K
}
Event: 48.043 GC heap after
{Heap after GC invocations=52 (full 0):
 garbage-first heap   total 76800K, used 57921K [0x0000000080000000, 0x0000000100000000)
  region size 1024K, 2 young (2048K), 2 survivors (2048K)
 Metaspace       used 63813K, capacity 65174K, committed 65456K, reserved 1105920K
  class space    used 8067K, capacity 8599K, committed 8704K, reserved 1048576K
}
Event: 48.417 GC heap before
{Heap before GC invocations=53 (full 0):
 garbage-first heap   total 76800K, used 65089K [0x0000000080000000, 0x0000000100000000)
  region size 1024K, 8 young (8192K), 2 survivors (2048K)
 Metaspace       used 64286K, capacity 65710K, committed 65968K, reserved 1105920K
  class space    used 8121K, capacity 8667K, committed 8704K, reserved 1048576K
}
Event: 48.426 GC heap after
{Heap after GC invocations=54 (full 0):
 garbage-first heap   total 92160K, used 58848K [0x0000000080000000, 0x0000000100000000)
  region size 1024K, 1 young (1024K), 1 survivors (1024K)
 Metaspace       used 64286K, capacity 65710K, committed 65968K, reserved 1105920K
  class space    used 8121K, capacity 8667K, committed 8704K, reserved 1048576K
}
Event: 50.645 GC heap before
{Heap before GC invocations=54 (full 0):
 garbage-first heap   total 92160K, used 72160K [0x0000000080000000, 0x0000000100000000)
  region size 1024K, 14 young (14336K), 1 survivors (1024K)
 Metaspace       used 65753K, capacity 67204K, committed 67504K, reserved 1107968K
  class space    used 8320K, capacity 8887K, committed 8960K, reserved 1048576K
}
Event: 50.652 GC heap after
{Heap after GC invocations=55 (full 0):
 garbage-first heap   total 92160K, used 58845K [0x0000000080000000, 0x0000000100000000)
  region size 1024K, 1 young (1024K), 1 survivors (1024K)
 Metaspace       used 65753K, capacity 67204K, committed 67504K, reserved 1107968K
  class space    used 8320K, capacity 8887K, committed 8960K, reserved 1048576K
}
Event: 51.945 GC heap before
{Heap before GC invocations=56 (full 0):
 garbage-first heap   total 92160K, used 73181K [0x0000000080000000, 0x0000000100000000)
  region size 1024K, 15 young (15360K), 1 survivors (1024K)
 Metaspace       used 66712K, capacity 68184K, committed 68400K, reserved 1107968K
  class space    used 8429K, capacity 9018K, committed 9088K, reserved 1048576K
}
Event: 51.955 GC heap after
{Heap after GC invocations=57 (full 0):
 garbage-first heap   total 92160K, used 59612K [0x0000000080000000, 0x0000000100000000)
  region size 1024K, 2 young (2048K), 2 survivors (2048K)
 Metaspace       used 66712K, capacity 68184K, committed 68400K, reserved 1107968K
  class space    used 8429K, capacity 9018K, committed 9088K, reserved 1048576K
}
Event: 53.921 GC heap before
{Heap before GC invocations=57 (full 0):
 garbage-first heap   total 92160K, used 73948K [0x0000000080000000, 0x0000000100000000)
  region size 1024K, 16 young (16384K), 2 survivors (2048K)
 Metaspace       used 67078K, capacity 68497K, committed 68656K, reserved 1110016K
  class space    used 8486K, capacity 9056K, committed 9088K, reserved 1048576K
}
Event: 53.936 GC heap after
{Heap after GC invocations=58 (full 0):
 garbage-first heap   total 92160K, used 60979K [0x0000000080000000, 0x0000000100000000)
  region size 1024K, 2 young (2048K), 2 survivors (2048K)
 Metaspace       used 67078K, capacity 68497K, committed 68656K, reserved 1110016K
  class space    used 8486K, capacity 9056K, committed 9088K, reserved 1048576K
}
Event: 54.638 GC heap before
{Heap before GC invocations=59 (full 0):
 garbage-first heap   total 92160K, used 74291K [0x0000000080000000, 0x0000000100000000)
  region size 1024K, 15 young (15360K), 2 survivors (2048K)
 Metaspace       used 67109K, capacity 68595K, committed 68784K, reserved 1110016K
  class space    used 8491K, capacity 9090K, committed 9216K, reserved 1048576K
}
Event: 54.652 GC heap after
{Heap after GC invocations=60 (full 0):
 garbage-first heap   total 92160K, used 62111K [0x0000000080000000, 0x0000000100000000)
  region size 1024K, 2 young (2048K), 2 survivors (2048K)
 Metaspace       used 67109K, capacity 68595K, committed 68784K, reserved 1110016K
  class space    used 8491K, capacity 9090K, committed 9216K, reserved 1048576K
}
Event: 55.470 GC heap before
{Heap before GC invocations=60 (full 0):
 garbage-first heap   total 92160K, used 75423K [0x0000000080000000, 0x0000000100000000)
  region size 1024K, 15 young (15360K), 2 survivors (2048K)
 Metaspace       used 67309K, capacity 68851K, committed 69040K, reserved 1110016K
  class space    used 8500K, capacity 9090K, committed 9216K, reserved 1048576K
}
Event: 55.480 GC heap after
{Heap after GC invocations=61 (full 0):
 garbage-first heap   total 110592K, used 63376K [0x0000000080000000, 0x0000000100000000)
  region size 1024K, 2 young (2048K), 2 survivors (2048K)
 Metaspace       used 67309K, capacity 68851K, committed 69040K, reserved 1110016K
  class space    used 8500K, capacity 9090K, committed 9216K, reserved 1048576K
}
Event: 58.370 GC heap before
{Heap before GC invocations=62 (full 0):
 garbage-first heap   total 110592K, used 83856K [0x0000000080000000, 0x0000000100000000)
  region size 1024K, 22 young (22528K), 2 survivors (2048K)
 Metaspace       used 69636K, capacity 71174K, committed 71472K, reserved 1112064K
  class space    used 8855K, capacity 9482K, committed 9600K, reserved 1048576K
}
Event: 58.383 GC heap after
{Heap after GC invocations=63 (full 0):
 garbage-first heap   total 110592K, used 64722K [0x0000000080000000, 0x0000000100000000)
  region size 1024K, 3 young (3072K), 3 survivors (3072K)
 Metaspace       used 69636K, capacity 71174K, committed 71472K, reserved 1112064K
  class space    used 8855K, capacity 9482K, committed 9600K, reserved 1048576K
}
Event: 60.770 GC heap before
{Heap before GC invocations=63 (full 0):
 garbage-first heap   total 110592K, used 85202K [0x0000000080000000, 0x0000000100000000)
  region size 1024K, 23 young (23552K), 3 survivors (3072K)
 Metaspace       used 72195K, capacity 73710K, committed 73904K, reserved 1114112K
  class space    used 9305K, capacity 9921K, committed 9984K, reserved 1048576K
}
Event: 60.786 GC heap after
{Heap after GC invocations=64 (full 0):
 garbage-first heap   total 110592K, used 66052K [0x0000000080000000, 0x0000000100000000)
  region size 1024K, 3 young (3072K), 3 survivors (3072K)
 Metaspace       used 72195K, capacity 73710K, committed 73904K, reserved 1114112K
  class space    used 9305K, capacity 9921K, committed 9984K, reserved 1048576K
}

Deoptimization events (20 events):
Event: 60.538 Thread 0x0000015d46e1f000 Uncommon trap: trap_request=0xffffffd6 fr.pc=0x0000015d355b7924 relative=0x0000000000000344
Event: 60.538 Thread 0x0000015d46e1f000 Uncommon trap: reason=array_check action=maybe_recompile pc=0x0000015d355b7924 method=java.util.AbstractCollection.toArray([Ljava/lang/Object;)[Ljava/lang/Object; @ 116 c2
Event: 60.538 Thread 0x0000015d46e1f000 DEOPT PACKING pc=0x0000015d355b7924 sp=0x00000001d86f9110
Event: 60.538 Thread 0x0000015d46e1f000 DEOPT UNPACKING pc=0x0000015d2d6e62a9 sp=0x00000001d86f90b0 mode 2
Event: 60.540 Thread 0x0000015d46e1f000 Uncommon trap: trap_request=0xffffffd6 fr.pc=0x0000015d355b7924 relative=0x0000000000000344
Event: 60.540 Thread 0x0000015d46e1f000 Uncommon trap: reason=array_check action=maybe_recompile pc=0x0000015d355b7924 method=java.util.AbstractCollection.toArray([Ljava/lang/Object;)[Ljava/lang/Object; @ 116 c2
Event: 60.540 Thread 0x0000015d46e1f000 DEOPT PACKING pc=0x0000015d355b7924 sp=0x00000001d86f8f20
Event: 60.542 Thread 0x0000015d46e1f000 DEOPT UNPACKING pc=0x0000015d2d6e62a9 sp=0x00000001d86f8ec0 mode 2
Event: 60.559 Thread 0x0000015d46e1f000 Uncommon trap: trap_request=0xffffffd6 fr.pc=0x0000015d355b7924 relative=0x0000000000000344
Event: 60.559 Thread 0x0000015d46e1f000 Uncommon trap: reason=array_check action=maybe_recompile pc=0x0000015d355b7924 method=java.util.AbstractCollection.toArray([Ljava/lang/Object;)[Ljava/lang/Object; @ 116 c2
Event: 60.559 Thread 0x0000015d46e1f000 DEOPT PACKING pc=0x0000015d355b7924 sp=0x00000001d86f87f0
Event: 60.559 Thread 0x0000015d46e1f000 DEOPT UNPACKING pc=0x0000015d2d6e62a9 sp=0x00000001d86f8790 mode 2
Event: 60.560 Thread 0x0000015d46e1f000 Uncommon trap: trap_request=0xffffffd6 fr.pc=0x0000015d355b7924 relative=0x0000000000000344
Event: 60.560 Thread 0x0000015d46e1f000 Uncommon trap: reason=array_check action=maybe_recompile pc=0x0000015d355b7924 method=java.util.AbstractCollection.toArray([Ljava/lang/Object;)[Ljava/lang/Object; @ 116 c2
Event: 60.560 Thread 0x0000015d46e1f000 DEOPT PACKING pc=0x0000015d355b7924 sp=0x00000001d86f8bb0
Event: 60.560 Thread 0x0000015d46e1f000 DEOPT UNPACKING pc=0x0000015d2d6e62a9 sp=0x00000001d86f8b50 mode 2
Event: 60.729 Thread 0x0000015d46e1f000 Uncommon trap: trap_request=0xffffffde fr.pc=0x0000015d354f7fe8 relative=0x0000000000000ec8
Event: 60.729 Thread 0x0000015d46e1f000 Uncommon trap: reason=class_check action=maybe_recompile pc=0x0000015d354f7fe8 method=org.gradle.internal.instantiation.generator.AbstractClassGenerator$InjectionAnnotationValidator.validateMethod(Ljava/lang/reflect/Method;Lorg/gradle/internal/reflect/Pro
Event: 60.729 Thread 0x0000015d46e1f000 DEOPT PACKING pc=0x0000015d354f7fe8 sp=0x00000001d86f8c50
Event: 60.729 Thread 0x0000015d46e1f000 DEOPT UNPACKING pc=0x0000015d2d6e62a9 sp=0x00000001d86f8c08 mode 2

Classes redefined (0 events):
No events

Internal exceptions (20 events):
Event: 55.263 Thread 0x0000015d46e1f000 Exception <a 'java/lang/ClassNotFoundException'{0x00000000851e2850}: com/android/build/gradle/internal/CompileOptions$AgpDecoratedBeanInfo> (0x00000000851e2850) thrown at [./src/hotspot/share/classfile/systemDictionary.cpp, line 231]
Event: 55.266 Thread 0x0000015d46e1f000 Exception <a 'java/lang/ClassNotFoundException'{0x00000000851fda48}: com/android/build/gradle/internal/CompileOptionsBeanInfo> (0x00000000851fda48) thrown at [./src/hotspot/share/classfile/systemDictionary.cpp, line 231]
Event: 55.269 Thread 0x0000015d46e1f000 Exception <a 'java/lang/ClassNotFoundException'{0x0000000085019660}: com/android/build/gradle/internal/CompileOptionsCustomizer> (0x0000000085019660) thrown at [./src/hotspot/share/classfile/systemDictionary.cpp, line 231]
Event: 55.279 Thread 0x0000015d46e1f000 Exception <a 'java/lang/ClassNotFoundException'{0x0000000085043098}: com/android/build/gradle/internal/CompileOptions$AgpDecoratedCustomizer> (0x0000000085043098) thrown at [./src/hotspot/share/classfile/systemDictionary.cpp, line 231]
Event: 55.285 Thread 0x0000015d46e1f000 Exception <a 'java/lang/ClassNotFoundException'{0x0000000085070b58}: com/android/build/gradle/internal/CompileOptions$AgpDecorated_DecoratedCustomizer> (0x0000000085070b58) thrown at [./src/hotspot/share/classfile/systemDictionary.cpp, line 231]
Event: 55.412 Thread 0x0000015d46e1f000 Exception <a 'java/lang/ClassNotFoundException'{0x0000000084fca5d0}: org/jetbrains/kotlin/gradle/dsl/KotlinJvmOptionsImplBeanInfo> (0x0000000084fca5d0) thrown at [./src/hotspot/share/classfile/systemDictionary.cpp, line 231]
Event: 55.416 Thread 0x0000015d46e1f000 Exception <a 'java/lang/ClassNotFoundException'{0x0000000084fe6590}: org/jetbrains/kotlin/gradle/dsl/KotlinJvmOptionsBaseBeanInfo> (0x0000000084fe6590) thrown at [./src/hotspot/share/classfile/systemDictionary.cpp, line 231]
Event: 55.419 Thread 0x0000015d46e1f000 Exception <a 'java/lang/ClassNotFoundException'{0x0000000084e029f0}: org/jetbrains/kotlin/gradle/dsl/KotlinJvmOptionsBaseCustomizer> (0x0000000084e029f0) thrown at [./src/hotspot/share/classfile/systemDictionary.cpp, line 231]
Event: 55.424 Thread 0x0000015d46e1f000 Exception <a 'java/lang/ClassNotFoundException'{0x0000000084e38a50}: org/jetbrains/kotlin/gradle/dsl/KotlinJvmOptionsImplCustomizer> (0x0000000084e38a50) thrown at [./src/hotspot/share/classfile/systemDictionary.cpp, line 231]
Event: 55.447 Thread 0x0000015d46e1f000 Exception <a 'java/lang/ClassNotFoundException'{0x0000000084edcd38}: org/gradle/api/internal/artifacts/dsl/dependencies/DefaultDependencyHandler_DecoratedBeanInfo> (0x0000000084edcd38) thrown at [./src/hotspot/share/classfile/systemDictionary.cpp, line 231]
Event: 55.452 Thread 0x0000015d46e1f000 Exception <a 'java/lang/ClassNotFoundException'{0x0000000084d26db8}: org/gradle/api/internal/artifacts/dsl/dependencies/DefaultDependencyHandlerBeanInfo> (0x0000000084d26db8) thrown at [./src/hotspot/share/classfile/systemDictionary.cpp, line 231]
Event: 55.457 Thread 0x0000015d46e1f000 Exception <a 'java/lang/ClassNotFoundException'{0x0000000084d70838}: org/gradle/api/internal/artifacts/dsl/dependencies/DefaultDependencyHandlerCustomizer> (0x0000000084d70838) thrown at [./src/hotspot/share/classfile/systemDictionary.cpp, line 231]
Event: 55.468 Thread 0x0000015d46e1f000 Exception <a 'java/lang/ClassNotFoundException'{0x0000000084de3d90}: org/gradle/api/internal/artifacts/dsl/dependencies/DefaultDependencyHandler_DecoratedCustomizer> (0x0000000084de3d90) thrown at [./src/hotspot/share/classfile/systemDictionary.cpp, line 231]
Event: 56.368 Thread 0x0000015d46e1f000 Implicit null exception at 0x0000015d354e417f to 0x0000015d354e4d8c
Event: 61.402 Thread 0x0000015d46e1f000 Exception <a 'java/lang/ClassNotFoundException'{0x0000000086717c98}: com/android/build/gradle/internal/api/ApkVariantOutputImpl_DecoratedBeanInfo> (0x0000000086717c98) thrown at [./src/hotspot/share/classfile/systemDictionary.cpp, line 231]
Event: 61.421 Thread 0x0000015d46e1f000 Exception <a 'java/lang/ClassNotFoundException'{0x00000000867335f8}: com/android/build/gradle/internal/api/ApkVariantOutputImplBeanInfo> (0x00000000867335f8) thrown at [./src/hotspot/share/classfile/systemDictionary.cpp, line 231]
Event: 61.423 Thread 0x0000015d46e1f000 Exception <a 'java/lang/ClassNotFoundException'{0x000000008674f848}: com/android/build/gradle/internal/api/BaseVariantOutputImplBeanInfo> (0x000000008674f848) thrown at [./src/hotspot/share/classfile/systemDictionary.cpp, line 231]
Event: 61.425 Thread 0x0000015d46e1f000 Exception <a 'java/lang/ClassNotFoundException'{0x000000008676bd98}: com/android/build/gradle/internal/api/BaseVariantOutputImplCustomizer> (0x000000008676bd98) thrown at [./src/hotspot/share/classfile/systemDictionary.cpp, line 231]
Event: 61.431 Thread 0x0000015d46e1f000 Exception <a 'java/lang/ClassNotFoundException'{0x000000008679a6e8}: com/android/build/gradle/internal/api/ApkVariantOutputImplCustomizer> (0x000000008679a6e8) thrown at [./src/hotspot/share/classfile/systemDictionary.cpp, line 231]
Event: 61.438 Thread 0x0000015d46e1f000 Exception <a 'java/lang/ClassNotFoundException'{0x00000000867c56c0}: com/android/build/gradle/internal/api/ApkVariantOutputImpl_DecoratedCustomizer> (0x00000000867c56c0) thrown at [./src/hotspot/share/classfile/systemDictionary.cpp, line 231]

Events (20 events):
Event: 61.484 loading class org/jetbrains/kotlin/gradle/plugin/AbstractKotlinTargetConfigurator$Companion
Event: 61.484 loading class org/jetbrains/kotlin/gradle/plugin/AbstractKotlinTargetConfigurator$Companion done
Event: 61.490 loading class org/jetbrains/kotlin/gradle/plugin/KotlinTarget$DefaultImpls
Event: 61.490 loading class org/jetbrains/kotlin/gradle/plugin/KotlinTarget$DefaultImpls done
Event: 61.492 loading class org/jetbrains/kotlin/gradle/internal/CompilerPluginUtilsKt
Event: 61.492 loading class org/jetbrains/kotlin/gradle/internal/CompilerPluginUtilsKt done
Event: 61.495 loading class org/jetbrains/kotlin/gradle/internal/CompilerPluginUtilsKt$reorderPluginClasspathDependencies$1
Event: 61.495 loading class org/jetbrains/kotlin/gradle/internal/CompilerPluginUtilsKt$reorderPluginClasspathDependencies$1 done
Event: 61.498 loading class org/jetbrains/kotlin/gradle/plugin/mpp/KotlinCompilationsKt
Event: 61.498 loading class org/jetbrains/kotlin/gradle/plugin/mpp/KotlinCompilationsKt done
Event: 61.504 loading class org/jetbrains/kotlin/gradle/plugin/ProjectLocalConfigurationsKt
Event: 61.504 loading class org/jetbrains/kotlin/gradle/plugin/ProjectLocalConfigurationsKt done
Event: 61.506 loading class org/jetbrains/kotlin/gradle/plugin/mpp/KotlinWithJavaTarget
Event: 61.506 loading class org/jetbrains/kotlin/gradle/plugin/mpp/KotlinWithJavaTarget done
Event: 61.508 loading class org/jetbrains/kotlin/gradle/targets/js/KotlinJsTarget
Event: 61.508 loading class org/jetbrains/kotlin/gradle/targets/js/KotlinJsTarget done
Event: 61.510 loading class org/jetbrains/kotlin/gradle/plugin/KotlinTargetWithTests
Event: 61.510 loading class org/jetbrains/kotlin/gradle/plugin/KotlinTargetWithTests done
Event: 61.511 loading class org/jetbrains/kotlin/gradle/targets/js/dsl/KotlinJsTargetDsl
Event: 61.511 loading class org/jetbrains/kotlin/gradle/targets/js/dsl/KotlinJsTargetDsl done


Dynamic libraries:
0x00007ff6cb810000 - 0x00007ff6cb81a000 	D:\Alondra\programs\Android Studio\jre\bin\java.exe
0x00007ffa15de0000 - 0x00007ffa15fa1000 	C:\Windows\SYSTEM32\ntdll.dll
0x00007ffa13f70000 - 0x00007ffa1401d000 	C:\Windows\system32\KERNEL32.DLL
0x00007ffa12490000 - 0x00007ffa12678000 	C:\Windows\system32\KERNELBASE.dll
0x00007ffa10bf0000 - 0x00007ffa10c69000 	C:\Windows\system32\apphelp.dll
0x00007ff9e9dd0000 - 0x00007ff9e9de9000 	D:\Alondra\programs\Android Studio\jre\bin\jli.dll
0x00007ff9e9db0000 - 0x00007ff9e9dc7000 	D:\Alondra\programs\Android Studio\jre\bin\VCRUNTIME140.dll
0x00007ffa11590000 - 0x00007ffa11684000 	C:\Windows\SYSTEM32\ucrtbase.dll
0x00007ffa13330000 - 0x00007ffa13486000 	C:\Windows\system32\USER32.dll
0x00007ffa140a0000 - 0x00007ffa14226000 	C:\Windows\system32\GDI32.dll
0x00007ff9f87e0000 - 0x00007ff9f8a54000 	C:\Windows\WinSxS\amd64_microsoft.windows.common-controls_6595b64144ccf1df_6.0.10586.0_none_8c15ae12515e1c22\COMCTL32.dll
0x00007ffa13490000 - 0x00007ffa1352d000 	C:\Windows\system32\msvcrt.dll
0x00007ffa13c20000 - 0x00007ffa13e9d000 	C:\Windows\system32\combase.dll
0x00007ffa14230000 - 0x00007ffa1434c000 	C:\Windows\system32\RPCRT4.dll
0x00007ffa12900000 - 0x00007ffa1296a000 	C:\Windows\system32\bcryptPrimitives.dll
0x00007ffa14400000 - 0x00007ffa1443b000 	C:\Windows\system32\IMM32.DLL
0x00007ff9e7fc0000 - 0x00007ff9e805d000 	D:\Alondra\programs\Android Studio\jre\bin\msvcp140.dll
0x00007ff9e4d50000 - 0x00007ff9e5825000 	D:\Alondra\programs\Android Studio\jre\bin\server\jvm.dll
0x00007ffa13660000 - 0x00007ffa13707000 	C:\Windows\system32\ADVAPI32.dll
0x00007ffa138b0000 - 0x00007ffa1390b000 	C:\Windows\system32\sechost.dll
0x00007ffa13890000 - 0x00007ffa13898000 	C:\Windows\system32\PSAPI.DLL
0x00007ffa01870000 - 0x00007ffa0187a000 	C:\Windows\SYSTEM32\VERSION.dll
0x00007ffa02bb0000 - 0x00007ffa02bb9000 	C:\Windows\SYSTEM32\WSOCK32.dll
0x00007ffa10570000 - 0x00007ffa10593000 	C:\Windows\SYSTEM32\WINMM.dll
0x00007ffa13ea0000 - 0x00007ffa13f0b000 	C:\Windows\system32\WS2_32.dll
0x0000015d28420000 - 0x0000015d2844c000 	C:\Windows\SYSTEM32\WINMMBASE.dll
0x00007ffa12b20000 - 0x00007ffa12b63000 	C:\Windows\system32\cfgmgr32.dll
0x00007ffa12410000 - 0x00007ffa1241f000 	C:\Windows\system32\kernel.appcore.dll
0x00007ff9ff330000 - 0x00007ff9ff341000 	D:\Alondra\programs\Android Studio\jre\bin\verify.dll
0x00007ffa0fcc0000 - 0x00007ffa0fe4c000 	C:\Windows\SYSTEM32\DBGHELP.DLL
0x00007ff9f64c0000 - 0x00007ff9f64e5000 	C:\Windows\SYSTEM32\dbgcore.DLL
0x00007ff9f76d0000 - 0x00007ff9f76f9000 	D:\Alondra\programs\Android Studio\jre\bin\java.dll
0x00007ffa014b0000 - 0x00007ffa014bb000 	D:\Alondra\programs\Android Studio\jre\bin\jimage.dll
0x00007ff9f8c60000 - 0x00007ff9f8c78000 	D:\Alondra\programs\Android Studio\jre\bin\zip.dll
0x00007ffa14440000 - 0x00007ffa1599f000 	C:\Windows\system32\SHELL32.dll
0x00007ffa12b90000 - 0x00007ffa131d4000 	C:\Windows\system32\windows.storage.dll
0x00007ffa14020000 - 0x00007ffa14072000 	C:\Windows\system32\shlwapi.dll
0x00007ffa12a60000 - 0x00007ffa12b15000 	C:\Windows\system32\shcore.dll
0x00007ffa12420000 - 0x00007ffa1246b000 	C:\Windows\system32\powrprof.dll
0x00007ffa12470000 - 0x00007ffa12484000 	C:\Windows\system32\profapi.dll
0x00007ff9f76b0000 - 0x00007ff9f76ca000 	D:\Alondra\programs\Android Studio\jre\bin\net.dll
0x00007ffa06c90000 - 0x00007ffa06d58000 	C:\Windows\SYSTEM32\WINHTTP.dll
0x00007ffa11cd0000 - 0x00007ffa11d2c000 	C:\Windows\system32\mswsock.dll
0x00007ff9f6220000 - 0x00007ff9f6234000 	D:\Alondra\programs\Android Studio\jre\bin\nio.dll
0x00007ffa014c0000 - 0x00007ffa014e7000 	D:\Alondra\AndroidStudioProjects\native\e1d6ef7f7dcc3fd88c89a11ec53ec762bb8ba0a96d01ffa2cd45eb1d1d8dd5c5\windows-amd64\native-platform.dll
0x00007ffa01480000 - 0x00007ffa0148a000 	D:\Alondra\programs\Android Studio\jre\bin\management.dll
0x00007ffa00600000 - 0x00007ffa0060d000 	D:\Alondra\programs\Android Studio\jre\bin\management_ext.dll
0x00007ffa11d80000 - 0x00007ffa11d97000 	C:\Windows\SYSTEM32\CRYPTSP.dll
0x00007ffa11a10000 - 0x00007ffa11a44000 	C:\Windows\system32\rsaenh.dll
0x00007ffa12330000 - 0x00007ffa12359000 	C:\Windows\SYSTEM32\bcrypt.dll
0x00007ffa11b60000 - 0x00007ffa11b7f000 	C:\Windows\SYSTEM32\USERENV.dll
0x00007ffa11ea0000 - 0x00007ffa11eab000 	C:\Windows\SYSTEM32\CRYPTBASE.dll
0x00007ffa05920000 - 0x00007ffa05958000 	C:\Windows\SYSTEM32\IPHLPAPI.DLL
0x00007ffa138a0000 - 0x00007ffa138a8000 	C:\Windows\system32\NSI.dll
0x00007ffa04e10000 - 0x00007ffa04e26000 	C:\Windows\SYSTEM32\dhcpcsvc6.DLL
0x00007ffa04df0000 - 0x00007ffa04e0a000 	C:\Windows\SYSTEM32\dhcpcsvc.DLL

dbghelp: loaded successfully - version: 4.0.5 - missing functions: none
symbol engine: initialized successfully - sym options: 0x614 - pdb path: .;D:\Alondra\programs\Android Studio\jre\bin;C:\Windows\SYSTEM32;C:\Windows\WinSxS\amd64_microsoft.windows.common-controls_6595b64144ccf1df_6.0.10586.0_none_8c15ae12515e1c22;D:\Alondra\programs\Android Studio\jre\bin\server;D:\Alondra\AndroidStudioProjects\native\e1d6ef7f7dcc3fd88c89a11ec53ec762bb8ba0a96d01ffa2cd45eb1d1d8dd5c5\windows-amd64

VM Arguments:
jvm_args: --add-opens=java.base/java.util=ALL-UNNAMED --add-opens=java.base/java.lang=ALL-UNNAMED --add-opens=java.base/java.lang.invoke=ALL-UNNAMED --add-opens=java.base/java.util=ALL-UNNAMED --add-opens=java.prefs/java.util.prefs=ALL-UNNAMED --add-opens=java.prefs/java.util.prefs=ALL-UNNAMED --add-opens=java.base/java.nio.charset=ALL-UNNAMED --add-opens=java.base/java.net=ALL-UNNAMED --add-opens=java.base/java.util.concurrent.atomic=ALL-UNNAMED -Xmx2048m -Dfile.encoding=UTF-8 -Duser.country=419 -Duser.language=es -Duser.variant 
java_command: org.gradle.launcher.daemon.bootstrap.GradleDaemon 7.2
java_class_path (initial): D:\Alondra\AndroidStudioProjects\wrapper\dists\gradle-7.2-bin\2dnblmf4td7x66yl1d74lt32g\gradle-7.2\lib\gradle-launcher-7.2.jar
Launcher Type: SUN_STANDARD

[Global flags]
     intx CICompilerCount                          = 3                                         {product} {ergonomic}
     uint ConcGCThreads                            = 1                                         {product} {ergonomic}
     uint G1ConcRefinementThreads                  = 4                                         {product} {ergonomic}
   size_t G1HeapRegionSize                         = 1048576                                   {product} {ergonomic}
    uintx GCDrainStackTargetSize                   = 64                                        {product} {ergonomic}
   size_t InitialHeapSize                          = 65011712                                  {product} {ergonomic}
   size_t MarkStackSize                            = 4194304                                   {product} {ergonomic}
   size_t MaxHeapSize                              = 2147483648                                {product} {command line}
   size_t MaxNewSize                               = 1287651328                                {product} {ergonomic}
   size_t MinHeapDeltaBytes                        = 1048576                                   {product} {ergonomic}
    uintx NonNMethodCodeHeapSize                   = 5830732                                {pd product} {ergonomic}
    uintx NonProfiledCodeHeapSize                  = 122913754                              {pd product} {ergonomic}
    uintx ProfiledCodeHeapSize                     = 122913754                              {pd product} {ergonomic}
    uintx ReservedCodeCacheSize                    = 251658240                              {pd product} {ergonomic}
     bool SegmentedCodeCache                       = true                                      {product} {ergonomic}
     bool UseCompressedClassPointers               = true                                 {lp64_product} {ergonomic}
     bool UseCompressedOops                        = true                                 {lp64_product} {ergonomic}
     bool UseG1GC                                  = true                                      {product} {ergonomic}
     bool UseLargePagesIndividualAllocation        = false                                  {pd product} {ergonomic}

Logging:
Log output configuration:
 #0: stdout all=warning uptime,level,tags
 #1: stderr all=off uptime,level,tags

Environment Variables:
JAVA_HOME=D:\Alondra\programs\java\jdk1.8.0_281
PATH=D:\Alondra\programs\python39\Scripts\;D:\Alondra\programs\python39\;C:\Python39\Scripts\;C:\Python39\;C:\Program Files (x86)\Common Files\Oracle\Java\javapath;C:\Windows\system32;C:\Windows;C:\Windows\System32\Wbem;C:\Windows\System32\WindowsPowerShell\v1.0\;C:\Users\Alondra\AppData\Local\Programs\Python\Python39;C:\Users\Alondra\AppData\Local\Programs\Python\Python39\Scripts;C:\Program Files\dotnet\;D:\Alondra\programs\Brackets\command;D:\Alondra\programs\java\jdk1.8.0_281\bin;D:\Alondra\programs\nodejs\;C:\ProgramData\chocolatey\bin;D:\Alondra\programs\Git\cmd;D:\Alondra\programs\PuTTY\;C:\Users\Alondra\AppData\Roaming\Python\Python39\Scripts;C:\Users\Alondra\AppData\Roaming\Python\Python39;D:\Alondra\programs\PostgreSQL\13\bin;D:\Alondra\7° SEMESTRE\4.Lenguajes y Automatas ll\javacc-javacc-7.0.10\scripts;D:\Alondra\7° SEMESTRE\4.Lenguajes y Automatas ll\javacc-javacc-7.0.10\bin;D:\Alondra\programs\XAMPP\php;D:\Alondra\programs\ComposerSetup;D:\Alondra\programs\Pyhon\Scripts\;D:\Alondra\programs\Pyhon\;D:\Alondra\programs\Microsoft VS Code\bin;D:\Alondra\descargas D\curl_7_53_1_openssl_nghttp2_x64;C:\Users\Alondra\.dotnet\tools;C:\Users\Alondra\AppData\Roaming\npm;D:\Alondra\programs\Nmap;C:\Users\Alondra\AppData\Roaming\Composer\vendor\bin
USERNAME=Alondra
OS=Windows_NT
PROCESSOR_IDENTIFIER=Intel64 Family 6 Model 92 Stepping 9, GenuineIntel



---------------  S Y S T E M  ---------------

OS: Windows 10 , 64 bit Build 10586 (10.0.10586.0)
OS uptime: 0 days 8:36 hours

CPU:total 4 (initial active 4) (4 cores per cpu, 1 threads per core) family 6 model 92 stepping 9 microcode 0x2a, cmov, cx8, fxsr, mmx, sse, sse2, sse3, ssse3, sse4.1, sse4.2, popcnt, aes, clmul, erms, 3dnowpref, tsc, tscinvbit, sha

Memory: 4k page, system-wide physical 3928M (401M free)
TotalPageFile size 5220M (AvailPageFile size 15M)
current process WorkingSet (physical memory assigned to process): 313M, peak: 326M
current process commit charge ("private bytes"): 342M, peak: 367M

vm_info: OpenJDK 64-Bit Server VM (11.0.11+9-b60-7590822) for windows-amd64 JRE (11.0.11+9-b60-7590822), built on Jul 29 2021 21:43:44 by "builder" with MS VC++ 14.0 (VS2015)

END.
