#
# There is insufficient memory for the Java Runtime Environment to continue.
# Native memory allocation (malloc) failed to allocate 1413136 bytes for Chunk::new
# Possible reasons:
#   The system is out of physical RAM or swap space
#   The process is running with CompressedOops enabled, and the Java Heap may be blocking the growth of the native heap
# Possible solutions:
#   Reduce memory load on the system
#   Increase physical memory or swap space
#   Check if swap backing store is full
#   Decrease Java heap size (-Xmx/-Xms)
#   Decrease number of Java threads
#   Decrease Java thread stack sizes (-Xss)
#   Set larger code cache with -XX:ReservedCodeCacheSize=
#   JVM is running with Unscaled Compressed Oops mode in which the Java heap is
#     placed in the first 4GB address space. The Java Heap base address is the
#     maximum limit for the native heap growth. Please use -XX:HeapBaseMinAddress
#     to set the Java Heap base and to place the Java Heap above 4GB virtual address.
# This output file may be truncated or incomplete.
#
#  Out of Memory Error (./src/hotspot/share/memory/arena.cpp:197), pid=8364, tid=7804
#
# JRE version: OpenJDK Runtime Environment (11.0.11+9) (build 11.0.11+9-b60-7590822)
# Java VM: OpenJDK 64-Bit Server VM (11.0.11+9-b60-7590822, mixed mode, tiered, compressed oops, g1 gc, windows-amd64)
# No core dump will be written. Minidumps are not enabled by default on client versions of Windows
#

---------------  S U M M A R Y ------------

Command Line: --add-opens=java.base/java.util=ALL-UNNAMED --add-opens=java.base/java.lang=ALL-UNNAMED --add-opens=java.base/java.lang.invoke=ALL-UNNAMED --add-opens=java.base/java.util=ALL-UNNAMED --add-opens=java.prefs/java.util.prefs=ALL-UNNAMED --add-opens=java.prefs/java.util.prefs=ALL-UNNAMED --add-opens=java.base/java.nio.charset=ALL-UNNAMED --add-opens=java.base/java.net=ALL-UNNAMED --add-opens=java.base/java.util.concurrent.atomic=ALL-UNNAMED -Xmx2048m -Dfile.encoding=UTF-8 -Duser.country=419 -Duser.language=es -Duser.variant org.gradle.launcher.daemon.bootstrap.GradleDaemon 7.2

Host: Intel(R) Pentium(R) CPU N4200 @ 1.10GHz, 4 cores, 3G,  Windows 10 , 64 bit Build 10586 (10.0.10586.0)
Time: Tue Apr  5 22:50:51 2022 Hora de verano central (México) elapsed time: 260.670704 seconds (0d 0h 4m 20s)

---------------  T H R E A D  ---------------

Current thread (0x0000021ba0117800):  JavaThread "C2 CompilerThread0" daemon [_thread_in_native, id=7804, stack(0x000000c55e000000,0x000000c55e100000)]


Current CompileTask:
C2: 260670 15460       4       org.gradle.internal.service.DefaultServiceRegistry$SingletonService::get (5 bytes)

Stack: [0x000000c55e000000,0x000000c55e100000]
Native frames: (J=compiled Java code, j=interpreted, Vv=VM code, C=native code)
V  [jvm.dll+0x5f214a]
V  [jvm.dll+0x726fb5]
V  [jvm.dll+0x7285cd]
V  [jvm.dll+0x728c83]
V  [jvm.dll+0x243278]
V  [jvm.dll+0xbc53c]
V  [jvm.dll+0xbca3c]
V  [jvm.dll+0x353e3b]
V  [jvm.dll+0x19875c]
V  [jvm.dll+0x1fc2ee]
V  [jvm.dll+0x1fb3d4]
V  [jvm.dll+0x183d6c]
V  [jvm.dll+0x209a57]
V  [jvm.dll+0x2082a1]
V  [jvm.dll+0x6ef58f]
V  [jvm.dll+0x6e80b5]
V  [jvm.dll+0x5f1036]
C  [ucrtbase.dll+0x6be1d]
C  [KERNEL32.DLL+0x18102]
C  [ntdll.dll+0x5c264]


---------------  P R O C E S S  ---------------

Threads class SMR info:
_java_thread_list=0x0000021ba69bec20, length=37, elements={
0x0000021b85bcc800, 0x0000021b9f795800, 0x0000021b9f797000, 0x0000021ba0110800,
0x0000021ba0113000, 0x0000021ba0114000, 0x0000021ba0117800, 0x0000021ba0119800,
0x0000021ba011c800, 0x0000021ba027c000, 0x0000021ba26d1000, 0x0000021ba1ca6800,
0x0000021ba1085000, 0x0000021ba0653000, 0x0000021ba0650000, 0x0000021ba0655000,
0x0000021ba0655800, 0x0000021ba2ad8800, 0x0000021ba2ada800, 0x0000021ba2ada000,
0x0000021ba2adc800, 0x0000021ba1a12800, 0x0000021ba1a14000, 0x0000021baab2f800,
0x0000021baab30800, 0x0000021baab2f000, 0x0000021baab2e000, 0x0000021baab33000,
0x0000021baab35800, 0x0000021baab32000, 0x0000021baab34000, 0x0000021baab37000,
0x0000021baab31800, 0x0000021baab3a800, 0x0000021baab34800, 0x0000021bad8dd800,
0x0000021baab38000
}

Java Threads: ( => current thread )
  0x0000021b85bcc800 JavaThread "main" [_thread_blocked, id=3256, stack(0x000000c55d400000,0x000000c55d500000)]
  0x0000021b9f795800 JavaThread "Reference Handler" daemon [_thread_blocked, id=8452, stack(0x000000c55db00000,0x000000c55dc00000)]
  0x0000021b9f797000 JavaThread "Finalizer" daemon [_thread_blocked, id=8036, stack(0x000000c55dc00000,0x000000c55dd00000)]
  0x0000021ba0110800 JavaThread "Signal Dispatcher" daemon [_thread_blocked, id=7200, stack(0x000000c55dd00000,0x000000c55de00000)]
  0x0000021ba0113000 JavaThread "Attach Listener" daemon [_thread_blocked, id=7908, stack(0x000000c55de00000,0x000000c55df00000)]
  0x0000021ba0114000 JavaThread "Service Thread" daemon [_thread_blocked, id=1912, stack(0x000000c55df00000,0x000000c55e000000)]
=>0x0000021ba0117800 JavaThread "C2 CompilerThread0" daemon [_thread_in_native, id=7804, stack(0x000000c55e000000,0x000000c55e100000)]
  0x0000021ba0119800 JavaThread "C1 CompilerThread0" daemon [_thread_blocked, id=6104, stack(0x000000c55e100000,0x000000c55e200000)]
  0x0000021ba011c800 JavaThread "Sweeper thread" daemon [_thread_blocked, id=6868, stack(0x000000c55e200000,0x000000c55e300000)]
  0x0000021ba027c000 JavaThread "Common-Cleaner" daemon [_thread_blocked, id=8472, stack(0x000000c55e300000,0x000000c55e400000)]
  0x0000021ba26d1000 JavaThread "Daemon health stats" [_thread_blocked, id=4640, stack(0x000000c55e900000,0x000000c55ea00000)]
  0x0000021ba1ca6800 JavaThread "Incoming local TCP Connector on port 9552" [_thread_in_native, id=6580, stack(0x000000c55ea00000,0x000000c55eb00000)]
  0x0000021ba1085000 JavaThread "Daemon periodic checks" [_thread_blocked, id=8724, stack(0x000000c55eb00000,0x000000c55ec00000)]
  0x0000021ba0653000 JavaThread "Cache worker for journal cache (D:\Alondra\AndroidStudioProjects\caches\journal-1)" [_thread_blocked, id=6548, stack(0x000000c55f500000,0x000000c55f600000)]
  0x0000021ba0650000 JavaThread "File lock request listener" [_thread_in_native, id=6664, stack(0x000000c55f600000,0x000000c55f700000)]
  0x0000021ba0655000 JavaThread "Cache worker for file hash cache (D:\Alondra\AndroidStudioProjects\caches\7.2\fileHashes)" [_thread_blocked, id=6620, stack(0x000000c55f700000,0x000000c55f800000)]
  0x0000021ba0655800 JavaThread "Cache worker for execution history cache (D:\Alondra\AndroidStudioProjects\caches\7.2\executionHistory)" [_thread_blocked, id=2056, stack(0x000000c560000000,0x000000c560100000)]
  0x0000021ba2ad8800 JavaThread "jar transforms" [_thread_blocked, id=6828, stack(0x000000c560200000,0x000000c560300000)]
  0x0000021ba2ada800 JavaThread "Cache worker for file content cache (D:\Alondra\AndroidStudioProjects\caches\7.2\fileContent)" [_thread_blocked, id=1256, stack(0x000000c560300000,0x000000c560400000)]
  0x0000021ba2ada000 JavaThread "jar transforms Thread 2" [_thread_blocked, id=8540, stack(0x000000c560400000,0x000000c560500000)]
  0x0000021ba2adc800 JavaThread "jar transforms Thread 3" [_thread_blocked, id=6504, stack(0x000000c560600000,0x000000c560700000)]
  0x0000021ba1a12800 JavaThread "jar transforms Thread 4" [_thread_blocked, id=5764, stack(0x000000c563200000,0x000000c563300000)]
  0x0000021ba1a14000 JavaThread "Memory manager" [_thread_blocked, id=6316, stack(0x000000c563400000,0x000000c563500000)]
  0x0000021baab2f800 JavaThread "Daemon Thread 2" [_thread_blocked, id=7964, stack(0x000000c564700000,0x000000c564800000)]
  0x0000021baab30800 JavaThread "Handler for socket connection from /127.0.0.1:9552 to /127.0.0.1:9580" [_thread_in_native, id=4116, stack(0x000000c564800000,0x000000c564900000)]
  0x0000021baab2f000 JavaThread "Cancel handler" [_thread_blocked, id=1400, stack(0x000000c564900000,0x000000c564a00000)]
  0x0000021baab2e000 JavaThread "Daemon worker Thread 2" [_thread_in_native, id=1308, stack(0x000000c564a00000,0x000000c564b00000)]
  0x0000021baab33000 JavaThread "Asynchronous log dispatcher for DefaultDaemonConnection: socket connection from /127.0.0.1:9552 to /127.0.0.1:9580" [_thread_blocked, id=6256, stack(0x000000c564b00000,0x000000c564c00000)]
  0x0000021baab35800 JavaThread "Stdin handler" [_thread_blocked, id=8884, stack(0x000000c564c00000,0x000000c564d00000)]
  0x0000021baab32000 JavaThread "Daemon client event forwarder" [_thread_blocked, id=2716, stack(0x000000c564d00000,0x000000c564e00000)]
  0x0000021baab34000 JavaThread "Cache worker for file hash cache (D:\Alondra\SimpleGetRequest\.gradle\7.2\fileHashes)" [_thread_blocked, id=9036, stack(0x000000c564e00000,0x000000c564f00000)]
  0x0000021baab37000 JavaThread "Cache worker for checksums cache (D:\Alondra\SimpleGetRequest\.gradle\checksums)" [_thread_blocked, id=2380, stack(0x000000c564f00000,0x000000c565000000)]
  0x0000021baab31800 JavaThread "Cache worker for cache directory md-supplier (D:\Alondra\AndroidStudioProjects\caches\7.2\md-supplier)" [_thread_blocked, id=6280, stack(0x000000c565000000,0x000000c565100000)]
  0x0000021baab3a800 JavaThread "Cache worker for cache directory md-rule (D:\Alondra\AndroidStudioProjects\caches\7.2\md-rule)" [_thread_blocked, id=6352, stack(0x000000c565100000,0x000000c565200000)]
  0x0000021baab34800 JavaThread "Cache worker for dependencies-accessors (D:\Alondra\SimpleGetRequest\.gradle\7.2\dependencies-accessors)" [_thread_blocked, id=5596, stack(0x000000c565200000,0x000000c565300000)]
  0x0000021bad8dd800 JavaThread "C2 CompilerThread1" daemon [_thread_in_native, id=1664, stack(0x000000c565300000,0x000000c565400000)]
  0x0000021baab38000 JavaThread "Cache worker for Build Output Cleanup Cache (D:\Alondra\SimpleGetRequest\.gradle\buildOutputCleanup)" [_thread_blocked, id=8428, stack(0x000000c565400000,0x000000c565500000)]

Other Threads:
  0x0000021b9f790800 VMThread "VM Thread" [stack: 0x000000c55da00000,0x000000c55db00000] [id=7868]
  0x0000021ba02b9000 WatcherThread [stack: 0x000000c55e400000,0x000000c55e500000] [id=5796]
  0x0000021b85be5000 GCTaskThread "GC Thread#0" [stack: 0x000000c55d500000,0x000000c55d600000] [id=7588]
  0x0000021ba0e7a000 GCTaskThread "GC Thread#1" [stack: 0x000000c55e600000,0x000000c55e700000] [id=3700]
  0x0000021ba14fa800 GCTaskThread "GC Thread#2" [stack: 0x000000c55f300000,0x000000c55f400000] [id=8264]
  0x0000021ba0feb000 GCTaskThread "GC Thread#3" [stack: 0x000000c55f400000,0x000000c55f500000] [id=6864]
  0x0000021b85c19800 ConcurrentGCThread "G1 Main Marker" [stack: 0x000000c55d600000,0x000000c55d700000] [id=1088]
  0x0000021b85c1b000 ConcurrentGCThread "G1 Conc#0" [stack: 0x000000c55d700000,0x000000c55d800000] [id=8092]
  0x0000021b85c7b000 ConcurrentGCThread "G1 Refine#0" [stack: 0x000000c55d800000,0x000000c55d900000] [id=3840]
  0x0000021b85c7c000 ConcurrentGCThread "G1 Young RemSet Sampling" [stack: 0x000000c55d900000,0x000000c55da00000] [id=5320]

Threads with active compile tasks:
C2 CompilerThread0 260770 15460       4       org.gradle.internal.service.DefaultServiceRegistry$SingletonService::get (5 bytes)
C2 CompilerThread1 260771 15509   !   4       org.gradle.internal.service.DefaultServiceRegistry$ManagedObjectServiceProvider::getInstance (47 bytes)

VM state:not at safepoint (normal execution)

VM Mutex/Monitor currently owned by a thread: None

Heap address: 0x0000000080000000, size: 2048 MB, Compressed Oops mode: 32-bit
Narrow klass base: 0x0000000000000000, Narrow klass shift: 3
Compressed class space size: 1073741824 Address: 0x0000000100000000

Heap:
 garbage-first heap   total 231424K, used 107847K [0x0000000080000000, 0x0000000100000000)
  region size 1024K, 7 young (7168K), 1 survivors (1024K)
 Metaspace       used 107331K, capacity 109715K, committed 109948K, reserved 1144832K
  class space    used 13402K, capacity 14264K, committed 14336K, reserved 1048576K
Heap Regions: E=young(eden), S=young(survivor), O=old, HS=humongous(starts), HC=humongous(continues), CS=collection set, F=free, A=archive, TAMS=top-at-mark-start (previous, next)
|   0|0x0000000080000000, 0x0000000080100000, 0x0000000080100000|100%| O|  |TAMS 0x0000000080100000, 0x0000000080000000| Untracked 
|   1|0x0000000080100000, 0x0000000080200000, 0x0000000080200000|100%| O|  |TAMS 0x0000000080200000, 0x0000000080100000| Untracked 
|   2|0x0000000080200000, 0x0000000080300000, 0x0000000080300000|100%| O|  |TAMS 0x0000000080300000, 0x0000000080200000| Untracked 
|   3|0x0000000080300000, 0x0000000080400000, 0x0000000080400000|100%|HS|  |TAMS 0x0000000080400000, 0x0000000080300000| Complete 
|   4|0x0000000080400000, 0x0000000080500000, 0x0000000080500000|100%|HC|  |TAMS 0x0000000080500000, 0x0000000080400000| Complete 
|   5|0x0000000080500000, 0x0000000080600000, 0x0000000080600000|100%|HC|  |TAMS 0x0000000080600000, 0x0000000080500000| Complete 
|   6|0x0000000080600000, 0x0000000080700000, 0x0000000080700000|100%| O|  |TAMS 0x0000000080700000, 0x0000000080600000| Untracked 
|   7|0x0000000080700000, 0x0000000080800000, 0x0000000080800000|100%| O|  |TAMS 0x0000000080800000, 0x0000000080700000| Untracked 
|   8|0x0000000080800000, 0x0000000080900000, 0x0000000080900000|100%| O|  |TAMS 0x0000000080900000, 0x0000000080800000| Untracked 
|   9|0x0000000080900000, 0x0000000080a00000, 0x0000000080a00000|100%| O|  |TAMS 0x0000000080a00000, 0x0000000080900000| Untracked 
|  10|0x0000000080a00000, 0x0000000080b00000, 0x0000000080b00000|100%| O|  |TAMS 0x0000000080b00000, 0x0000000080a00000| Untracked 
|  11|0x0000000080b00000, 0x0000000080c00000, 0x0000000080c00000|100%| O|  |TAMS 0x0000000080c00000, 0x0000000080b00000| Untracked 
|  12|0x0000000080c00000, 0x0000000080d00000, 0x0000000080d00000|100%| O|  |TAMS 0x0000000080d00000, 0x0000000080c00000| Untracked 
|  13|0x0000000080d00000, 0x0000000080e00000, 0x0000000080e00000|100%| O|  |TAMS 0x0000000080e00000, 0x0000000080d00000| Untracked 
|  14|0x0000000080e00000, 0x0000000080f00000, 0x0000000080f00000|100%| O|  |TAMS 0x0000000080f00000, 0x0000000080e00000| Untracked 
|  15|0x0000000080f00000, 0x0000000081000000, 0x0000000081000000|100%| O|  |TAMS 0x0000000081000000, 0x0000000080f00000| Untracked 
|  16|0x0000000081000000, 0x0000000081100000, 0x0000000081100000|100%| O|  |TAMS 0x0000000081100000, 0x0000000081000000| Untracked 
|  17|0x0000000081100000, 0x0000000081200000, 0x0000000081200000|100%| O|  |TAMS 0x0000000081200000, 0x0000000081100000| Untracked 
|  18|0x0000000081200000, 0x0000000081300000, 0x0000000081300000|100%| O|  |TAMS 0x0000000081300000, 0x0000000081200000| Untracked 
|  19|0x0000000081300000, 0x0000000081400000, 0x0000000081400000|100%| O|  |TAMS 0x0000000081400000, 0x0000000081300000| Untracked 
|  20|0x0000000081400000, 0x0000000081500000, 0x0000000081500000|100%| O|  |TAMS 0x0000000081500000, 0x0000000081400000| Untracked 
|  21|0x0000000081500000, 0x0000000081600000, 0x0000000081600000|100%| O|  |TAMS 0x0000000081600000, 0x0000000081500000| Untracked 
|  22|0x0000000081600000, 0x0000000081700000, 0x0000000081700000|100%| O|  |TAMS 0x0000000081700000, 0x0000000081600000| Untracked 
|  23|0x0000000081700000, 0x0000000081800000, 0x0000000081800000|100%| O|  |TAMS 0x0000000081800000, 0x0000000081700000| Untracked 
|  24|0x0000000081800000, 0x0000000081900000, 0x0000000081900000|100%| O|  |TAMS 0x0000000081900000, 0x0000000081800000| Untracked 
|  25|0x0000000081900000, 0x0000000081a00000, 0x0000000081a00000|100%| O|  |TAMS 0x0000000081a00000, 0x0000000081900000| Untracked 
|  26|0x0000000081a00000, 0x0000000081b00000, 0x0000000081b00000|100%| O|  |TAMS 0x0000000081b00000, 0x0000000081a00000| Untracked 
|  27|0x0000000081b00000, 0x0000000081c00000, 0x0000000081c00000|100%| O|  |TAMS 0x0000000081c00000, 0x0000000081b00000| Untracked 
|  28|0x0000000081c00000, 0x0000000081d00000, 0x0000000081d00000|100%| O|  |TAMS 0x0000000081d00000, 0x0000000081c00000| Untracked 
|  29|0x0000000081d00000, 0x0000000081e00000, 0x0000000081e00000|100%| O|  |TAMS 0x0000000081e00000, 0x0000000081d00000| Untracked 
|  30|0x0000000081e00000, 0x0000000081f00000, 0x0000000081f00000|100%| O|  |TAMS 0x0000000081f00000, 0x0000000081e00000| Untracked 
|  31|0x0000000081f00000, 0x0000000082000000, 0x0000000082000000|100%|HS|  |TAMS 0x0000000082000000, 0x0000000081f00000| Complete 
|  32|0x0000000082000000, 0x0000000082100000, 0x0000000082100000|100%|HS|  |TAMS 0x0000000082100000, 0x0000000082000000| Complete 
|  33|0x0000000082100000, 0x0000000082200000, 0x0000000082200000|100%| O|  |TAMS 0x0000000082200000, 0x0000000082100000| Untracked 
|  34|0x0000000082200000, 0x0000000082300000, 0x0000000082300000|100%|HS|  |TAMS 0x0000000082300000, 0x0000000082200000| Complete 
|  35|0x0000000082300000, 0x0000000082400000, 0x0000000082400000|100%|HS|  |TAMS 0x0000000082400000, 0x0000000082300000| Complete 
|  36|0x0000000082400000, 0x0000000082500000, 0x0000000082500000|100%| O|  |TAMS 0x0000000082500000, 0x0000000082400000| Untracked 
|  37|0x0000000082500000, 0x0000000082600000, 0x0000000082600000|100%|HS|  |TAMS 0x0000000082600000, 0x0000000082500000| Complete 
|  38|0x0000000082600000, 0x0000000082700000, 0x0000000082700000|100%|HC|  |TAMS 0x0000000082700000, 0x0000000082600000| Complete 
|  39|0x0000000082700000, 0x0000000082800000, 0x0000000082800000|100%|HC|  |TAMS 0x0000000082800000, 0x0000000082700000| Complete 
|  40|0x0000000082800000, 0x0000000082900000, 0x0000000082900000|100%| O|  |TAMS 0x0000000082900000, 0x0000000082800000| Untracked 
|  41|0x0000000082900000, 0x0000000082a00000, 0x0000000082a00000|100%| O|  |TAMS 0x0000000082a00000, 0x0000000082900000| Untracked 
|  42|0x0000000082a00000, 0x0000000082b00000, 0x0000000082b00000|100%|HS|  |TAMS 0x0000000082b00000, 0x0000000082a00000| Complete 
|  43|0x0000000082b00000, 0x0000000082c00000, 0x0000000082c00000|100%|HC|  |TAMS 0x0000000082c00000, 0x0000000082b00000| Complete 
|  44|0x0000000082c00000, 0x0000000082d00000, 0x0000000082d00000|100%| O|  |TAMS 0x0000000082d00000, 0x0000000082c00000| Untracked 
|  45|0x0000000082d00000, 0x0000000082e00000, 0x0000000082e00000|100%| O|  |TAMS 0x0000000082e00000, 0x0000000082d00000| Untracked 
|  46|0x0000000082e00000, 0x0000000082f00000, 0x0000000082f00000|100%| O|  |TAMS 0x0000000082f00000, 0x0000000082e00000| Untracked 
|  47|0x0000000082f00000, 0x0000000083000000, 0x0000000083000000|100%| O|  |TAMS 0x0000000083000000, 0x0000000082f00000| Untracked 
|  48|0x0000000083000000, 0x0000000083100000, 0x0000000083100000|100%| O|  |TAMS 0x0000000083100000, 0x0000000083000000| Untracked 
|  49|0x0000000083100000, 0x0000000083200000, 0x0000000083200000|100%| O|  |TAMS 0x0000000083200000, 0x0000000083100000| Untracked 
|  50|0x0000000083200000, 0x0000000083300000, 0x0000000083300000|100%| O|  |TAMS 0x0000000083300000, 0x0000000083200000| Untracked 
|  51|0x0000000083300000, 0x0000000083400000, 0x0000000083400000|100%| O|  |TAMS 0x0000000083400000, 0x0000000083300000| Untracked 
|  52|0x0000000083400000, 0x0000000083500000, 0x0000000083500000|100%| O|  |TAMS 0x0000000083500000, 0x0000000083400000| Untracked 
|  53|0x0000000083500000, 0x0000000083600000, 0x0000000083600000|100%| O|  |TAMS 0x0000000083600000, 0x0000000083500000| Untracked 
|  54|0x0000000083600000, 0x0000000083700000, 0x0000000083700000|100%| O|  |TAMS 0x0000000083700000, 0x0000000083600000| Untracked 
|  55|0x0000000083700000, 0x0000000083800000, 0x0000000083800000|100%| O|  |TAMS 0x0000000083800000, 0x0000000083700000| Untracked 
|  56|0x0000000083800000, 0x0000000083900000, 0x0000000083900000|100%| O|  |TAMS 0x0000000083900000, 0x0000000083800000| Untracked 
|  57|0x0000000083900000, 0x0000000083a00000, 0x0000000083a00000|100%| O|  |TAMS 0x0000000083a00000, 0x0000000083900000| Untracked 
|  58|0x0000000083a00000, 0x0000000083b00000, 0x0000000083b00000|100%| O|  |TAMS 0x0000000083b00000, 0x0000000083a00000| Untracked 
|  59|0x0000000083b00000, 0x0000000083c00000, 0x0000000083c00000|100%| O|  |TAMS 0x0000000083c00000, 0x0000000083b00000| Untracked 
|  60|0x0000000083c00000, 0x0000000083d00000, 0x0000000083d00000|100%| O|  |TAMS 0x0000000083d00000, 0x0000000083c00000| Untracked 
|  61|0x0000000083d00000, 0x0000000083e00000, 0x0000000083e00000|100%| O|  |TAMS 0x0000000083e00000, 0x0000000083d00000| Untracked 
|  62|0x0000000083e00000, 0x0000000083f00000, 0x0000000083f00000|100%| O|  |TAMS 0x0000000083f00000, 0x0000000083e00000| Untracked 
|  63|0x0000000083f00000, 0x0000000084000000, 0x0000000084000000|100%| O|  |TAMS 0x0000000084000000, 0x0000000083f00000| Untracked 
|  64|0x0000000084000000, 0x0000000084100000, 0x0000000084100000|100%| O|  |TAMS 0x0000000084100000, 0x0000000084000000| Untracked 
|  65|0x0000000084100000, 0x0000000084200000, 0x0000000084200000|100%| O|  |TAMS 0x0000000084200000, 0x0000000084100000| Untracked 
|  66|0x0000000084200000, 0x0000000084300000, 0x0000000084300000|100%| O|  |TAMS 0x0000000084300000, 0x0000000084200000| Untracked 
|  67|0x0000000084300000, 0x0000000084400000, 0x0000000084400000|100%| O|  |TAMS 0x0000000084400000, 0x0000000084300000| Untracked 
|  68|0x0000000084400000, 0x0000000084500000, 0x0000000084500000|100%| O|  |TAMS 0x0000000084500000, 0x0000000084400000| Untracked 
|  69|0x0000000084500000, 0x0000000084600000, 0x0000000084600000|100%| O|  |TAMS 0x0000000084600000, 0x0000000084500000| Untracked 
|  70|0x0000000084600000, 0x0000000084700000, 0x0000000084700000|100%| O|  |TAMS 0x0000000084700000, 0x0000000084600000| Untracked 
|  71|0x0000000084700000, 0x0000000084800000, 0x0000000084800000|100%| O|  |TAMS 0x0000000084800000, 0x0000000084700000| Untracked 
|  72|0x0000000084800000, 0x0000000084900000, 0x0000000084900000|100%| O|  |TAMS 0x0000000084900000, 0x0000000084800000| Untracked 
|  73|0x0000000084900000, 0x0000000084a00000, 0x0000000084a00000|100%| O|  |TAMS 0x0000000084a00000, 0x0000000084900000| Untracked 
|  74|0x0000000084a00000, 0x0000000084b00000, 0x0000000084b00000|100%| O|  |TAMS 0x0000000084b00000, 0x0000000084a00000| Untracked 
|  75|0x0000000084b00000, 0x0000000084b00000, 0x0000000084c00000|  0%| F|  |TAMS 0x0000000084b00000, 0x0000000084b00000| Untracked 
|  76|0x0000000084c00000, 0x0000000084d00000, 0x0000000084d00000|100%| O|  |TAMS 0x0000000084c00000, 0x0000000084c00000| Untracked 
|  77|0x0000000084d00000, 0x0000000084d00000, 0x0000000084e00000|  0%| F|  |TAMS 0x0000000084d00000, 0x0000000084d00000| Untracked 
|  78|0x0000000084e00000, 0x0000000084f00000, 0x0000000084f00000|100%| O|  |TAMS 0x0000000084f00000, 0x0000000084e00000| Untracked 
|  79|0x0000000084f00000, 0x0000000085000000, 0x0000000085000000|100%| O|  |TAMS 0x0000000085000000, 0x0000000084f00000| Untracked 
|  80|0x0000000085000000, 0x0000000085000000, 0x0000000085100000|  0%| F|  |TAMS 0x0000000085000000, 0x0000000085000000| Untracked 
|  81|0x0000000085100000, 0x0000000085200000, 0x0000000085200000|100%| O|  |TAMS 0x0000000085100000, 0x0000000085100000| Untracked 
|  82|0x0000000085200000, 0x0000000085300000, 0x0000000085300000|100%| O|  |TAMS 0x0000000085200000, 0x0000000085200000| Untracked 
|  83|0x0000000085300000, 0x0000000085400000, 0x0000000085400000|100%| O|  |TAMS 0x0000000085400000, 0x0000000085300000| Untracked 
|  84|0x0000000085400000, 0x0000000085500000, 0x0000000085500000|100%| O|  |TAMS 0x0000000085500000, 0x0000000085400000| Untracked 
|  85|0x0000000085500000, 0x0000000085600000, 0x0000000085600000|100%| O|  |TAMS 0x0000000085600000, 0x0000000085500000| Untracked 
|  86|0x0000000085600000, 0x0000000085700000, 0x0000000085700000|100%| O|  |TAMS 0x0000000085700000, 0x0000000085600000| Untracked 
|  87|0x0000000085700000, 0x0000000085700000, 0x0000000085800000|  0%| F|  |TAMS 0x0000000085700000, 0x0000000085700000| Untracked 
|  88|0x0000000085800000, 0x0000000085900000, 0x0000000085900000|100%| O|  |TAMS 0x0000000085900000, 0x0000000085800000| Untracked 
|  89|0x0000000085900000, 0x0000000085a00000, 0x0000000085a00000|100%| O|  |TAMS 0x0000000085a00000, 0x0000000085900000| Untracked 
|  90|0x0000000085a00000, 0x0000000085b00000, 0x0000000085b00000|100%| O|  |TAMS 0x0000000085b00000, 0x0000000085a00000| Untracked 
|  91|0x0000000085b00000, 0x0000000085c00000, 0x0000000085c00000|100%| O|  |TAMS 0x0000000085c00000, 0x0000000085b00000| Untracked 
|  92|0x0000000085c00000, 0x0000000085d00000, 0x0000000085d00000|100%| O|  |TAMS 0x0000000085d00000, 0x0000000085c00000| Untracked 
|  93|0x0000000085d00000, 0x0000000085e00000, 0x0000000085e00000|100%| O|  |TAMS 0x0000000085e00000, 0x0000000085d00000| Untracked 
|  94|0x0000000085e00000, 0x0000000085f00000, 0x0000000085f00000|100%| O|  |TAMS 0x0000000085f00000, 0x0000000085e00000| Untracked 
|  95|0x0000000085f00000, 0x0000000086000000, 0x0000000086000000|100%| O|  |TAMS 0x0000000086000000, 0x0000000085f00000| Untracked 
|  96|0x0000000086000000, 0x0000000086100000, 0x0000000086100000|100%| O|  |TAMS 0x0000000086044400, 0x0000000086000000| Untracked 
|  97|0x0000000086100000, 0x0000000086200000, 0x0000000086200000|100%| O|  |TAMS 0x0000000086100000, 0x0000000086100000| Untracked 
|  98|0x0000000086200000, 0x0000000086300000, 0x0000000086300000|100%| O|  |TAMS 0x0000000086200000, 0x0000000086200000| Untracked 
|  99|0x0000000086300000, 0x0000000086400000, 0x0000000086400000|100%| O|  |TAMS 0x0000000086300000, 0x0000000086300000| Untracked 
| 100|0x0000000086400000, 0x0000000086500000, 0x0000000086500000|100%| O|  |TAMS 0x0000000086400000, 0x0000000086400000| Untracked 
| 101|0x0000000086500000, 0x0000000086600000, 0x0000000086600000|100%| O|  |TAMS 0x0000000086500000, 0x0000000086500000| Untracked 
| 102|0x0000000086600000, 0x0000000086700000, 0x0000000086700000|100%| O|  |TAMS 0x0000000086600000, 0x0000000086600000| Untracked 
| 103|0x0000000086700000, 0x0000000086751e00, 0x0000000086800000| 31%| O|  |TAMS 0x0000000086700000, 0x0000000086700000| Untracked 
| 104|0x0000000086800000, 0x0000000086800000, 0x0000000086900000|  0%| F|  |TAMS 0x0000000086800000, 0x0000000086800000| Untracked 
| 105|0x0000000086900000, 0x0000000086900000, 0x0000000086a00000|  0%| F|  |TAMS 0x0000000086900000, 0x0000000086900000| Untracked 
| 106|0x0000000086a00000, 0x0000000086a00000, 0x0000000086b00000|  0%| F|  |TAMS 0x0000000086a00000, 0x0000000086a00000| Untracked 
| 107|0x0000000086b00000, 0x0000000086b00000, 0x0000000086c00000|  0%| F|  |TAMS 0x0000000086b00000, 0x0000000086b00000| Untracked 
| 108|0x0000000086c00000, 0x0000000086c00000, 0x0000000086d00000|  0%| F|  |TAMS 0x0000000086c00000, 0x0000000086c00000| Untracked 
| 109|0x0000000086d00000, 0x0000000086d00000, 0x0000000086e00000|  0%| F|  |TAMS 0x0000000086d00000, 0x0000000086d00000| Untracked 
| 110|0x0000000086e00000, 0x0000000086e00000, 0x0000000086f00000|  0%| F|  |TAMS 0x0000000086e00000, 0x0000000086e00000| Untracked 
| 111|0x0000000086f00000, 0x0000000087000000, 0x0000000087000000|100%| O|  |TAMS 0x0000000087000000, 0x0000000086f00000| Untracked 
| 112|0x0000000087000000, 0x0000000087000000, 0x0000000087100000|  0%| F|  |TAMS 0x0000000087000000, 0x0000000087000000| Untracked 
| 113|0x0000000087100000, 0x0000000087100000, 0x0000000087200000|  0%| F|  |TAMS 0x0000000087100000, 0x0000000087100000| Untracked 
| 114|0x0000000087200000, 0x0000000087200000, 0x0000000087300000|  0%| F|  |TAMS 0x0000000087200000, 0x0000000087200000| Untracked 
| 115|0x0000000087300000, 0x0000000087300000, 0x0000000087400000|  0%| F|  |TAMS 0x0000000087300000, 0x0000000087300000| Untracked 
| 116|0x0000000087400000, 0x0000000087400000, 0x0000000087500000|  0%| F|  |TAMS 0x0000000087400000, 0x0000000087400000| Untracked 
| 117|0x0000000087500000, 0x0000000087500000, 0x0000000087600000|  0%| F|  |TAMS 0x0000000087500000, 0x0000000087500000| Untracked 
| 118|0x0000000087600000, 0x0000000087600000, 0x0000000087700000|  0%| F|  |TAMS 0x0000000087600000, 0x0000000087600000| Untracked 
| 119|0x0000000087700000, 0x0000000087700000, 0x0000000087800000|  0%| F|  |TAMS 0x0000000087700000, 0x0000000087700000| Untracked 
| 120|0x0000000087800000, 0x0000000087800000, 0x0000000087900000|  0%| F|  |TAMS 0x0000000087800000, 0x0000000087800000| Untracked 
| 121|0x0000000087900000, 0x0000000087900000, 0x0000000087a00000|  0%| F|  |TAMS 0x0000000087900000, 0x0000000087900000| Untracked 
| 122|0x0000000087a00000, 0x0000000087a00000, 0x0000000087b00000|  0%| F|  |TAMS 0x0000000087a00000, 0x0000000087a00000| Untracked 
| 123|0x0000000087b00000, 0x0000000087b00000, 0x0000000087c00000|  0%| F|  |TAMS 0x0000000087b00000, 0x0000000087b00000| Untracked 
| 124|0x0000000087c00000, 0x0000000087c00000, 0x0000000087d00000|  0%| F|  |TAMS 0x0000000087c00000, 0x0000000087c00000| Untracked 
| 125|0x0000000087d00000, 0x0000000087d00000, 0x0000000087e00000|  0%| F|  |TAMS 0x0000000087d00000, 0x0000000087d00000| Untracked 
| 126|0x0000000087e00000, 0x0000000087e00000, 0x0000000087f00000|  0%| F|  |TAMS 0x0000000087e00000, 0x0000000087e00000| Untracked 
| 127|0x0000000087f00000, 0x0000000087f00000, 0x0000000088000000|  0%| F|  |TAMS 0x0000000087f00000, 0x0000000087f00000| Untracked 
| 128|0x0000000088000000, 0x0000000088000000, 0x0000000088100000|  0%| F|  |TAMS 0x0000000088000000, 0x0000000088000000| Untracked 
| 129|0x0000000088100000, 0x0000000088100000, 0x0000000088200000|  0%| F|  |TAMS 0x0000000088100000, 0x0000000088100000| Untracked 
| 130|0x0000000088200000, 0x0000000088200000, 0x0000000088300000|  0%| F|  |TAMS 0x0000000088200000, 0x0000000088200000| Untracked 
| 131|0x0000000088300000, 0x0000000088300000, 0x0000000088400000|  0%| F|  |TAMS 0x0000000088300000, 0x0000000088300000| Untracked 
| 132|0x0000000088400000, 0x0000000088400000, 0x0000000088500000|  0%| F|  |TAMS 0x0000000088400000, 0x0000000088400000| Untracked 
| 133|0x0000000088500000, 0x0000000088500000, 0x0000000088600000|  0%| F|  |TAMS 0x0000000088500000, 0x0000000088500000| Untracked 
| 134|0x0000000088600000, 0x0000000088600000, 0x0000000088700000|  0%| F|  |TAMS 0x0000000088600000, 0x0000000088600000| Untracked 
| 135|0x0000000088700000, 0x0000000088700000, 0x0000000088800000|  0%| F|  |TAMS 0x0000000088700000, 0x0000000088700000| Untracked 
| 136|0x0000000088800000, 0x0000000088800000, 0x0000000088900000|  0%| F|  |TAMS 0x0000000088800000, 0x0000000088800000| Untracked 
| 137|0x0000000088900000, 0x0000000088900000, 0x0000000088a00000|  0%| F|  |TAMS 0x0000000088900000, 0x0000000088900000| Untracked 
| 138|0x0000000088a00000, 0x0000000088a00000, 0x0000000088b00000|  0%| F|  |TAMS 0x0000000088a00000, 0x0000000088a00000| Untracked 
| 139|0x0000000088b00000, 0x0000000088b00000, 0x0000000088c00000|  0%| F|  |TAMS 0x0000000088b00000, 0x0000000088b00000| Untracked 
| 140|0x0000000088c00000, 0x0000000088c00000, 0x0000000088d00000|  0%| F|  |TAMS 0x0000000088c00000, 0x0000000088c00000| Untracked 
| 141|0x0000000088d00000, 0x0000000088d00000, 0x0000000088e00000|  0%| F|  |TAMS 0x0000000088d00000, 0x0000000088d00000| Untracked 
| 142|0x0000000088e00000, 0x0000000088e00000, 0x0000000088f00000|  0%| F|  |TAMS 0x0000000088e00000, 0x0000000088e00000| Untracked 
| 143|0x0000000088f00000, 0x0000000088f00000, 0x0000000089000000|  0%| F|  |TAMS 0x0000000088f00000, 0x0000000088f00000| Untracked 
| 144|0x0000000089000000, 0x0000000089000000, 0x0000000089100000|  0%| F|  |TAMS 0x0000000089000000, 0x0000000089000000| Untracked 
| 145|0x0000000089100000, 0x0000000089100000, 0x0000000089200000|  0%| F|  |TAMS 0x0000000089100000, 0x0000000089100000| Untracked 
| 146|0x0000000089200000, 0x0000000089200000, 0x0000000089300000|  0%| F|  |TAMS 0x0000000089200000, 0x0000000089200000| Untracked 
| 147|0x0000000089300000, 0x0000000089300000, 0x0000000089400000|  0%| F|  |TAMS 0x0000000089300000, 0x0000000089300000| Untracked 
| 148|0x0000000089400000, 0x0000000089400000, 0x0000000089500000|  0%| F|  |TAMS 0x0000000089400000, 0x0000000089400000| Untracked 
| 149|0x0000000089500000, 0x0000000089500000, 0x0000000089600000|  0%| F|  |TAMS 0x0000000089500000, 0x0000000089500000| Untracked 
| 150|0x0000000089600000, 0x0000000089600000, 0x0000000089700000|  0%| F|  |TAMS 0x0000000089600000, 0x0000000089600000| Untracked 
| 151|0x0000000089700000, 0x0000000089700000, 0x0000000089800000|  0%| F|  |TAMS 0x0000000089700000, 0x0000000089700000| Untracked 
| 152|0x0000000089800000, 0x0000000089800000, 0x0000000089900000|  0%| F|  |TAMS 0x0000000089800000, 0x0000000089800000| Untracked 
| 153|0x0000000089900000, 0x0000000089900000, 0x0000000089a00000|  0%| F|  |TAMS 0x0000000089900000, 0x0000000089900000| Untracked 
| 154|0x0000000089a00000, 0x0000000089a00000, 0x0000000089b00000|  0%| F|  |TAMS 0x0000000089a00000, 0x0000000089a00000| Untracked 
| 155|0x0000000089b00000, 0x0000000089b00000, 0x0000000089c00000|  0%| F|  |TAMS 0x0000000089b00000, 0x0000000089b00000| Untracked 
| 156|0x0000000089c00000, 0x0000000089c00000, 0x0000000089d00000|  0%| F|  |TAMS 0x0000000089c00000, 0x0000000089c00000| Untracked 
| 157|0x0000000089d00000, 0x0000000089d00000, 0x0000000089e00000|  0%| F|  |TAMS 0x0000000089d00000, 0x0000000089d00000| Untracked 
| 158|0x0000000089e00000, 0x0000000089e00000, 0x0000000089f00000|  0%| F|  |TAMS 0x0000000089e00000, 0x0000000089e00000| Untracked 
| 159|0x0000000089f00000, 0x0000000089f00000, 0x000000008a000000|  0%| F|  |TAMS 0x0000000089f00000, 0x0000000089f00000| Untracked 
| 160|0x000000008a000000, 0x000000008a000000, 0x000000008a100000|  0%| F|  |TAMS 0x000000008a000000, 0x000000008a000000| Untracked 
| 161|0x000000008a100000, 0x000000008a100000, 0x000000008a200000|  0%| F|  |TAMS 0x000000008a100000, 0x000000008a100000| Untracked 
| 162|0x000000008a200000, 0x000000008a200000, 0x000000008a300000|  0%| F|  |TAMS 0x000000008a200000, 0x000000008a200000| Untracked 
| 163|0x000000008a300000, 0x000000008a300000, 0x000000008a400000|  0%| F|  |TAMS 0x000000008a300000, 0x000000008a300000| Untracked 
| 164|0x000000008a400000, 0x000000008a400000, 0x000000008a500000|  0%| F|  |TAMS 0x000000008a400000, 0x000000008a400000| Untracked 
| 165|0x000000008a500000, 0x000000008a500000, 0x000000008a600000|  0%| F|  |TAMS 0x000000008a500000, 0x000000008a500000| Untracked 
| 166|0x000000008a600000, 0x000000008a600000, 0x000000008a700000|  0%| F|  |TAMS 0x000000008a600000, 0x000000008a600000| Untracked 
| 167|0x000000008a700000, 0x000000008a700000, 0x000000008a800000|  0%| F|  |TAMS 0x000000008a700000, 0x000000008a700000| Untracked 
| 168|0x000000008a800000, 0x000000008a800000, 0x000000008a900000|  0%| F|  |TAMS 0x000000008a800000, 0x000000008a800000| Untracked 
| 169|0x000000008a900000, 0x000000008a900000, 0x000000008aa00000|  0%| F|  |TAMS 0x000000008a900000, 0x000000008a900000| Untracked 
| 170|0x000000008aa00000, 0x000000008aa00000, 0x000000008ab00000|  0%| F|  |TAMS 0x000000008aa00000, 0x000000008aa00000| Untracked 
| 171|0x000000008ab00000, 0x000000008ab00000, 0x000000008ac00000|  0%| F|  |TAMS 0x000000008ab00000, 0x000000008ab00000| Untracked 
| 172|0x000000008ac00000, 0x000000008ac00000, 0x000000008ad00000|  0%| F|  |TAMS 0x000000008ac00000, 0x000000008ac00000| Untracked 
| 173|0x000000008ad00000, 0x000000008ad00000, 0x000000008ae00000|  0%| F|  |TAMS 0x000000008ad00000, 0x000000008ad00000| Untracked 
| 174|0x000000008ae00000, 0x000000008ae00000, 0x000000008af00000|  0%| F|  |TAMS 0x000000008ae00000, 0x000000008ae00000| Untracked 
| 175|0x000000008af00000, 0x000000008af00000, 0x000000008b000000|  0%| F|  |TAMS 0x000000008af00000, 0x000000008af00000| Untracked 
| 176|0x000000008b000000, 0x000000008b000000, 0x000000008b100000|  0%| F|  |TAMS 0x000000008b000000, 0x000000008b000000| Untracked 
| 177|0x000000008b100000, 0x000000008b100000, 0x000000008b200000|  0%| F|  |TAMS 0x000000008b100000, 0x000000008b100000| Untracked 
| 178|0x000000008b200000, 0x000000008b200000, 0x000000008b300000|  0%| F|  |TAMS 0x000000008b200000, 0x000000008b200000| Untracked 
| 179|0x000000008b300000, 0x000000008b300000, 0x000000008b400000|  0%| F|  |TAMS 0x000000008b300000, 0x000000008b300000| Untracked 
| 180|0x000000008b400000, 0x000000008b400000, 0x000000008b500000|  0%| F|  |TAMS 0x000000008b400000, 0x000000008b400000| Untracked 
| 181|0x000000008b500000, 0x000000008b500000, 0x000000008b600000|  0%| F|  |TAMS 0x000000008b500000, 0x000000008b500000| Untracked 
| 182|0x000000008b600000, 0x000000008b600000, 0x000000008b700000|  0%| F|  |TAMS 0x000000008b600000, 0x000000008b600000| Untracked 
| 183|0x000000008b700000, 0x000000008b700000, 0x000000008b800000|  0%| F|  |TAMS 0x000000008b700000, 0x000000008b700000| Untracked 
| 184|0x000000008b800000, 0x000000008b800000, 0x000000008b900000|  0%| F|  |TAMS 0x000000008b800000, 0x000000008b800000| Untracked 
| 185|0x000000008b900000, 0x000000008b900000, 0x000000008ba00000|  0%| F|  |TAMS 0x000000008b900000, 0x000000008b900000| Untracked 
| 186|0x000000008ba00000, 0x000000008ba00000, 0x000000008bb00000|  0%| F|  |TAMS 0x000000008ba00000, 0x000000008ba00000| Untracked 
| 187|0x000000008bb00000, 0x000000008bb00000, 0x000000008bc00000|  0%| F|  |TAMS 0x000000008bb00000, 0x000000008bb00000| Untracked 
| 188|0x000000008bc00000, 0x000000008bc00000, 0x000000008bd00000|  0%| F|  |TAMS 0x000000008bc00000, 0x000000008bc00000| Untracked 
| 189|0x000000008bd00000, 0x000000008bd00000, 0x000000008be00000|  0%| F|  |TAMS 0x000000008bd00000, 0x000000008bd00000| Untracked 
| 190|0x000000008be00000, 0x000000008be00000, 0x000000008bf00000|  0%| F|  |TAMS 0x000000008be00000, 0x000000008be00000| Untracked 
| 191|0x000000008bf00000, 0x000000008bf00000, 0x000000008c000000|  0%| F|  |TAMS 0x000000008bf00000, 0x000000008bf00000| Untracked 
| 192|0x000000008c000000, 0x000000008c000000, 0x000000008c100000|  0%| F|  |TAMS 0x000000008c000000, 0x000000008c000000| Untracked 
| 193|0x000000008c100000, 0x000000008c100000, 0x000000008c200000|  0%| F|  |TAMS 0x000000008c100000, 0x000000008c100000| Untracked 
| 194|0x000000008c200000, 0x000000008c200000, 0x000000008c300000|  0%| F|  |TAMS 0x000000008c200000, 0x000000008c200000| Untracked 
| 195|0x000000008c300000, 0x000000008c300000, 0x000000008c400000|  0%| F|  |TAMS 0x000000008c300000, 0x000000008c300000| Untracked 
| 196|0x000000008c400000, 0x000000008c400000, 0x000000008c500000|  0%| F|  |TAMS 0x000000008c400000, 0x000000008c400000| Untracked 
| 197|0x000000008c500000, 0x000000008c500000, 0x000000008c600000|  0%| F|  |TAMS 0x000000008c500000, 0x000000008c500000| Untracked 
| 198|0x000000008c600000, 0x000000008c600000, 0x000000008c700000|  0%| F|  |TAMS 0x000000008c600000, 0x000000008c600000| Untracked 
| 199|0x000000008c700000, 0x000000008c700000, 0x000000008c800000|  0%| F|  |TAMS 0x000000008c700000, 0x000000008c700000| Untracked 
| 200|0x000000008c800000, 0x000000008c800000, 0x000000008c900000|  0%| F|  |TAMS 0x000000008c800000, 0x000000008c800000| Untracked 
| 201|0x000000008c900000, 0x000000008c900000, 0x000000008ca00000|  0%| F|  |TAMS 0x000000008c900000, 0x000000008c900000| Untracked 
| 202|0x000000008ca00000, 0x000000008ca00000, 0x000000008cb00000|  0%| F|  |TAMS 0x000000008ca00000, 0x000000008ca00000| Untracked 
| 203|0x000000008cb00000, 0x000000008cb00000, 0x000000008cc00000|  0%| F|  |TAMS 0x000000008cb00000, 0x000000008cb00000| Untracked 
| 204|0x000000008cc00000, 0x000000008cc00000, 0x000000008cd00000|  0%| F|  |TAMS 0x000000008cc00000, 0x000000008cc00000| Untracked 
| 205|0x000000008cd00000, 0x000000008cd00000, 0x000000008ce00000|  0%| F|  |TAMS 0x000000008cd00000, 0x000000008cd00000| Untracked 
| 206|0x000000008ce00000, 0x000000008ce00000, 0x000000008cf00000|  0%| F|  |TAMS 0x000000008ce00000, 0x000000008ce00000| Untracked 
| 207|0x000000008cf00000, 0x000000008cf00000, 0x000000008d000000|  0%| F|  |TAMS 0x000000008cf00000, 0x000000008cf00000| Untracked 
| 208|0x000000008d000000, 0x000000008d000000, 0x000000008d100000|  0%| F|  |TAMS 0x000000008d000000, 0x000000008d000000| Untracked 
| 209|0x000000008d100000, 0x000000008d100000, 0x000000008d200000|  0%| F|  |TAMS 0x000000008d100000, 0x000000008d100000| Untracked 
| 210|0x000000008d200000, 0x000000008d200000, 0x000000008d300000|  0%| F|  |TAMS 0x000000008d200000, 0x000000008d200000| Untracked 
| 211|0x000000008d300000, 0x000000008d300000, 0x000000008d400000|  0%| F|  |TAMS 0x000000008d300000, 0x000000008d300000| Untracked 
| 212|0x000000008d400000, 0x000000008d400000, 0x000000008d500000|  0%| F|  |TAMS 0x000000008d400000, 0x000000008d400000| Untracked 
| 213|0x000000008d500000, 0x000000008d500000, 0x000000008d600000|  0%| F|  |TAMS 0x000000008d500000, 0x000000008d500000| Untracked 
| 214|0x000000008d600000, 0x000000008d600000, 0x000000008d700000|  0%| F|  |TAMS 0x000000008d600000, 0x000000008d600000| Untracked 
| 215|0x000000008d700000, 0x000000008d700000, 0x000000008d800000|  0%| F|  |TAMS 0x000000008d700000, 0x000000008d700000| Untracked 
| 216|0x000000008d800000, 0x000000008d800000, 0x000000008d900000|  0%| F|  |TAMS 0x000000008d800000, 0x000000008d800000| Untracked 
| 217|0x000000008d900000, 0x000000008d900000, 0x000000008da00000|  0%| F|  |TAMS 0x000000008d900000, 0x000000008d900000| Untracked 
| 218|0x000000008da00000, 0x000000008da00000, 0x000000008db00000|  0%| F|  |TAMS 0x000000008da00000, 0x000000008da00000| Untracked 
| 219|0x000000008db00000, 0x000000008dbffce8, 0x000000008dc00000| 99%| E|  |TAMS 0x000000008db00000, 0x000000008db00000| Complete 
| 220|0x000000008dc00000, 0x000000008dd00000, 0x000000008dd00000|100%| E|CS|TAMS 0x000000008dc00000, 0x000000008dc00000| Complete 
| 221|0x000000008dd00000, 0x000000008de00000, 0x000000008de00000|100%| E|CS|TAMS 0x000000008dd00000, 0x000000008dd00000| Complete 
| 222|0x000000008de00000, 0x000000008df00000, 0x000000008df00000|100%| S|CS|TAMS 0x000000008de00000, 0x000000008de00000| Complete 
| 223|0x000000008df00000, 0x000000008e000000, 0x000000008e000000|100%| E|CS|TAMS 0x000000008df00000, 0x000000008df00000| Complete 
| 224|0x000000008e000000, 0x000000008e100000, 0x000000008e100000|100%| E|  |TAMS 0x000000008e000000, 0x000000008e000000| Complete 
| 225|0x000000008e100000, 0x000000008e200000, 0x000000008e200000|100%| E|CS|TAMS 0x000000008e100000, 0x000000008e100000| Complete 

Card table byte_map: [0x0000021b98ad0000,0x0000021b98ed0000] _byte_map_base: 0x0000021b986d0000

Marking Bits (Prev, Next): (CMBitMap*) 0x0000021b85c10b60, (CMBitMap*) 0x0000021b85c10b28
 Prev Bits: [0x0000021b9b2d0000, 0x0000021b9d2d0000)
 Next Bits: [0x0000021b992d0000, 0x0000021b9b2d0000)

Polling page: 0x0000021b83ba0000

Metaspace:

Usage:
  Non-class:     93.21 MB capacity,    91.73 MB ( 98%) used,     1.20 MB (  1%) free+waste,   287.69 KB ( <1%) overhead. 
      Class:     13.93 MB capacity,    13.09 MB ( 94%) used,   735.62 KB (  5%) free+waste,   126.31 KB ( <1%) overhead. 
       Both:    107.14 MB capacity,   104.82 MB ( 98%) used,     1.92 MB (  2%) free+waste,   414.00 KB ( <1%) overhead. 

Virtual space:
  Non-class space:       94.00 MB reserved,      93.37 MB (>99%) committed 
      Class space:        1.00 GB reserved,      14.00 MB (  1%) committed 
             Both:        1.09 GB reserved,     107.37 MB ( 10%) committed 

Chunk freelists:
   Non-Class:  1.00 KB
       Class:  8.00 KB
        Both:  9.00 KB

MaxMetaspaceSize: 17179869184.00 GB
CompressedClassSpaceSize: 1.00 GB

CodeHeap 'non-profiled nmethods': size=120064Kb used=8450Kb max_used=8450Kb free=111613Kb
 bounds [0x0000021b91190000, 0x0000021b919e0000, 0x0000021b986d0000]
CodeHeap 'profiled nmethods': size=120000Kb used=33873Kb max_used=33873Kb free=86127Kb
 bounds [0x0000021b89c60000, 0x0000021b8bd80000, 0x0000021b91190000]
CodeHeap 'non-nmethods': size=5696Kb used=2317Kb max_used=2379Kb free=3379Kb
 bounds [0x0000021b896d0000, 0x0000021b89940000, 0x0000021b89c60000]
 total_blobs=16062 nmethods=15114 adapters=860
 compilation: enabled
              stopped_count=0, restarted_count=0
 full_count=0

Compilation events (20 events):
Event: 260.416 Thread 0x0000021ba0119800 15518       3       sun.management.ManagementFactoryHelper::getMemoryPoolMXBeans (51 bytes)
Event: 260.419 Thread 0x0000021ba0119800 nmethod 15518 0x0000021b8bd67110 code [0x0000021b8bd67360, 0x0000021b8bd67e58]
Event: 260.428 Thread 0x0000021ba0119800 15519   !   3       com.esotericsoftware.kryo.io.Input::close (19 bytes)
Event: 260.429 Thread 0x0000021ba0119800 nmethod 15519 0x0000021b8bd68290 code [0x0000021b8bd68460, 0x0000021b8bd68688]
Event: 260.431 Thread 0x0000021ba0119800 15520       3       org.gradle.internal.component.external.model.AbstractConfigurationMetadata::getConfigDependencies (36 bytes)
Event: 260.432 Thread 0x0000021ba0119800 nmethod 15520 0x0000021b8bd68790 code [0x0000021b8bd68960, 0x0000021b8bd68d18]
Event: 260.530 Thread 0x0000021ba0119800 15521       3       org.gradle.api.internal.artifacts.dsl.ComponentMetadataRuleContainer::isEmpty (10 bytes)
Event: 260.530 Thread 0x0000021ba0119800 nmethod 15521 0x0000021b8bd68e10 code [0x0000021b8bd68fc0, 0x0000021b8bd69188]
Event: 260.596 Thread 0x0000021ba0119800 15522       3       org.gradle.internal.component.external.model.GradleDependencyMetadata::isTransitive (13 bytes)
Event: 260.597 Thread 0x0000021ba0119800 nmethod 15522 0x0000021b8bd69290 code [0x0000021b8bd69440, 0x0000021b8bd695d8]
Event: 260.604 Thread 0x0000021ba0119800 15523       3       org.gradle.api.internal.artifacts.ivyservice.resolveengine.graph.selectors.SelectorStateResolver::resolveSingleSelector (62 bytes)
Event: 260.605 Thread 0x0000021ba0119800 nmethod 15523 0x0000021b8bd69690 code [0x0000021b8bd69880, 0x0000021b8bd69d38]
Event: 260.606 Thread 0x0000021ba0119800 15525       3       org.gradle.api.internal.artifacts.ivyservice.resolveengine.graph.selectors.SelectorStateResolver::createAllRejects (116 bytes)
Event: 260.609 Thread 0x0000021ba0119800 nmethod 15525 0x0000021b8bd69f10 code [0x0000021b8bd6a1e0, 0x0000021b8bd6b068]
Event: 260.609 Thread 0x0000021ba0119800 15526       3       org.gradle.api.internal.artifacts.ivyservice.resolveengine.graph.selectors.SelectorStateResolver::resolveSelectors (71 bytes)
Event: 260.612 Thread 0x0000021ba0119800 nmethod 15526 0x0000021b8bd6b510 code [0x0000021b8bd6b7e0, 0x0000021b8bd6c5e8]
Event: 260.612 Thread 0x0000021ba0119800 15527       3       org.gradle.api.internal.artifacts.ivyservice.resolveengine.graph.builder.ModuleResolveState::maybeUpdateSelection (108 bytes)
Event: 260.615 Thread 0x0000021ba0119800 nmethod 15527 0x0000021b8bd6ca10 code [0x0000021b8bd6cc20, 0x0000021b8bd6d258]
Event: 260.615 Thread 0x0000021ba0119800 15524       3       org.gradle.api.internal.artifacts.ivyservice.resolveengine.graph.selectors.SelectorStateResolver::selectBest (193 bytes)
Event: 260.621 Thread 0x0000021ba0119800 nmethod 15524 0x0000021b8bd6d410 code [0x0000021b8bd6d800, 0x0000021b8bd6f498]

GC Heap History (20 events):
Event: 113.703 GC heap before
{Heap before GC invocations=99 (full 0):
 garbage-first heap   total 192512K, used 165688K [0x0000000080000000, 0x0000000100000000)
  region size 1024K, 30 young (30720K), 3 survivors (3072K)
 Metaspace       used 91888K, capacity 94006K, committed 94076K, reserved 1130496K
  class space    used 11706K, capacity 12513K, committed 12544K, reserved 1048576K
}
Event: 113.729 GC heap after
{Heap after GC invocations=100 (full 0):
 garbage-first heap   total 192512K, used 127154K [0x0000000080000000, 0x0000000100000000)
  region size 1024K, 4 young (4096K), 4 survivors (4096K)
 Metaspace       used 91888K, capacity 94006K, committed 94076K, reserved 1130496K
  class space    used 11706K, capacity 12513K, committed 12544K, reserved 1048576K
}
Event: 115.443 GC heap before
{Heap before GC invocations=100 (full 0):
 garbage-first heap   total 192512K, used 152754K [0x0000000080000000, 0x0000000100000000)
  region size 1024K, 30 young (30720K), 4 survivors (4096K)
 Metaspace       used 94362K, capacity 96438K, committed 96636K, reserved 1132544K
  class space    used 11889K, capacity 12705K, committed 12800K, reserved 1048576K
}
Event: 115.490 GC heap after
{Heap after GC invocations=101 (full 0):
 garbage-first heap   total 192512K, used 130032K [0x0000000080000000, 0x0000000100000000)
  region size 1024K, 3 young (3072K), 3 survivors (3072K)
 Metaspace       used 94362K, capacity 96438K, committed 96636K, reserved 1132544K
  class space    used 11889K, capacity 12705K, committed 12800K, reserved 1048576K
}
Event: 116.568 GC heap before
{Heap before GC invocations=102 (full 0):
 garbage-first heap   total 192512K, used 136176K [0x0000000080000000, 0x0000000100000000)
  region size 1024K, 29 young (29696K), 3 survivors (3072K)
 Metaspace       used 94633K, capacity 96694K, committed 96892K, reserved 1134592K
  class space    used 11905K, capacity 12705K, committed 12800K, reserved 1048576K
}
Event: 116.593 GC heap after
{Heap after GC invocations=103 (full 0):
 garbage-first heap   total 192512K, used 114398K [0x0000000080000000, 0x0000000100000000)
  region size 1024K, 4 young (4096K), 4 survivors (4096K)
 Metaspace       used 94633K, capacity 96694K, committed 96892K, reserved 1134592K
  class space    used 11905K, capacity 12705K, committed 12800K, reserved 1048576K
}
Event: 116.704 GC heap before
{Heap before GC invocations=103 (full 0):
 garbage-first heap   total 192512K, used 118494K [0x0000000080000000, 0x0000000100000000)
  region size 1024K, 9 young (9216K), 4 survivors (4096K)
 Metaspace       used 94739K, capacity 96790K, committed 96892K, reserved 1134592K
  class space    used 11914K, capacity 12737K, committed 12800K, reserved 1048576K
}
Event: 116.732 GC heap after
{Heap after GC invocations=104 (full 0):
 garbage-first heap   total 231424K, used 98680K [0x0000000080000000, 0x0000000100000000)
  region size 1024K, 2 young (2048K), 2 survivors (2048K)
 Metaspace       used 94739K, capacity 96790K, committed 96892K, reserved 1134592K
  class space    used 11914K, capacity 12737K, committed 12800K, reserved 1048576K
}
Event: 126.864 GC heap before
{Heap before GC invocations=104 (full 0):
 garbage-first heap   total 231424K, used 149880K [0x0000000080000000, 0x0000000100000000)
  region size 1024K, 53 young (54272K), 2 survivors (2048K)
 Metaspace       used 96329K, capacity 98449K, committed 98556K, reserved 1134592K
  class space    used 12067K, capacity 12889K, committed 12928K, reserved 1048576K
}
Event: 126.891 GC heap after
{Heap after GC invocations=105 (full 0):
 garbage-first heap   total 231424K, used 100937K [0x0000000080000000, 0x0000000100000000)
  region size 1024K, 4 young (4096K), 4 survivors (4096K)
 Metaspace       used 96329K, capacity 98449K, committed 98556K, reserved 1134592K
  class space    used 12067K, capacity 12889K, committed 12928K, reserved 1048576K
}
Event: 134.602 GC heap before
{Heap before GC invocations=105 (full 0):
 garbage-first heap   total 231424K, used 156233K [0x0000000080000000, 0x0000000100000000)
  region size 1024K, 59 young (60416K), 4 survivors (4096K)
 Metaspace       used 98019K, capacity 100166K, committed 100220K, reserved 1136640K
  class space    used 12241K, capacity 13048K, committed 13056K, reserved 1048576K
}
Event: 134.638 GC heap after
{Heap after GC invocations=106 (full 0):
 garbage-first heap   total 231424K, used 105751K [0x0000000080000000, 0x0000000100000000)
  region size 1024K, 8 young (8192K), 8 survivors (8192K)
 Metaspace       used 98019K, capacity 100166K, committed 100220K, reserved 1136640K
  class space    used 12241K, capacity 13048K, committed 13056K, reserved 1048576K
}
Event: 137.371 GC heap before
{Heap before GC invocations=106 (full 0):
 garbage-first heap   total 231424K, used 162071K [0x0000000080000000, 0x0000000100000000)
  region size 1024K, 64 young (65536K), 8 survivors (8192K)
 Metaspace       used 100860K, capacity 102996K, committed 103164K, reserved 1138688K
  class space    used 12620K, capacity 13433K, committed 13440K, reserved 1048576K
}
Event: 137.414 GC heap after
{Heap after GC invocations=107 (full 0):
 garbage-first heap   total 231424K, used 108141K [0x0000000080000000, 0x0000000100000000)
  region size 1024K, 3 young (3072K), 3 survivors (3072K)
 Metaspace       used 100860K, capacity 102996K, committed 103164K, reserved 1138688K
  class space    used 12620K, capacity 13433K, committed 13440K, reserved 1048576K
}
Event: 158.262 GC heap before
{Heap before GC invocations=107 (full 0):
 garbage-first heap   total 231424K, used 166509K [0x0000000080000000, 0x0000000100000000)
  region size 1024K, 61 young (62464K), 3 survivors (3072K)
 Metaspace       used 102019K, capacity 104183K, committed 104316K, reserved 1140736K
  class space    used 12716K, capacity 13551K, committed 13568K, reserved 1048576K
}
Event: 158.286 GC heap after
{Heap after GC invocations=108 (full 0):
 garbage-first heap   total 231424K, used 111330K [0x0000000080000000, 0x0000000100000000)
  region size 1024K, 6 young (6144K), 6 survivors (6144K)
 Metaspace       used 102019K, capacity 104183K, committed 104316K, reserved 1140736K
  class space    used 12716K, capacity 13551K, committed 13568K, reserved 1048576K
}
Event: 172.498 GC heap before
{Heap before GC invocations=109 (full 0):
 garbage-first heap   total 231424K, used 173794K [0x0000000080000000, 0x0000000100000000)
  region size 1024K, 71 young (72704K), 6 survivors (6144K)
 Metaspace       used 106826K, capacity 109168K, committed 109308K, reserved 1144832K
  class space    used 13351K, capacity 14200K, committed 14208K, reserved 1048576K
}
Event: 172.543 GC heap after
{Heap after GC invocations=110 (full 0):
 garbage-first heap   total 231424K, used 112597K [0x0000000080000000, 0x0000000100000000)
  region size 1024K, 8 young (8192K), 8 survivors (8192K)
 Metaspace       used 106826K, capacity 109168K, committed 109308K, reserved 1144832K
  class space    used 13351K, capacity 14200K, committed 14208K, reserved 1048576K
}
Event: 183.407 GC heap before
{Heap before GC invocations=110 (full 0):
 garbage-first heap   total 231424K, used 115669K [0x0000000080000000, 0x0000000100000000)
  region size 1024K, 11 young (11264K), 8 survivors (8192K)
 Metaspace       used 107158K, capacity 109545K, committed 109692K, reserved 1144832K
  class space    used 13398K, capacity 14258K, committed 14336K, reserved 1048576K
}
Event: 183.443 GC heap after
{Heap after GC invocations=111 (full 0):
 garbage-first heap   total 231424K, used 103751K [0x0000000080000000, 0x0000000100000000)
  region size 1024K, 1 young (1024K), 1 survivors (1024K)
 Metaspace       used 107158K, capacity 109545K, committed 109692K, reserved 1144832K
  class space    used 13398K, capacity 14258K, committed 14336K, reserved 1048576K
}

Deoptimization events (20 events):
Event: 259.263 Thread 0x0000021baab2e000 Uncommon trap: trap_request=0xffffffc6 fr.pc=0x0000021b918b8424 relative=0x00000000000002c4
Event: 259.263 Thread 0x0000021baab2e000 Uncommon trap: reason=bimorphic_or_optimized_type_check action=maybe_recompile pc=0x0000021b918b8424 method=java.util.WeakHashMap.eq(Ljava/lang/Object;Ljava/lang/Object;)Z @ 7 c2
Event: 259.263 Thread 0x0000021baab2e000 DEOPT PACKING pc=0x0000021b918b8424 sp=0x000000c564afa200
Event: 259.263 Thread 0x0000021baab2e000 DEOPT UNPACKING pc=0x0000021b896f62a9 sp=0x000000c564afa128 mode 2
Event: 259.265 Thread 0x0000021baab2e000 Uncommon trap: trap_request=0xffffffc6 fr.pc=0x0000021b918b8424 relative=0x00000000000002c4
Event: 259.265 Thread 0x0000021baab2e000 Uncommon trap: reason=bimorphic_or_optimized_type_check action=maybe_recompile pc=0x0000021b918b8424 method=java.util.WeakHashMap.eq(Ljava/lang/Object;Ljava/lang/Object;)Z @ 7 c2
Event: 259.265 Thread 0x0000021baab2e000 DEOPT PACKING pc=0x0000021b918b8424 sp=0x000000c564afa200
Event: 259.265 Thread 0x0000021baab2e000 DEOPT UNPACKING pc=0x0000021b896f62a9 sp=0x000000c564afa128 mode 2
Event: 259.266 Thread 0x0000021baab2e000 Uncommon trap: trap_request=0xffffffc6 fr.pc=0x0000021b918b8424 relative=0x00000000000002c4
Event: 259.266 Thread 0x0000021baab2e000 Uncommon trap: reason=bimorphic_or_optimized_type_check action=maybe_recompile pc=0x0000021b918b8424 method=java.util.WeakHashMap.eq(Ljava/lang/Object;Ljava/lang/Object;)Z @ 7 c2
Event: 259.266 Thread 0x0000021baab2e000 DEOPT PACKING pc=0x0000021b918b8424 sp=0x000000c564afa200
Event: 259.266 Thread 0x0000021baab2e000 DEOPT UNPACKING pc=0x0000021b896f62a9 sp=0x000000c564afa128 mode 2
Event: 259.266 Thread 0x0000021baab2e000 Uncommon trap: trap_request=0xffffffc6 fr.pc=0x0000021b918b8424 relative=0x00000000000002c4
Event: 259.266 Thread 0x0000021baab2e000 Uncommon trap: reason=bimorphic_or_optimized_type_check action=maybe_recompile pc=0x0000021b918b8424 method=java.util.WeakHashMap.eq(Ljava/lang/Object;Ljava/lang/Object;)Z @ 7 c2
Event: 259.266 Thread 0x0000021baab2e000 DEOPT PACKING pc=0x0000021b918b8424 sp=0x000000c564afa200
Event: 259.266 Thread 0x0000021baab2e000 DEOPT UNPACKING pc=0x0000021b896f62a9 sp=0x000000c564afa128 mode 2
Event: 259.995 Thread 0x0000021baab2e000 Uncommon trap: trap_request=0xffffffde fr.pc=0x0000021b9184b154 relative=0x00000000000015d4
Event: 259.995 Thread 0x0000021baab2e000 Uncommon trap: reason=class_check action=maybe_recompile pc=0x0000021b9184b154 method=org.gradle.cache.internal.LockOnDemandCrossProcessCacheAccess.incrementLockCount()V @ 97 c2
Event: 259.995 Thread 0x0000021baab2e000 DEOPT PACKING pc=0x0000021b9184b154 sp=0x000000c564af7120
Event: 259.995 Thread 0x0000021baab2e000 DEOPT UNPACKING pc=0x0000021b896f62a9 sp=0x000000c564af7130 mode 2

Classes redefined (0 events):
No events

Internal exceptions (20 events):
Event: 157.654 Thread 0x0000021baab30800 Exception <a 'sun/nio/fs/WindowsException'{0x000000008b575e20}> (0x000000008b575e20) thrown at [./src/hotspot/share/prims/jni.cpp, line 615]
Event: 157.666 Thread 0x0000021baab30800 Implicit null exception at 0x0000021b918571f8 to 0x0000021b91857370
Event: 157.666 Thread 0x0000021baab30800 Implicit null exception at 0x0000021b91850bdf to 0x0000021b91850d30
Event: 162.917 Thread 0x0000021ba1a16800 Exception <a 'java/lang/NoSuchMethodError'{0x000000008b8e22e0}: 'int java.lang.invoke.DirectMethodHandle$Holder.invokeSpecial(java.lang.Object, java.lang.Object, java.lang.Object, java.lang.Object, java.lang.Object)'> (0x000000008b8e22e0) thrown at [./src/hotspot/share/interpreter/linkResolver.cpp, line 773]
Event: 167.047 Thread 0x0000021ba1a16800 Exception <a 'java/net/ConnectException'{0x000000008ac51138}: Connection refused: connect> (0x000000008ac51138) thrown at [./src/hotspot/share/prims/jni.cpp, line 636]
Event: 168.063 Thread 0x0000021ba1a16800 Exception <a 'java/net/ConnectException'{0x000000008ac527f8}: Connection refused: connect> (0x000000008ac527f8) thrown at [./src/hotspot/share/prims/jni.cpp, line 636]
Event: 169.076 Thread 0x0000021ba1a16800 Exception <a 'java/net/ConnectException'{0x000000008ac53d20}: Connection refused: connect> (0x000000008ac53d20) thrown at [./src/hotspot/share/prims/jni.cpp, line 636]
Event: 171.334 Thread 0x0000021ba1a16800 Exception <a 'java/lang/reflect/InvocationTargetException'{0x000000008a7a0940}> (0x000000008a7a0940) thrown at [./src/hotspot/share/runtime/reflection.cpp, line 1247]
Event: 171.406 Thread 0x0000021ba0654000 Exception <a 'java/lang/NoSuchMethodError'{0x000000008a50b100}: <clinit>> (0x000000008a50b100) thrown at [./src/hotspot/share/prims/jni.cpp, line 1362]
Event: 171.414 Thread 0x0000021ba0654000 Exception <a 'java/lang/NoSuchMethodError'{0x000000008a51df28}: <clinit>> (0x000000008a51df28) thrown at [./src/hotspot/share/prims/jni.cpp, line 1362]
Event: 171.568 Thread 0x0000021ba15a5000 Exception <a 'sun/nio/fs/WindowsException'{0x000000008a5d13c8}> (0x000000008a5d13c8) thrown at [./src/hotspot/share/prims/jni.cpp, line 615]
Event: 171.571 Thread 0x0000021ba15a5000 Exception <a 'sun/nio/fs/WindowsException'{0x000000008a5d1448}> (0x000000008a5d1448) thrown at [./src/hotspot/share/prims/jni.cpp, line 615]
Event: 171.584 Thread 0x0000021ba15a5000 Exception <a 'sun/nio/fs/WindowsException'{0x000000008a5e2e70}> (0x000000008a5e2e70) thrown at [./src/hotspot/share/prims/jni.cpp, line 615]
Event: 172.900 Thread 0x0000021ba1ac9000 Exception <a 'java/lang/NoSuchMethodError'{0x000000008df61238}: <clinit>> (0x000000008df61238) thrown at [./src/hotspot/share/prims/jni.cpp, line 1362]
Event: 172.905 Thread 0x0000021ba1ac9000 Exception <a 'java/lang/NoSuchMethodError'{0x000000008df72c58}: <clinit>> (0x000000008df72c58) thrown at [./src/hotspot/share/prims/jni.cpp, line 1362]
Event: 172.907 Thread 0x0000021ba1ac9000 Exception <a 'java/lang/NoSuchMethodError'{0x000000008df74340}: <clinit>> (0x000000008df74340) thrown at [./src/hotspot/share/prims/jni.cpp, line 1362]
Event: 172.914 Thread 0x0000021ba1ac9000 Exception <a 'java/lang/NoSuchMethodError'{0x000000008df87078}: <clinit>> (0x000000008df87078) thrown at [./src/hotspot/share/prims/jni.cpp, line 1362]
Event: 172.917 Thread 0x0000021ba1ac9000 Exception <a 'java/lang/NoSuchMethodError'{0x000000008df93aa8}: <clinit>> (0x000000008df93aa8) thrown at [./src/hotspot/share/prims/jni.cpp, line 1362]
Event: 178.181 Thread 0x0000021ba1085000 Implicit null exception at 0x0000021b91810614 to 0x0000021b91810b88
Event: 178.181 Thread 0x0000021ba1085000 Implicit null exception at 0x0000021b9151fb94 to 0x0000021b915200fc

Events (20 events):
Event: 258.247 Executing VM operation: RevokeBias done
Event: 258.247 Executing VM operation: BulkRevokeBias
Event: 258.250 Executing VM operation: BulkRevokeBias done
Event: 258.317 Thread 0x0000021baab34000 Thread added: 0x0000021baab34000
Event: 258.373 Executing VM operation: RevokeBias
Event: 258.373 Executing VM operation: RevokeBias done
Event: 258.403 Executing VM operation: RevokeBias
Event: 258.403 Executing VM operation: RevokeBias done
Event: 258.743 Thread 0x0000021baab37000 Thread added: 0x0000021baab37000
Event: 258.995 Thread 0x0000021baab31800 Thread added: 0x0000021baab31800
Event: 259.066 Thread 0x0000021baab3a800 Thread added: 0x0000021baab3a800
Event: 259.183 Thread 0x0000021baab34800 Thread added: 0x0000021baab34800
Event: 259.252 Executing VM operation: RevokeBias
Event: 259.253 Executing VM operation: RevokeBias done
Event: 259.262 Executing VM operation: RevokeBias
Event: 259.263 Executing VM operation: RevokeBias done
Event: 259.270 Thread 0x0000021bad8dd800 Thread added: 0x0000021bad8dd800
Event: 259.274 Executing VM operation: RevokeBias
Event: 259.275 Executing VM operation: RevokeBias done
Event: 259.961 Thread 0x0000021baab38000 Thread added: 0x0000021baab38000


Dynamic libraries:
0x00007ff6ddfe0000 - 0x00007ff6ddfea000 	D:\Alondra\programs\Android Studio\jre\bin\java.exe
0x00007ffa15de0000 - 0x00007ffa15fa1000 	C:\Windows\SYSTEM32\ntdll.dll
0x00007ffa13f70000 - 0x00007ffa1401d000 	C:\Windows\system32\KERNEL32.DLL
0x00007ffa12490000 - 0x00007ffa12678000 	C:\Windows\system32\KERNELBASE.dll
0x00007ffa10bf0000 - 0x00007ffa10c69000 	C:\Windows\system32\apphelp.dll
0x00007ffa01500000 - 0x00007ffa01519000 	D:\Alondra\programs\Android Studio\jre\bin\jli.dll
0x00007ff9e9e00000 - 0x00007ff9e9e17000 	D:\Alondra\programs\Android Studio\jre\bin\VCRUNTIME140.dll
0x00007ffa11590000 - 0x00007ffa11684000 	C:\Windows\SYSTEM32\ucrtbase.dll
0x00007ffa13330000 - 0x00007ffa13486000 	C:\Windows\system32\USER32.dll
0x00007ffa140a0000 - 0x00007ffa14226000 	C:\Windows\system32\GDI32.dll
0x00007ff9f87e0000 - 0x00007ff9f8a54000 	C:\Windows\WinSxS\amd64_microsoft.windows.common-controls_6595b64144ccf1df_6.0.10586.0_none_8c15ae12515e1c22\COMCTL32.dll
0x00007ffa13490000 - 0x00007ffa1352d000 	C:\Windows\system32\msvcrt.dll
0x00007ffa13c20000 - 0x00007ffa13e9d000 	C:\Windows\system32\combase.dll
0x00007ffa14230000 - 0x00007ffa1434c000 	C:\Windows\system32\RPCRT4.dll
0x00007ffa12900000 - 0x00007ffa1296a000 	C:\Windows\system32\bcryptPrimitives.dll
0x00007ffa14400000 - 0x00007ffa1443b000 	C:\Windows\system32\IMM32.DLL
0x00007ff9e7fc0000 - 0x00007ff9e805d000 	D:\Alondra\programs\Android Studio\jre\bin\msvcp140.dll
0x00007ff9e4d50000 - 0x00007ff9e5825000 	D:\Alondra\programs\Android Studio\jre\bin\server\jvm.dll
0x00007ffa13660000 - 0x00007ffa13707000 	C:\Windows\system32\ADVAPI32.dll
0x00007ffa138b0000 - 0x00007ffa1390b000 	C:\Windows\system32\sechost.dll
0x00007ffa13890000 - 0x00007ffa13898000 	C:\Windows\system32\PSAPI.DLL
0x00007ffa10570000 - 0x00007ffa10593000 	C:\Windows\SYSTEM32\WINMM.dll
0x00007ffa01870000 - 0x00007ffa0187a000 	C:\Windows\SYSTEM32\VERSION.dll
0x00007ffa02bb0000 - 0x00007ffa02bb9000 	C:\Windows\SYSTEM32\WSOCK32.dll
0x00007ffa13ea0000 - 0x00007ffa13f0b000 	C:\Windows\system32\WS2_32.dll
0x0000021b83a70000 - 0x0000021b83a9c000 	C:\Windows\SYSTEM32\WINMMBASE.dll
0x00007ffa12b20000 - 0x00007ffa12b63000 	C:\Windows\system32\cfgmgr32.dll
0x00007ffa12410000 - 0x00007ffa1241f000 	C:\Windows\system32\kernel.appcore.dll
0x00007ff9ff330000 - 0x00007ff9ff341000 	D:\Alondra\programs\Android Studio\jre\bin\verify.dll
0x00007ffa0fcc0000 - 0x00007ffa0fe4c000 	C:\Windows\SYSTEM32\DBGHELP.DLL
0x00007ff9f64c0000 - 0x00007ff9f64e5000 	C:\Windows\SYSTEM32\dbgcore.DLL
0x00007ff9f76d0000 - 0x00007ff9f76f9000 	D:\Alondra\programs\Android Studio\jre\bin\java.dll
0x00007ffa014b0000 - 0x00007ffa014bb000 	D:\Alondra\programs\Android Studio\jre\bin\jimage.dll
0x00007ff9f8c60000 - 0x00007ff9f8c78000 	D:\Alondra\programs\Android Studio\jre\bin\zip.dll
0x00007ffa14440000 - 0x00007ffa1599f000 	C:\Windows\system32\SHELL32.dll
0x00007ffa12b90000 - 0x00007ffa131d4000 	C:\Windows\system32\windows.storage.dll
0x00007ffa14020000 - 0x00007ffa14072000 	C:\Windows\system32\shlwapi.dll
0x00007ffa12a60000 - 0x00007ffa12b15000 	C:\Windows\system32\shcore.dll
0x00007ffa12420000 - 0x00007ffa1246b000 	C:\Windows\system32\powrprof.dll
0x00007ffa12470000 - 0x00007ffa12484000 	C:\Windows\system32\profapi.dll
0x00007ff9f76b0000 - 0x00007ff9f76ca000 	D:\Alondra\programs\Android Studio\jre\bin\net.dll
0x00007ffa06c90000 - 0x00007ffa06d58000 	C:\Windows\SYSTEM32\WINHTTP.dll
0x00007ffa11cd0000 - 0x00007ffa11d2c000 	C:\Windows\system32\mswsock.dll
0x00007ff9f6220000 - 0x00007ff9f6234000 	D:\Alondra\programs\Android Studio\jre\bin\nio.dll
0x00007ffa014c0000 - 0x00007ffa014e7000 	D:\Alondra\AndroidStudioProjects\native\e1d6ef7f7dcc3fd88c89a11ec53ec762bb8ba0a96d01ffa2cd45eb1d1d8dd5c5\windows-amd64\native-platform.dll
0x00007ffa01480000 - 0x00007ffa0148a000 	D:\Alondra\programs\Android Studio\jre\bin\management.dll
0x00007ffa00600000 - 0x00007ffa0060d000 	D:\Alondra\programs\Android Studio\jre\bin\management_ext.dll
0x00007ffa11d80000 - 0x00007ffa11d97000 	C:\Windows\SYSTEM32\CRYPTSP.dll
0x00007ffa11a10000 - 0x00007ffa11a44000 	C:\Windows\system32\rsaenh.dll
0x00007ffa12330000 - 0x00007ffa12359000 	C:\Windows\SYSTEM32\bcrypt.dll
0x00007ffa11b60000 - 0x00007ffa11b7f000 	C:\Windows\SYSTEM32\USERENV.dll
0x00007ffa11ea0000 - 0x00007ffa11eab000 	C:\Windows\SYSTEM32\CRYPTBASE.dll
0x00007ffa05920000 - 0x00007ffa05958000 	C:\Windows\SYSTEM32\IPHLPAPI.DLL
0x00007ffa138a0000 - 0x00007ffa138a8000 	C:\Windows\system32\NSI.dll
0x00007ffa04e10000 - 0x00007ffa04e26000 	C:\Windows\SYSTEM32\dhcpcsvc6.DLL
0x00007ffa04df0000 - 0x00007ffa04e0a000 	C:\Windows\SYSTEM32\dhcpcsvc.DLL
0x00007ffa118f0000 - 0x00007ffa11921000 	C:\Windows\SYSTEM32\ntmarta.dll
0x00007ff9ffa90000 - 0x00007ff9ffb2c000 	C:\Windows\SYSTEM32\efswrt.dll
0x00007ffa13590000 - 0x00007ffa13651000 	C:\Windows\system32\OLEAUT32.dll
0x00007ffa0ee70000 - 0x00007ffa0efa6000 	C:\Windows\SYSTEM32\wintypes.dll
0x00007ff9ff920000 - 0x00007ff9ff970000 	C:\Windows\SYSTEM32\edputil.dll
0x00007ff9e9d10000 - 0x00007ff9e9d2e000 	D:\tmp\native-platform7415853373401631266dir\native-platform.dll

dbghelp: loaded successfully - version: 4.0.5 - missing functions: none
symbol engine: initialized successfully - sym options: 0x614 - pdb path: .;D:\Alondra\programs\Android Studio\jre\bin;C:\Windows\SYSTEM32;C:\Windows\WinSxS\amd64_microsoft.windows.common-controls_6595b64144ccf1df_6.0.10586.0_none_8c15ae12515e1c22;D:\Alondra\programs\Android Studio\jre\bin\server;D:\Alondra\AndroidStudioProjects\native\e1d6ef7f7dcc3fd88c89a11ec53ec762bb8ba0a96d01ffa2cd45eb1d1d8dd5c5\windows-amd64;D:\tmp\native-platform7415853373401631266dir

VM Arguments:
jvm_args: --add-opens=java.base/java.util=ALL-UNNAMED --add-opens=java.base/java.lang=ALL-UNNAMED --add-opens=java.base/java.lang.invoke=ALL-UNNAMED --add-opens=java.base/java.util=ALL-UNNAMED --add-opens=java.prefs/java.util.prefs=ALL-UNNAMED --add-opens=java.prefs/java.util.prefs=ALL-UNNAMED --add-opens=java.base/java.nio.charset=ALL-UNNAMED --add-opens=java.base/java.net=ALL-UNNAMED --add-opens=java.base/java.util.concurrent.atomic=ALL-UNNAMED -Xmx2048m -Dfile.encoding=UTF-8 -Duser.country=419 -Duser.language=es -Duser.variant 
java_command: org.gradle.launcher.daemon.bootstrap.GradleDaemon 7.2
java_class_path (initial): D:\Alondra\AndroidStudioProjects\wrapper\dists\gradle-7.2-bin\2dnblmf4td7x66yl1d74lt32g\gradle-7.2\lib\gradle-launcher-7.2.jar
Launcher Type: SUN_STANDARD

[Global flags]
     intx CICompilerCount                          = 3                                         {product} {ergonomic}
     uint ConcGCThreads                            = 1                                         {product} {ergonomic}
     uint G1ConcRefinementThreads                  = 4                                         {product} {ergonomic}
   size_t G1HeapRegionSize                         = 1048576                                   {product} {ergonomic}
    uintx GCDrainStackTargetSize                   = 64                                        {product} {ergonomic}
   size_t InitialHeapSize                          = 65011712                                  {product} {ergonomic}
   size_t MarkStackSize                            = 4194304                                   {product} {ergonomic}
   size_t MaxHeapSize                              = 2147483648                                {product} {command line}
   size_t MaxNewSize                               = 1287651328                                {product} {ergonomic}
   size_t MinHeapDeltaBytes                        = 1048576                                   {product} {ergonomic}
    uintx NonNMethodCodeHeapSize                   = 5830732                                {pd product} {ergonomic}
    uintx NonProfiledCodeHeapSize                  = 122913754                              {pd product} {ergonomic}
    uintx ProfiledCodeHeapSize                     = 122913754                              {pd product} {ergonomic}
    uintx ReservedCodeCacheSize                    = 251658240                              {pd product} {ergonomic}
     bool SegmentedCodeCache                       = true                                      {product} {ergonomic}
     bool UseCompressedClassPointers               = true                                 {lp64_product} {ergonomic}
     bool UseCompressedOops                        = true                                 {lp64_product} {ergonomic}
     bool UseG1GC                                  = true                                      {product} {ergonomic}
     bool UseLargePagesIndividualAllocation        = false                                  {pd product} {ergonomic}

Logging:
Log output configuration:
 #0: stdout all=warning uptime,level,tags
 #1: stderr all=off uptime,level,tags

Environment Variables:
JAVA_HOME=D:\Alondra\programs\java\jdk1.8.0_281
PATH=D:\Alondra\programs\python39\Scripts\;D:\Alondra\programs\python39\;C:\Python39\Scripts\;C:\Python39\;C:\Program Files (x86)\Common Files\Oracle\Java\javapath;C:\Windows\system32;C:\Windows;C:\Windows\System32\Wbem;C:\Windows\System32\WindowsPowerShell\v1.0\;C:\Users\Alondra\AppData\Local\Programs\Python\Python39;C:\Users\Alondra\AppData\Local\Programs\Python\Python39\Scripts;C:\Program Files\dotnet\;D:\Alondra\programs\Brackets\command;D:\Alondra\programs\java\jdk1.8.0_281\bin;D:\Alondra\programs\nodejs\;C:\ProgramData\chocolatey\bin;D:\Alondra\programs\Git\cmd;D:\Alondra\programs\PuTTY\;C:\Users\Alondra\AppData\Roaming\Python\Python39\Scripts;C:\Users\Alondra\AppData\Roaming\Python\Python39;D:\Alondra\programs\PostgreSQL\13\bin;D:\Alondra\7° SEMESTRE\4.Lenguajes y Automatas ll\javacc-javacc-7.0.10\scripts;D:\Alondra\7° SEMESTRE\4.Lenguajes y Automatas ll\javacc-javacc-7.0.10\bin;D:\Alondra\programs\XAMPP\php;D:\Alondra\programs\ComposerSetup;D:\Alondra\programs\Pyhon\Scripts\;D:\Alondra\programs\Pyhon\;D:\Alondra\programs\Microsoft VS Code\bin;D:\Alondra\descargas D\curl_7_53_1_openssl_nghttp2_x64;C:\Users\Alondra\.dotnet\tools;C:\Users\Alondra\AppData\Roaming\npm;D:\Alondra\programs\Nmap;C:\Users\Alondra\AppData\Roaming\Composer\vendor\bin
USERNAME=Alondra
OS=Windows_NT
PROCESSOR_IDENTIFIER=Intel64 Family 6 Model 92 Stepping 9, GenuineIntel



---------------  S Y S T E M  ---------------

OS: Windows 10 , 64 bit Build 10586 (10.0.10586.0)
OS uptime: 0 days 8:23 hours

CPU:total 4 (initial active 4) (4 cores per cpu, 1 threads per core) family 6 model 92 stepping 9 microcode 0x2a, cmov, cx8, fxsr, mmx, sse, sse2, sse3, ssse3, sse4.1, sse4.2, popcnt, aes, clmul, erms, 3dnowpref, tsc, tscinvbit, sha

Memory: 4k page, system-wide physical 3928M (394M free)
TotalPageFile size 5207M (AvailPageFile size 5M)
current process WorkingSet (physical memory assigned to process): 127M, peak: 537M
current process commit charge ("private bytes"): 546M, peak: 565M

vm_info: OpenJDK 64-Bit Server VM (11.0.11+9-b60-7590822) for windows-amd64 JRE (11.0.11+9-b60-7590822), built on Jul 29 2021 21:43:44 by "builder" with MS VC++ 14.0 (VS2015)

END.
