#
# There is insufficient memory for the Java Runtime Environment to continue.
# Native memory allocation (mmap) failed to map 65011712 bytes for Failed to commit area from 0x00000000c2800000 to 0x00000000c6600000 of length 65011712.
# Possible reasons:
#   The system is out of physical RAM or swap space
#   The process is running with CompressedOops enabled, and the Java Heap may be blocking the growth of the native heap
# Possible solutions:
#   Reduce memory load on the system
#   Increase physical memory or swap space
#   Check if swap backing store is full
#   Decrease Java heap size (-Xmx/-Xms)
#   Decrease number of Java threads
#   Decrease Java thread stack sizes (-Xss)
#   Set larger code cache with -XX:ReservedCodeCacheSize=
# This output file may be truncated or incomplete.
#
#  Out of Memory Error (./src/hotspot/os/windows/os_windows.cpp:3301), pid=6564, tid=5988
#
# JRE version:  (11.0.11+9) (build )
# Java VM: OpenJDK 64-Bit Server VM (11.0.11+9-b60-7590822, mixed mode, sharing, tiered, compressed oops, g1 gc, windows-amd64)
# No core dump will be written. Minidumps are not enabled by default on client versions of Windows
#

---------------  S U M M A R Y ------------

Command Line: org.jetbrains.kotlin.cli.jvm.K2JVMCompiler @D:\Alondra\SimpleGetRequest\app\build\20220405_17440426152576591644.compiler.options

Host: Intel(R) Pentium(R) CPU N4200 @ 1.10GHz, 4 cores, 3G,  Windows 10 , 64 bit Build 10586 (10.0.10586.0)
Time: Tue Apr  5 22:49:22 2022 Hora de verano central (México) elapsed time: 0.030231 seconds (0d 0h 0m 0s)

---------------  T H R E A D  ---------------

Current thread (0x0000025bbd98d800):  JavaThread "Unknown thread" [_thread_in_vm, id=5988, stack(0x000000b102b00000,0x000000b102c00000)]

Stack: [0x000000b102b00000,0x000000b102c00000]
Native frames: (J=compiled Java code, j=interpreted, Vv=VM code, C=native code)
V  [jvm.dll+0x5f214a]
V  [jvm.dll+0x726fb5]
V  [jvm.dll+0x7285cd]
V  [jvm.dll+0x728c83]
V  [jvm.dll+0x243278]
V  [jvm.dll+0x5ef544]
V  [jvm.dll+0x5e4495]
V  [jvm.dll+0x2fec5b]
V  [jvm.dll+0x2febca]
V  [jvm.dll+0x2feaa2]
V  [jvm.dll+0x303986]
V  [jvm.dll+0x34c3a3]
V  [jvm.dll+0x34caa6]
V  [jvm.dll+0x34c4a3]
V  [jvm.dll+0x2d9688]
V  [jvm.dll+0x2da837]
V  [jvm.dll+0x705ba7]
V  [jvm.dll+0x70739c]
V  [jvm.dll+0x3598f9]
V  [jvm.dll+0x6e931e]
V  [jvm.dll+0x3c1c43]
V  [jvm.dll+0x3c3e81]
C  [jli.dll+0x5373]
C  [ucrtbase.dll+0x6be1d]
C  [KERNEL32.DLL+0x18102]
C  [ntdll.dll+0x5c264]


---------------  P R O C E S S  ---------------

Threads class SMR info:
_java_thread_list=0x0000025bbb8e9f20, length=0, elements={
}

Java Threads: ( => current thread )

Other Threads:
  0x0000025bbd9a7800 GCTaskThread "GC Thread#0" [stack: 0x000000b102c00000,0x000000b102d00000] [id=7772]
  0x0000025bbd9c3000 ConcurrentGCThread "G1 Main Marker" [stack: 0x000000b102d00000,0x000000b102e00000] [id=7204]
  0x0000025bbd9c4800 ConcurrentGCThread "G1 Conc#0" [stack: 0x000000b102e00000,0x000000b102f00000] [id=7856]

[error occurred during error reporting (printing all threads), id 0xc0000005, EXCEPTION_ACCESS_VIOLATION (0xc0000005) at pc=0x00007ff9e5039c47]

VM state:not at safepoint (not fully initialized)

VM Mutex/Monitor currently owned by a thread:  ([mutex/lock_event])
[0x0000025bbd988260] Heap_lock - owner thread: 0x0000025bbd98d800

Heap address: 0x00000000c2800000, size: 984 MB, Compressed Oops mode: Non-zero based: 0x00000000c2800000
Narrow klass base: 0x0000000000000000, Narrow klass shift: 0

GC Heap History (0 events):
No events

Deoptimization events (0 events):
No events

Classes redefined (0 events):
No events

Internal exceptions (0 events):
No events

Events (1 events):
Event: 0.019 Loaded shared library D:\Alondra\programs\Android Studio\jre\bin\zip.dll


Dynamic libraries:
0x00007ff6ddfe0000 - 0x00007ff6ddfea000 	D:\Alondra\programs\Android Studio\jre\bin\java.exe
0x00007ffa15de0000 - 0x00007ffa15fa1000 	C:\Windows\SYSTEM32\ntdll.dll
0x00007ffa13f70000 - 0x00007ffa1401d000 	C:\Windows\system32\KERNEL32.DLL
0x00007ffa12490000 - 0x00007ffa12678000 	C:\Windows\system32\KERNELBASE.dll
0x00007ffa10bf0000 - 0x00007ffa10c69000 	C:\Windows\system32\apphelp.dll
0x00007ffa01500000 - 0x00007ffa01519000 	D:\Alondra\programs\Android Studio\jre\bin\jli.dll
0x00007ff9e9e00000 - 0x00007ff9e9e17000 	D:\Alondra\programs\Android Studio\jre\bin\VCRUNTIME140.dll
0x00007ffa11590000 - 0x00007ffa11684000 	C:\Windows\SYSTEM32\ucrtbase.dll
0x00007ffa13330000 - 0x00007ffa13486000 	C:\Windows\system32\USER32.dll
0x00007ffa140a0000 - 0x00007ffa14226000 	C:\Windows\system32\GDI32.dll
0x00007ff9f87e0000 - 0x00007ff9f8a54000 	C:\Windows\WinSxS\amd64_microsoft.windows.common-controls_6595b64144ccf1df_6.0.10586.0_none_8c15ae12515e1c22\COMCTL32.dll
0x00007ffa13490000 - 0x00007ffa1352d000 	C:\Windows\system32\msvcrt.dll
0x00007ffa13c20000 - 0x00007ffa13e9d000 	C:\Windows\system32\combase.dll
0x00007ffa14230000 - 0x00007ffa1434c000 	C:\Windows\system32\RPCRT4.dll
0x00007ffa12900000 - 0x00007ffa1296a000 	C:\Windows\system32\bcryptPrimitives.dll
0x00007ffa14400000 - 0x00007ffa1443b000 	C:\Windows\system32\IMM32.DLL
0x00007ff9e7fc0000 - 0x00007ff9e805d000 	D:\Alondra\programs\Android Studio\jre\bin\msvcp140.dll
0x00007ff9e4d50000 - 0x00007ff9e5825000 	D:\Alondra\programs\Android Studio\jre\bin\server\jvm.dll
0x00007ffa13660000 - 0x00007ffa13707000 	C:\Windows\system32\ADVAPI32.dll
0x00007ffa138b0000 - 0x00007ffa1390b000 	C:\Windows\system32\sechost.dll
0x00007ffa13890000 - 0x00007ffa13898000 	C:\Windows\system32\PSAPI.DLL
0x00007ffa02bb0000 - 0x00007ffa02bb9000 	C:\Windows\SYSTEM32\WSOCK32.dll
0x00007ffa10570000 - 0x00007ffa10593000 	C:\Windows\SYSTEM32\WINMM.dll
0x00007ffa01870000 - 0x00007ffa0187a000 	C:\Windows\SYSTEM32\VERSION.dll
0x00007ffa13ea0000 - 0x00007ffa13f0b000 	C:\Windows\system32\WS2_32.dll
0x00007ffa10500000 - 0x00007ffa1052c000 	C:\Windows\SYSTEM32\WINMMBASE.dll
0x00007ffa12b20000 - 0x00007ffa12b63000 	C:\Windows\system32\cfgmgr32.dll
0x00007ffa12410000 - 0x00007ffa1241f000 	C:\Windows\system32\kernel.appcore.dll
0x00007ff9ff330000 - 0x00007ff9ff341000 	D:\Alondra\programs\Android Studio\jre\bin\verify.dll
0x00007ffa0fcc0000 - 0x00007ffa0fe4c000 	C:\Windows\SYSTEM32\DBGHELP.DLL
0x00007ff9f64c0000 - 0x00007ff9f64e5000 	C:\Windows\SYSTEM32\dbgcore.DLL
0x00007ff9f76d0000 - 0x00007ff9f76f9000 	D:\Alondra\programs\Android Studio\jre\bin\java.dll
0x00007ffa014b0000 - 0x00007ffa014bb000 	D:\Alondra\programs\Android Studio\jre\bin\jimage.dll
0x00007ff9f8c60000 - 0x00007ff9f8c78000 	D:\Alondra\programs\Android Studio\jre\bin\zip.dll

dbghelp: loaded successfully - version: 4.0.5 - missing functions: none
symbol engine: initialized successfully - sym options: 0x614 - pdb path: .;D:\Alondra\programs\Android Studio\jre\bin;C:\Windows\SYSTEM32;C:\Windows\WinSxS\amd64_microsoft.windows.common-controls_6595b64144ccf1df_6.0.10586.0_none_8c15ae12515e1c22;D:\Alondra\programs\Android Studio\jre\bin\server

VM Arguments:
java_command: org.jetbrains.kotlin.cli.jvm.K2JVMCompiler @D:\Alondra\SimpleGetRequest\app\build\20220405_17440426152576591644.compiler.options
java_class_path (initial): D:\Alondra\AndroidStudioProjects\caches\modules-2\files-2.1\org.jetbrains.kotlin\kotlin-compiler-embeddable\1.5.30\3362a354066df1578a057c200da23cf2a1d8144f\kotlin-compiler-embeddable-1.5.30.jar;D:\Alondra\AndroidStudioProjects\caches\modules-2\files-2.1\org.jetbrains.kotlin\kotlin-reflect\1.5.30\6773e974437dd6432aa646cc2f8ab71de42b5773\kotlin-reflect-1.5.30.jar;D:\Alondra\AndroidStudioProjects\caches\modules-2\files-2.1\org.jetbrains.kotlin\kotlin-stdlib\1.5.30\d68efdea04955974ac1020f8f66ef8176bfbce1f\kotlin-stdlib-1.5.30.jar;D:\Alondra\AndroidStudioProjects\caches\modules-2\files-2.1\org.jetbrains.kotlin\kotlin-script-runtime\1.5.30\10697ab20bfd2f1b23baa91306950c36c4e89a8d\kotlin-script-runtime-1.5.30.jar;D:\Alondra\AndroidStudioProjects\caches\modules-2\files-2.1\org.jetbrains.kotlin\kotlin-daemon-embeddable\1.5.30\e355dc9011e559a475608265607948109e113ae0\kotlin-daemon-embeddable-1.5.30.jar;D:\Alondra\AndroidStudioProjects\caches\modules-2\files-2.1\org.jetbrains.intellij.deps\trove4j\1.0.20181211\216c2e14b070f334479d800987affe4054cd563f\trove4j-1.0.20181211.jar;D:\Alondra\AndroidStudioProjects\caches\modules-2\files-2.1\org.jetbrains\annotations\13.0\919f0dfe192fb4e063e7dacadee7f8bb9a2672a9\annotations-13.0.jar;D:\Alondra\AndroidStudioProjects\caches\modules-2\files-2.1\org.jetbrains.kotlin\kotlin-stdlib-common\1.5.30\649ffab7767038323fec0cc41e2d7b0a8f65a378\kotlin-stdlib-common-1.5.30.jar
Launcher Type: SUN_STANDARD

[Global flags]
     intx CICompilerCount                          = 3                                         {product} {ergonomic}
     uint ConcGCThreads                            = 1                                         {product} {ergonomic}
     uint G1ConcRefinementThreads                  = 4                                         {product} {ergonomic}
   size_t G1HeapRegionSize                         = 1048576                                   {product} {ergonomic}
    uintx GCDrainStackTargetSize                   = 64                                        {product} {ergonomic}
   size_t InitialHeapSize                          = 65011712                                  {product} {ergonomic}
   size_t MarkStackSize                            = 4194304                                   {product} {ergonomic}
   size_t MaxHeapSize                              = 1031798784                                {product} {ergonomic}
   size_t MinHeapDeltaBytes                        = 1048576                                   {product} {ergonomic}
    uintx NonNMethodCodeHeapSize                   = 5830732                                {pd product} {ergonomic}
    uintx NonProfiledCodeHeapSize                  = 122913754                              {pd product} {ergonomic}
    uintx ProfiledCodeHeapSize                     = 122913754                              {pd product} {ergonomic}
    uintx ReservedCodeCacheSize                    = 251658240                              {pd product} {ergonomic}
     bool SegmentedCodeCache                       = true                                      {product} {ergonomic}
     bool UseCompressedClassPointers               = true                                 {lp64_product} {ergonomic}
     bool UseCompressedOops                        = true                                 {lp64_product} {ergonomic}
     bool UseG1GC                                  = true                                      {product} {ergonomic}
     bool UseLargePagesIndividualAllocation        = false                                  {pd product} {ergonomic}

Logging:
Log output configuration:
 #0: stdout all=warning uptime,level,tags
 #1: stderr all=off uptime,level,tags

Environment Variables:
JAVA_HOME=D:\Alondra\programs\java\jdk1.8.0_281
PATH=D:\Alondra\programs\python39\Scripts\;D:\Alondra\programs\python39\;C:\Python39\Scripts\;C:\Python39\;C:\Program Files (x86)\Common Files\Oracle\Java\javapath;C:\Windows\system32;C:\Windows;C:\Windows\System32\Wbem;C:\Windows\System32\WindowsPowerShell\v1.0\;C:\Users\Alondra\AppData\Local\Programs\Python\Python39;C:\Users\Alondra\AppData\Local\Programs\Python\Python39\Scripts;C:\Program Files\dotnet\;D:\Alondra\programs\Brackets\command;D:\Alondra\programs\java\jdk1.8.0_281\bin;D:\Alondra\programs\nodejs\;C:\ProgramData\chocolatey\bin;D:\Alondra\programs\Git\cmd;D:\Alondra\programs\PuTTY\;C:\Users\Alondra\AppData\Roaming\Python\Python39\Scripts;C:\Users\Alondra\AppData\Roaming\Python\Python39;D:\Alondra\programs\PostgreSQL\13\bin;D:\Alondra\7° SEMESTRE\4.Lenguajes y Automatas ll\javacc-javacc-7.0.10\scripts;D:\Alondra\7° SEMESTRE\4.Lenguajes y Automatas ll\javacc-javacc-7.0.10\bin;D:\Alondra\programs\XAMPP\php;D:\Alondra\programs\ComposerSetup;D:\Alondra\programs\Pyhon\Scripts\;D:\Alondra\programs\Pyhon\;D:\Alondra\programs\Microsoft VS Code\bin;D:\Alondra\descargas D\curl_7_53_1_openssl_nghttp2_x64;C:\Users\Alondra\.dotnet\tools;C:\Users\Alondra\AppData\Roaming\npm;D:\Alondra\programs\Nmap;C:\Users\Alondra\AppData\Roaming\Composer\vendor\bin
USERNAME=Alondra
OS=Windows_NT
PROCESSOR_IDENTIFIER=Intel64 Family 6 Model 92 Stepping 9, GenuineIntel



---------------  S Y S T E M  ---------------

OS: Windows 10 , 64 bit Build 10586 (10.0.10586.0)
OS uptime: 0 days 8:22 hours

CPU:total 4 (initial active 4) (4 cores per cpu, 1 threads per core) family 6 model 92 stepping 9 microcode 0x2a, cmov, cx8, fxsr, mmx, sse, sse2, sse3, ssse3, sse4.1, sse4.2, popcnt, aes, clmul, erms, 3dnowpref, tsc, tscinvbit, sha

Memory: 4k page, system-wide physical 3928M (354M free)
TotalPageFile size 5207M (AvailPageFile size 11M)
current process WorkingSet (physical memory assigned to process): 10M, peak: 10M
current process commit charge ("private bytes"): 51M, peak: 113M

vm_info: OpenJDK 64-Bit Server VM (11.0.11+9-b60-7590822) for windows-amd64 JRE (11.0.11+9-b60-7590822), built on Jul 29 2021 21:43:44 by "builder" with MS VC++ 14.0 (VS2015)

END.
