#
# There is insufficient memory for the Java Runtime Environment to continue.
# Native memory allocation (mmap) failed to map 55574528 bytes for Failed to commit area from 0x0000000090500000 to 0x0000000093a00000 of length 55574528.
# Possible reasons:
#   The system is out of physical RAM or swap space
#   The process is running with CompressedOops enabled, and the Java Heap may be blocking the growth of the native heap
# Possible solutions:
#   Reduce memory load on the system
#   Increase physical memory or swap space
#   Check if swap backing store is full
#   Decrease Java heap size (-Xmx/-Xms)
#   Decrease number of Java threads
#   Decrease Java thread stack sizes (-Xss)
#   Set larger code cache with -XX:ReservedCodeCacheSize=
#   JVM is running with Unscaled Compressed Oops mode in which the Java heap is
#     placed in the first 4GB address space. The Java Heap base address is the
#     maximum limit for the native heap growth. Please use -XX:HeapBaseMinAddress
#     to set the Java Heap base and to place the Java Heap above 4GB virtual address.
# This output file may be truncated or incomplete.
#
#  Out of Memory Error (./src/hotspot/os/windows/os_windows.cpp:3301), pid=6380, tid=8068
#
# JRE version: OpenJDK Runtime Environment (11.0.11+9) (build 11.0.11+9-b60-7590822)
# Java VM: OpenJDK 64-Bit Server VM (11.0.11+9-b60-7590822, mixed mode, tiered, compressed oops, g1 gc, windows-amd64)
# No core dump will be written. Minidumps are not enabled by default on client versions of Windows
#

---------------  S U M M A R Y ------------

Command Line: --add-opens=java.base/java.util=ALL-UNNAMED --add-opens=java.base/java.lang=ALL-UNNAMED --add-opens=java.base/java.lang.invoke=ALL-UNNAMED --add-opens=java.base/java.util=ALL-UNNAMED --add-opens=java.prefs/java.util.prefs=ALL-UNNAMED --add-opens=java.prefs/java.util.prefs=ALL-UNNAMED --add-opens=java.base/java.nio.charset=ALL-UNNAMED --add-opens=java.base/java.net=ALL-UNNAMED --add-opens=java.base/java.util.concurrent.atomic=ALL-UNNAMED -Xmx2048m -Dfile.encoding=UTF-8 -Duser.country=419 -Duser.language=es -Duser.variant org.gradle.launcher.daemon.bootstrap.GradleDaemon 7.2

Host: Intel(R) Pentium(R) CPU N4200 @ 1.10GHz, 4 cores, 3G,  Windows 10 , 64 bit Build 10586 (10.0.10586.0)
Time: Mon Apr  4 23:18:09 2022 Hora de verano central (México) elapsed time: 13683.285660 seconds (0d 3h 48m 3s)

---------------  T H R E A D  ---------------

Current thread (0x000002b82432d800):  VMThread "VM Thread" [stack: 0x000000bea1300000,0x000000bea1400000] [id=8068]

Stack: [0x000000bea1300000,0x000000bea1400000]
[error occurred during error reporting (printing stack bounds), id 0xc0000005, EXCEPTION_ACCESS_VIOLATION (0xc0000005) at pc=0x000002b80db40f3d]

Native frames: (J=compiled Java code, j=interpreted, Vv=VM code, C=native code)
V  [jvm.dll+0x5f214a]
V  [jvm.dll+0x726fb5]
V  [jvm.dll+0x7285cd]
V  [jvm.dll+0x728be5]
V  [jvm.dll+0x728b9b]
V  [jvm.dll+0x5f14e8]
V  [jvm.dll+0x5f1c78]
C  [ntdll.dll+0xa976d]
C  [ntdll.dll+0x34c19]
C  [ntdll.dll+0xa887a]
C  0x000002b80db40f3d

VM_Operation (0x000000beb56fe030): G1CollectForAllocation, mode: safepoint, requested by thread 0x000002b828c7d000


---------------  P R O C E S S  ---------------

Threads class SMR info:
_java_thread_list=0x000002b82a96b070, length=91, elements={
0x000002b808893000, 0x000002b824334000, 0x000002b82433f800, 0x000002b82438f800,
0x000002b824392000, 0x000002b824395800, 0x000002b824399000, 0x000002b82439e800,
0x000002b8243a1000, 0x000002b824e27000, 0x000002b82778b000, 0x000002b826fb3800,
0x000002b8272e3800, 0x000002b8278b8800, 0x000002b8278bf000, 0x000002b8278b9800,
0x000002b8278bc800, 0x000002b8278ba000, 0x000002b8278bd800, 0x000002b8278be800,
0x000002b827f20000, 0x000002b827f26800, 0x000002b8281e8000, 0x000002b82d607000,
0x000002b82d603000, 0x000002b82d605800, 0x000002b82d604800, 0x000002b82d601000,
0x000002b82d603800, 0x000002b82d602000, 0x000002b82d60e800, 0x000002b82d60c800,
0x000002b82d609800, 0x000002b82d60c000, 0x000002b82d60d800, 0x000002b82d608800,
0x000002b82d60b000, 0x000002b82d60f000, 0x000002b82d60a000, 0x000002b82d610000,
0x000002b8281e0800, 0x000002b8281e1800, 0x000002b8281e3000, 0x000002b8281df000,
0x000002b8281e2000, 0x000002b8281e4000, 0x000002b8281e4800, 0x000002b8281e5800,
0x000002b8281df800, 0x000002b8281ea800, 0x000002b8281e7000, 0x000002b8281e8800,
0x000002b8281e9800, 0x000002b8281eb000, 0x000002b8281ec000, 0x000002b8281e6000,
0x000002b8281ed000, 0x000002b827f1f000, 0x000002b827f21800, 0x000002b827f22800,
0x000002b827f25000, 0x000002b827f26000, 0x000002b827f21000, 0x000002b827f2d000,
0x000002b827f28000, 0x000002b827f29000, 0x000002b827f2a000, 0x000002b827f2b800,
0x000002b827f2e000, 0x000002b827f2a800, 0x000002b827f2c800, 0x000002b8278bc000,
0x000002b8278bb000, 0x000002b828c74800, 0x000002b828c75800, 0x000002b828c74000,
0x000002b828c73000, 0x000002b828c76800, 0x000002b828c71800, 0x000002b828c70800,
0x000002b828c78000, 0x000002b828c72000, 0x000002b828c79800, 0x000002b828c7a800,
0x000002b828c7c000, 0x000002b828c7d800, 0x000002b828c78800, 0x000002b82d608000,
0x000002b828c7d000, 0x000002b83108a800, 0x000002b831086000
}

Java Threads: ( => current thread )
  0x000002b808893000 JavaThread "main" [_thread_blocked, id=6940, stack(0x000000bea0d00000,0x000000bea0e00000)]
  0x000002b824334000 JavaThread "Reference Handler" daemon [_thread_blocked, id=6800, stack(0x000000bea1400000,0x000000bea1500000)]
  0x000002b82433f800 JavaThread "Finalizer" daemon [_thread_blocked, id=5996, stack(0x000000bea1500000,0x000000bea1600000)]
  0x000002b82438f800 JavaThread "Signal Dispatcher" daemon [_thread_blocked, id=5008, stack(0x000000bea1600000,0x000000bea1700000)]
  0x000002b824392000 JavaThread "Attach Listener" daemon [_thread_blocked, id=5880, stack(0x000000bea1700000,0x000000bea1800000)]
  0x000002b824395800 JavaThread "Service Thread" daemon [_thread_blocked, id=3480, stack(0x000000bea1800000,0x000000bea1900000)]
  0x000002b824399000 JavaThread "C2 CompilerThread0" daemon [_thread_blocked, id=3584, stack(0x000000bea1900000,0x000000bea1a00000)]
  0x000002b82439e800 JavaThread "C1 CompilerThread0" daemon [_thread_blocked, id=4980, stack(0x000000bea1a00000,0x000000bea1b00000)]
  0x000002b8243a1000 JavaThread "Sweeper thread" daemon [_thread_blocked, id=5556, stack(0x000000bea1b00000,0x000000bea1c00000)]
  0x000002b824e27000 JavaThread "Common-Cleaner" daemon [_thread_blocked, id=3488, stack(0x000000bea1c00000,0x000000bea1d00000)]
  0x000002b82778b000 JavaThread "Daemon health stats" [_thread_blocked, id=3028, stack(0x000000bea2200000,0x000000bea2300000)]
  0x000002b826fb3800 JavaThread "Incoming local TCP Connector on port 2078" [_thread_in_native, id=3024, stack(0x000000bea2300000,0x000000bea2400000)]
  0x000002b8272e3800 JavaThread "Daemon periodic checks" [_thread_blocked, id=3100, stack(0x000000bea2400000,0x000000bea2500000)]
  0x000002b8278b8800 JavaThread "Cache worker for journal cache (C:\Users\Alondra\.gradle\caches\journal-1)" [_thread_blocked, id=7992, stack(0x000000bea2e00000,0x000000bea2f00000)]
  0x000002b8278bf000 JavaThread "File lock request listener" [_thread_in_native, id=7988, stack(0x000000bea2f00000,0x000000bea3000000)]
  0x000002b8278b9800 JavaThread "Cache worker for file hash cache (C:\Users\Alondra\.gradle\caches\7.2\fileHashes)" [_thread_blocked, id=7836, stack(0x000000bea3000000,0x000000bea3100000)]
  0x000002b8278bc800 JavaThread "jar transforms" [_thread_blocked, id=1964, stack(0x000000bea3400000,0x000000bea3500000)]
  0x000002b8278ba000 JavaThread "jar transforms Thread 2" [_thread_blocked, id=7960, stack(0x000000bea3500000,0x000000bea3600000)]
  0x000002b8278bd800 JavaThread "jar transforms Thread 3" [_thread_blocked, id=5596, stack(0x000000bea3600000,0x000000bea3700000)]
  0x000002b8278be800 JavaThread "jar transforms Thread 4" [_thread_blocked, id=4856, stack(0x000000bea3700000,0x000000bea3800000)]
  0x000002b827f20000 JavaThread "Cache worker for execution history cache (C:\Users\Alondra\.gradle\caches\7.2\executionHistory)" [_thread_blocked, id=2056, stack(0x000000bea3c00000,0x000000bea3d00000)]
  0x000002b827f26800 JavaThread "Cache worker for file content cache (C:\Users\Alondra\.gradle\caches\7.2\fileContent)" [_thread_blocked, id=7584, stack(0x000000bea3e00000,0x000000bea3f00000)]
  0x000002b8281e8000 JavaThread "Memory manager" [_thread_blocked, id=5140, stack(0x000000bea7400000,0x000000bea7500000)]
  0x000002b82d607000 JavaThread "Daemon Thread 4" [_thread_blocked, id=5056, stack(0x000000beb0400000,0x000000beb0500000)]
  0x000002b82d603000 JavaThread "Handler for socket connection from /127.0.0.1:2078 to /127.0.0.1:2652" [_thread_in_native, id=7816, stack(0x000000beb0500000,0x000000beb0600000)]
  0x000002b82d605800 JavaThread "Cancel handler" [_thread_blocked, id=1296, stack(0x000000beb0600000,0x000000beb0700000)]
  0x000002b82d604800 JavaThread "Daemon worker Thread 4" [_thread_blocked, id=6864, stack(0x000000beb0700000,0x000000beb0800000)]
  0x000002b82d601000 JavaThread "Asynchronous log dispatcher for DefaultDaemonConnection: socket connection from /127.0.0.1:2078 to /127.0.0.1:2652" [_thread_blocked, id=6216, stack(0x000000beb0800000,0x000000beb0900000)]
  0x000002b82d603800 JavaThread "Daemon client event forwarder" [_thread_blocked, id=4252, stack(0x000000beb0a00000,0x000000beb0b00000)]
  0x000002b82d602000 JavaThread "Cache worker for file hash cache (D:\Alondra\SimpleGetRequest\.gradle\7.2\fileHashes)" [_thread_blocked, id=7616, stack(0x000000beb0b00000,0x000000beb0c00000)]
  0x000002b82d60e800 JavaThread "Cache worker for checksums cache (D:\Alondra\SimpleGetRequest\.gradle\checksums)" [_thread_blocked, id=744, stack(0x000000beb0c00000,0x000000beb0d00000)]
  0x000002b82d60c800 JavaThread "Cache worker for cache directory md-supplier (C:\Users\Alondra\.gradle\caches\7.2\md-supplier)" [_thread_blocked, id=2164, stack(0x000000beb0d00000,0x000000beb0e00000)]
  0x000002b82d609800 JavaThread "Cache worker for cache directory md-rule (C:\Users\Alondra\.gradle\caches\7.2\md-rule)" [_thread_blocked, id=648, stack(0x000000beb0e00000,0x000000beb0f00000)]
  0x000002b82d60c000 JavaThread "Cache worker for dependencies-accessors (D:\Alondra\SimpleGetRequest\.gradle\7.2\dependencies-accessors)" [_thread_blocked, id=1276, stack(0x000000beb0f00000,0x000000beb1000000)]
  0x000002b82d60d800 JavaThread "Cache worker for Build Output Cleanup Cache (D:\Alondra\SimpleGetRequest\.gradle\buildOutputCleanup)" [_thread_blocked, id=1372, stack(0x000000beb1000000,0x000000beb1100000)]
  0x000002b82d608800 JavaThread "Unconstrained build operations" [_thread_blocked, id=6572, stack(0x000000beb1100000,0x000000beb1200000)]
  0x000002b82d60b000 JavaThread "Unconstrained build operations Thread 2" [_thread_blocked, id=8080, stack(0x000000beb1200000,0x000000beb1300000)]
  0x000002b82d60f000 JavaThread "Unconstrained build operations Thread 3" [_thread_blocked, id=2220, stack(0x000000beb1300000,0x000000beb1400000)]
  0x000002b82d60a000 JavaThread "Unconstrained build operations Thread 4" [_thread_blocked, id=1068, stack(0x000000beb1400000,0x000000beb1500000)]
  0x000002b82d610000 JavaThread "Unconstrained build operations Thread 5" [_thread_blocked, id=1196, stack(0x000000beb1500000,0x000000beb1600000)]
  0x000002b8281e0800 JavaThread "Unconstrained build operations Thread 6" [_thread_blocked, id=5376, stack(0x000000beb1600000,0x000000beb1700000)]
  0x000002b8281e1800 JavaThread "Unconstrained build operations Thread 7" [_thread_blocked, id=1884, stack(0x000000beb1700000,0x000000beb1800000)]
  0x000002b8281e3000 JavaThread "Unconstrained build operations Thread 8" [_thread_blocked, id=5660, stack(0x000000beb1800000,0x000000beb1900000)]
  0x000002b8281df000 JavaThread "Unconstrained build operations Thread 9" [_thread_blocked, id=120, stack(0x000000beb1900000,0x000000beb1a00000)]
  0x000002b8281e2000 JavaThread "Unconstrained build operations Thread 10" [_thread_blocked, id=1176, stack(0x000000beb1a00000,0x000000beb1b00000)]
  0x000002b8281e4000 JavaThread "Unconstrained build operations Thread 11" [_thread_blocked, id=7092, stack(0x000000beb1b00000,0x000000beb1c00000)]
  0x000002b8281e4800 JavaThread "Unconstrained build operations Thread 12" [_thread_blocked, id=4836, stack(0x000000beb1c00000,0x000000beb1d00000)]
  0x000002b8281e5800 JavaThread "Unconstrained build operations Thread 13" [_thread_blocked, id=5276, stack(0x000000beb1d00000,0x000000beb1e00000)]
  0x000002b8281df800 JavaThread "Unconstrained build operations Thread 14" [_thread_blocked, id=5200, stack(0x000000beb1e00000,0x000000beb1f00000)]
  0x000002b8281ea800 JavaThread "Unconstrained build operations Thread 15" [_thread_blocked, id=7600, stack(0x000000beb1f00000,0x000000beb2000000)]
  0x000002b8281e7000 JavaThread "Unconstrained build operations Thread 16" [_thread_blocked, id=5780, stack(0x000000beb2000000,0x000000beb2100000)]
  0x000002b8281e8800 JavaThread "Unconstrained build operations Thread 17" [_thread_blocked, id=1768, stack(0x000000beb2100000,0x000000beb2200000)]
  0x000002b8281e9800 JavaThread "Unconstrained build operations Thread 18" [_thread_blocked, id=184, stack(0x000000beb2200000,0x000000beb2300000)]
  0x000002b8281eb000 JavaThread "Unconstrained build operations Thread 19" [_thread_blocked, id=4912, stack(0x000000beb2300000,0x000000beb2400000)]
  0x000002b8281ec000 JavaThread "Unconstrained build operations Thread 20" [_thread_blocked, id=3840, stack(0x000000beb2400000,0x000000beb2500000)]
  0x000002b8281e6000 JavaThread "Unconstrained build operations Thread 21" [_thread_blocked, id=5392, stack(0x000000beb2500000,0x000000beb2600000)]
  0x000002b8281ed000 JavaThread "Unconstrained build operations Thread 22" [_thread_blocked, id=5712, stack(0x000000beb2600000,0x000000beb2700000)]
  0x000002b827f1f000 JavaThread "Unconstrained build operations Thread 23" [_thread_blocked, id=312, stack(0x000000beb2700000,0x000000beb2800000)]
  0x000002b827f21800 JavaThread "Unconstrained build operations Thread 24" [_thread_blocked, id=6068, stack(0x000000beb2800000,0x000000beb2900000)]
  0x000002b827f22800 JavaThread "Unconstrained build operations Thread 25" [_thread_blocked, id=6684, stack(0x000000beb2900000,0x000000beb2a00000)]
  0x000002b827f25000 JavaThread "Unconstrained build operations Thread 26" [_thread_blocked, id=2152, stack(0x000000beb2a00000,0x000000beb2b00000)]
  0x000002b827f26000 JavaThread "Unconstrained build operations Thread 27" [_thread_blocked, id=4156, stack(0x000000beb2b00000,0x000000beb2c00000)]
  0x000002b827f21000 JavaThread "Unconstrained build operations Thread 28" [_thread_blocked, id=7000, stack(0x000000beb2c00000,0x000000beb2d00000)]
  0x000002b827f2d000 JavaThread "Unconstrained build operations Thread 29" [_thread_blocked, id=4516, stack(0x000000beb2d00000,0x000000beb2e00000)]
  0x000002b827f28000 JavaThread "Unconstrained build operations Thread 30" [_thread_blocked, id=5116, stack(0x000000beb2e00000,0x000000beb2f00000)]
  0x000002b827f29000 JavaThread "Unconstrained build operations Thread 31" [_thread_blocked, id=7192, stack(0x000000beb2f00000,0x000000beb3000000)]
  0x000002b827f2a000 JavaThread "Unconstrained build operations Thread 32" [_thread_blocked, id=5344, stack(0x000000beb3000000,0x000000beb3100000)]
  0x000002b827f2b800 JavaThread "Unconstrained build operations Thread 33" [_thread_blocked, id=4176, stack(0x000000beb3100000,0x000000beb3200000)]
  0x000002b827f2e000 JavaThread "Unconstrained build operations Thread 34" [_thread_blocked, id=5756, stack(0x000000beb3200000,0x000000beb3300000)]
  0x000002b827f2a800 JavaThread "Unconstrained build operations Thread 35" [_thread_blocked, id=6788, stack(0x000000beb3300000,0x000000beb3400000)]
  0x000002b827f2c800 JavaThread "Unconstrained build operations Thread 36" [_thread_blocked, id=228, stack(0x000000beb3400000,0x000000beb3500000)]
  0x000002b8278bc000 JavaThread "Unconstrained build operations Thread 37" [_thread_blocked, id=4000, stack(0x000000beb3500000,0x000000beb3600000)]
  0x000002b8278bb000 JavaThread "Unconstrained build operations Thread 38" [_thread_blocked, id=7812, stack(0x000000beb3600000,0x000000beb3700000)]
  0x000002b828c74800 JavaThread "Unconstrained build operations Thread 39" [_thread_blocked, id=2004, stack(0x000000beb3700000,0x000000beb3800000)]
  0x000002b828c75800 JavaThread "Unconstrained build operations Thread 40" [_thread_blocked, id=124, stack(0x000000beb3800000,0x000000beb3900000)]
  0x000002b828c74000 JavaThread "build event listener" [_thread_blocked, id=7224, stack(0x000000beb3a00000,0x000000beb3b00000)]
  0x000002b828c73000 JavaThread "Execution worker for ':'" [_thread_blocked, id=6884, stack(0x000000beb3b00000,0x000000beb3c00000)]
  0x000002b828c76800 JavaThread "Execution worker for ':' Thread 2" [_thread_blocked, id=4860, stack(0x000000beb3c00000,0x000000beb3d00000)]
  0x000002b828c71800 JavaThread "Execution worker for ':' Thread 3" [_thread_blocked, id=4256, stack(0x000000beb3d00000,0x000000beb3e00000)]
  0x000002b828c70800 JavaThread "Cache worker for execution history cache (D:\Alondra\SimpleGetRequest\.gradle\7.2\executionHistory)" [_thread_blocked, id=4380, stack(0x000000beb3e00000,0x000000beb3f00000)]
  0x000002b828c78000 JavaThread "WorkerExecutor Queue Thread 6" [_thread_blocked, id=1628, stack(0x000000beb4e00000,0x000000beb4f00000)]
  0x000002b828c72000 JavaThread "WorkerExecutor Queue Thread 7" [_thread_blocked, id=4248, stack(0x000000beb4f00000,0x000000beb5000000)]
  0x000002b828c79800 JavaThread "pool-6-thread-1" [_thread_blocked, id=5652, stack(0x000000beb5000000,0x000000beb5100000)]
  0x000002b828c7a800 JavaThread "stderr" [_thread_in_native, id=1740, stack(0x000000beb5100000,0x000000beb5200000)]
  0x000002b828c7c000 JavaThread "stdout" [_thread_in_native, id=5688, stack(0x000000beb5200000,0x000000beb5300000)]
  0x000002b828c7d800 JavaThread "WorkerExecutor Queue Thread 8" [_thread_blocked, id=3052, stack(0x000000beb5300000,0x000000beb5400000)]
  0x000002b828c78800 JavaThread "WorkerExecutor Queue Thread 9" [_thread_blocked, id=164, stack(0x000000beb5400000,0x000000beb5500000)]
  0x000002b82d608000 JavaThread "ForkJoinPool-4-worker-3" daemon [_thread_blocked, id=1164, stack(0x000000beb5500000,0x000000beb5600000)]
  0x000002b828c7d000 JavaThread "ForkJoinPool-4-worker-5" daemon [_thread_blocked, id=3716, stack(0x000000beb5600000,0x000000beb5700000)]
  0x000002b83108a800 JavaThread "ForkJoinPool-4-worker-7" daemon [_thread_blocked, id=6568, stack(0x000000beb5700000,0x000000beb5800000)]
  0x000002b831086000 JavaThread "ForkJoinPool-4-worker-1" daemon [_thread_blocked, id=6340, stack(0x000000beb5800000,0x000000beb5900000)]

Other Threads:
=>0x000002b82432d800 VMThread "VM Thread" [stack: 0x000000bea1300000,0x000000bea1400000] [id=8068]
  0x000002b824e4f000 WatcherThread [stack: 0x000000bea1d00000,0x000000bea1e00000] [id=7740]
  0x000002b8088ac000 GCTaskThread "GC Thread#0" [stack: 0x000000bea0e00000,0x000000bea0f00000] [id=3708]
  0x000002b825724000 GCTaskThread "GC Thread#1" [stack: 0x000000bea1f00000,0x000000bea2000000] [id=7936]
  0x000002b8270c2800 GCTaskThread "GC Thread#2" [stack: 0x000000bea2c00000,0x000000bea2d00000] [id=6440]
  0x000002b826790800 GCTaskThread "GC Thread#3" [stack: 0x000000bea2d00000,0x000000bea2e00000] [id=8184]
  0x000002b8088dd000 ConcurrentGCThread "G1 Main Marker" [stack: 0x000000bea0f00000,0x000000bea1000000] [id=4180]
  0x000002b8088de000 ConcurrentGCThread "G1 Conc#0" [stack: 0x000000bea1000000,0x000000bea1100000] [id=324]
  0x000002b80893c800 ConcurrentGCThread "G1 Refine#0" [stack: 0x000000bea1100000,0x000000bea1200000] [id=6176]
  0x000002b80893d800 ConcurrentGCThread "G1 Young RemSet Sampling" [stack: 0x000000bea1200000,0x000000bea1300000] [id=3484]

Threads with active compile tasks:
C2 CompilerThread013683588 25112 %     4       com.android.tools.r8.dex.r::m @ 64 (2110 bytes)

VM state:at safepoint (normal execution)

VM Mutex/Monitor currently owned by a thread:  ([mutex/lock_event])
[0x000002b80888feb0] Threads_lock - owner thread: 0x000002b82432d800
[0x000002b80888f490] Heap_lock - owner thread: 0x000002b828c7d000

Heap address: 0x0000000080000000, size: 2048 MB, Compressed Oops mode: 32-bit
Narrow klass base: 0x0000000000000000, Narrow klass shift: 3
Compressed class space size: 1073741824 Address: 0x0000000100000000

Heap:
 garbage-first heap   total 321536K, used 192512K [0x0000000080000000, 0x0000000100000000)
  region size 1024K, 2 young (2048K), 2 survivors (2048K)
 Metaspace       used 146628K, capacity 150146K, committed 150192K, reserved 1179648K
  class space    used 18123K, capacity 19446K, committed 19456K, reserved 1048576K
Heap Regions: E=young(eden), S=young(survivor), O=old, HS=humongous(starts), HC=humongous(continues), CS=collection set, F=free, A=archive, TAMS=top-at-mark-start (previous, next)
|   0|0x0000000080000000, 0x0000000080100000, 0x0000000080100000|100%| O|  |TAMS 0x0000000080100000, 0x0000000080000000| Untracked 
|   1|0x0000000080100000, 0x0000000080200000, 0x0000000080200000|100%| O|  |TAMS 0x0000000080200000, 0x0000000080100000| Untracked 
|   2|0x0000000080200000, 0x0000000080300000, 0x0000000080300000|100%| O|  |TAMS 0x0000000080300000, 0x0000000080200000| Complete 
|   3|0x0000000080300000, 0x0000000080400000, 0x0000000080400000|100%|HS|  |TAMS 0x0000000080400000, 0x0000000080300000| Complete 
|   4|0x0000000080400000, 0x0000000080500000, 0x0000000080500000|100%|HC|  |TAMS 0x0000000080500000, 0x0000000080400000| Complete 
|   5|0x0000000080500000, 0x0000000080600000, 0x0000000080600000|100%|HC|  |TAMS 0x0000000080600000, 0x0000000080500000| Complete 
|   6|0x0000000080600000, 0x0000000080700000, 0x0000000080700000|100%| O|  |TAMS 0x0000000080700000, 0x0000000080600000| Complete 
|   7|0x0000000080700000, 0x0000000080800000, 0x0000000080800000|100%| O|  |TAMS 0x0000000080800000, 0x0000000080700000| Untracked 
|   8|0x0000000080800000, 0x0000000080900000, 0x0000000080900000|100%| O|  |TAMS 0x0000000080900000, 0x0000000080800000| Untracked 
|   9|0x0000000080900000, 0x0000000080a00000, 0x0000000080a00000|100%| O|  |TAMS 0x0000000080a00000, 0x0000000080900000| Untracked 
|  10|0x0000000080a00000, 0x0000000080b00000, 0x0000000080b00000|100%| O|  |TAMS 0x0000000080b00000, 0x0000000080a00000| Untracked 
|  11|0x0000000080b00000, 0x0000000080c00000, 0x0000000080c00000|100%| O|  |TAMS 0x0000000080c00000, 0x0000000080b00000| Untracked 
|  12|0x0000000080c00000, 0x0000000080d00000, 0x0000000080d00000|100%| O|  |TAMS 0x0000000080d00000, 0x0000000080c00000| Untracked 
|  13|0x0000000080d00000, 0x0000000080e00000, 0x0000000080e00000|100%| O|  |TAMS 0x0000000080e00000, 0x0000000080d00000| Untracked 
|  14|0x0000000080e00000, 0x0000000080f00000, 0x0000000080f00000|100%| O|  |TAMS 0x0000000080f00000, 0x0000000080e00000| Complete 
|  15|0x0000000080f00000, 0x0000000081000000, 0x0000000081000000|100%| O|  |TAMS 0x0000000081000000, 0x0000000080f00000| Untracked 
|  16|0x0000000081000000, 0x0000000081100000, 0x0000000081100000|100%|HS|  |TAMS 0x0000000081100000, 0x0000000081000000| Complete 
|  17|0x0000000081100000, 0x0000000081200000, 0x0000000081200000|100%|HC|  |TAMS 0x0000000081200000, 0x0000000081100000| Complete 
|  18|0x0000000081200000, 0x0000000081300000, 0x0000000081300000|100%|HS|  |TAMS 0x0000000081300000, 0x0000000081200000| Complete 
|  19|0x0000000081300000, 0x0000000081400000, 0x0000000081400000|100%|HC|  |TAMS 0x0000000081400000, 0x0000000081300000| Complete 
|  20|0x0000000081400000, 0x0000000081500000, 0x0000000081500000|100%|HC|  |TAMS 0x0000000081500000, 0x0000000081400000| Complete 
|  21|0x0000000081500000, 0x0000000081600000, 0x0000000081600000|100%|HS|  |TAMS 0x0000000081600000, 0x0000000081500000| Complete 
|  22|0x0000000081600000, 0x0000000081700000, 0x0000000081700000|100%|HC|  |TAMS 0x0000000081700000, 0x0000000081600000| Complete 
|  23|0x0000000081700000, 0x0000000081800000, 0x0000000081800000|100%|HC|  |TAMS 0x0000000081800000, 0x0000000081700000| Complete 
|  24|0x0000000081800000, 0x0000000081900000, 0x0000000081900000|100%|HC|  |TAMS 0x0000000081900000, 0x0000000081800000| Complete 
|  25|0x0000000081900000, 0x0000000081a00000, 0x0000000081a00000|100%| O|  |TAMS 0x0000000081a00000, 0x0000000081900000| Complete 
|  26|0x0000000081a00000, 0x0000000081b00000, 0x0000000081b00000|100%| O|  |TAMS 0x0000000081b00000, 0x0000000081a00000| Complete 
|  27|0x0000000081b00000, 0x0000000081c00000, 0x0000000081c00000|100%| O|  |TAMS 0x0000000081c00000, 0x0000000081b00000| Complete 
|  28|0x0000000081c00000, 0x0000000081d00000, 0x0000000081d00000|100%| O|  |TAMS 0x0000000081d00000, 0x0000000081c00000| Untracked 
|  29|0x0000000081d00000, 0x0000000081e00000, 0x0000000081e00000|100%| O|  |TAMS 0x0000000081e00000, 0x0000000081d00000| Untracked 
|  30|0x0000000081e00000, 0x0000000081f00000, 0x0000000081f00000|100%| O|  |TAMS 0x0000000081f00000, 0x0000000081e00000| Complete 
|  31|0x0000000081f00000, 0x0000000082000000, 0x0000000082000000|100%| O|  |TAMS 0x0000000082000000, 0x0000000081f00000| Complete 
|  32|0x0000000082000000, 0x0000000082100000, 0x0000000082100000|100%| O|  |TAMS 0x0000000082100000, 0x0000000082000000| Complete 
|  33|0x0000000082100000, 0x0000000082200000, 0x0000000082200000|100%| O|  |TAMS 0x0000000082200000, 0x0000000082100000| Complete 
|  34|0x0000000082200000, 0x0000000082300000, 0x0000000082300000|100%| O|  |TAMS 0x0000000082300000, 0x0000000082200000| Untracked 
|  35|0x0000000082300000, 0x0000000082400000, 0x0000000082400000|100%| O|  |TAMS 0x0000000082400000, 0x0000000082300000| Complete 
|  36|0x0000000082400000, 0x0000000082500000, 0x0000000082500000|100%| O|  |TAMS 0x0000000082500000, 0x0000000082400000| Untracked 
|  37|0x0000000082500000, 0x0000000082600000, 0x0000000082600000|100%| O|  |TAMS 0x0000000082600000, 0x0000000082500000| Untracked 
|  38|0x0000000082600000, 0x0000000082700000, 0x0000000082700000|100%| O|  |TAMS 0x0000000082700000, 0x0000000082600000| Complete 
|  39|0x0000000082700000, 0x0000000082800000, 0x0000000082800000|100%| O|  |TAMS 0x0000000082800000, 0x0000000082700000| Untracked 
|  40|0x0000000082800000, 0x0000000082900000, 0x0000000082900000|100%| O|  |TAMS 0x0000000082900000, 0x0000000082800000| Complete 
|  41|0x0000000082900000, 0x0000000082a00000, 0x0000000082a00000|100%|HS|  |TAMS 0x0000000082a00000, 0x0000000082900000| Complete 
|  42|0x0000000082a00000, 0x0000000082b00000, 0x0000000082b00000|100%|HC|  |TAMS 0x0000000082b00000, 0x0000000082a00000| Complete 
|  43|0x0000000082b00000, 0x0000000082c00000, 0x0000000082c00000|100%|HC|  |TAMS 0x0000000082c00000, 0x0000000082b00000| Complete 
|  44|0x0000000082c00000, 0x0000000082d00000, 0x0000000082d00000|100%| O|  |TAMS 0x0000000082d00000, 0x0000000082c00000| Complete 
|  45|0x0000000082d00000, 0x0000000082e00000, 0x0000000082e00000|100%| O|  |TAMS 0x0000000082e00000, 0x0000000082d00000| Complete 
|  46|0x0000000082e00000, 0x0000000082f00000, 0x0000000082f00000|100%| O|  |TAMS 0x0000000082f00000, 0x0000000082e00000| Untracked 
|  47|0x0000000082f00000, 0x0000000083000000, 0x0000000083000000|100%| O|  |TAMS 0x0000000083000000, 0x0000000082f00000| Complete 
|  48|0x0000000083000000, 0x0000000083100000, 0x0000000083100000|100%|HS|  |TAMS 0x0000000083000000, 0x0000000083000000| Complete 
|  49|0x0000000083100000, 0x0000000083200000, 0x0000000083200000|100%| O|  |TAMS 0x0000000083200000, 0x0000000083100000| Complete 
|  50|0x0000000083200000, 0x0000000083300000, 0x0000000083300000|100%|HS|  |TAMS 0x0000000083300000, 0x0000000083200000| Complete 
|  51|0x0000000083300000, 0x0000000083400000, 0x0000000083400000|100%|HC|  |TAMS 0x0000000083400000, 0x0000000083300000| Complete 
|  52|0x0000000083400000, 0x0000000083500000, 0x0000000083500000|100%|HC|  |TAMS 0x0000000083500000, 0x0000000083400000| Complete 
|  53|0x0000000083500000, 0x0000000083600000, 0x0000000083600000|100%|HC|  |TAMS 0x0000000083600000, 0x0000000083500000| Complete 
|  54|0x0000000083600000, 0x0000000083700000, 0x0000000083700000|100%| O|  |TAMS 0x0000000083700000, 0x0000000083600000| Complete 
|  55|0x0000000083700000, 0x0000000083800000, 0x0000000083800000|100%| O|  |TAMS 0x0000000083800000, 0x0000000083700000| Complete 
|  56|0x0000000083800000, 0x0000000083900000, 0x0000000083900000|100%| O|  |TAMS 0x0000000083900000, 0x0000000083800000| Complete 
|  57|0x0000000083900000, 0x0000000083a00000, 0x0000000083a00000|100%|HS|  |TAMS 0x0000000083a00000, 0x0000000083900000| Complete 
|  58|0x0000000083a00000, 0x0000000083b00000, 0x0000000083b00000|100%|HS|  |TAMS 0x0000000083b00000, 0x0000000083a00000| Complete 
|  59|0x0000000083b00000, 0x0000000083c00000, 0x0000000083c00000|100%| O|  |TAMS 0x0000000083c00000, 0x0000000083b00000| Untracked 
|  60|0x0000000083c00000, 0x0000000083d00000, 0x0000000083d00000|100%|HS|  |TAMS 0x0000000083d00000, 0x0000000083c00000| Complete 
|  61|0x0000000083d00000, 0x0000000083e00000, 0x0000000083e00000|100%| O|  |TAMS 0x0000000083e00000, 0x0000000083d00000| Untracked 
|  62|0x0000000083e00000, 0x0000000083f00000, 0x0000000083f00000|100%|HS|  |TAMS 0x0000000083f00000, 0x0000000083e00000| Complete 
|  63|0x0000000083f00000, 0x0000000084000000, 0x0000000084000000|100%|HS|  |TAMS 0x0000000084000000, 0x0000000083f00000| Complete 
|  64|0x0000000084000000, 0x0000000084100000, 0x0000000084100000|100%|HC|  |TAMS 0x0000000084100000, 0x0000000084000000| Complete 
|  65|0x0000000084100000, 0x0000000084200000, 0x0000000084200000|100%|HC|  |TAMS 0x0000000084200000, 0x0000000084100000| Complete 
|  66|0x0000000084200000, 0x0000000084300000, 0x0000000084300000|100%| O|  |TAMS 0x0000000084300000, 0x0000000084200000| Complete 
|  67|0x0000000084300000, 0x0000000084400000, 0x0000000084400000|100%|HS|  |TAMS 0x0000000084400000, 0x0000000084300000| Complete 
|  68|0x0000000084400000, 0x0000000084500000, 0x0000000084500000|100%|HC|  |TAMS 0x0000000084500000, 0x0000000084400000| Complete 
|  69|0x0000000084500000, 0x0000000084600000, 0x0000000084600000|100%| O|  |TAMS 0x0000000084600000, 0x0000000084500000| Untracked 
|  70|0x0000000084600000, 0x0000000084700000, 0x0000000084700000|100%| O|  |TAMS 0x0000000084700000, 0x0000000084600000| Untracked 
|  71|0x0000000084700000, 0x0000000084800000, 0x0000000084800000|100%| O|  |TAMS 0x0000000084800000, 0x0000000084700000| Complete 
|  72|0x0000000084800000, 0x0000000084900000, 0x0000000084900000|100%| O|  |TAMS 0x0000000084900000, 0x0000000084800000| Untracked 
|  73|0x0000000084900000, 0x0000000084a00000, 0x0000000084a00000|100%| O|  |TAMS 0x0000000084a00000, 0x0000000084900000| Untracked 
|  74|0x0000000084a00000, 0x0000000084b00000, 0x0000000084b00000|100%| O|  |TAMS 0x0000000084b00000, 0x0000000084a00000| Complete 
|  75|0x0000000084b00000, 0x0000000084c00000, 0x0000000084c00000|100%| O|  |TAMS 0x0000000084c00000, 0x0000000084b00000| Complete 
|  76|0x0000000084c00000, 0x0000000084d00000, 0x0000000084d00000|100%| O|  |TAMS 0x0000000084d00000, 0x0000000084c00000| Untracked 
|  77|0x0000000084d00000, 0x0000000084e00000, 0x0000000084e00000|100%| O|  |TAMS 0x0000000084e00000, 0x0000000084d00000| Complete 
|  78|0x0000000084e00000, 0x0000000084f00000, 0x0000000084f00000|100%| O|  |TAMS 0x0000000084f00000, 0x0000000084e00000| Untracked 
|  79|0x0000000084f00000, 0x0000000085000000, 0x0000000085000000|100%| O|  |TAMS 0x0000000085000000, 0x0000000084f00000| Untracked 
|  80|0x0000000085000000, 0x0000000085100000, 0x0000000085100000|100%|HS|  |TAMS 0x0000000085000000, 0x0000000085000000| Complete 
|  81|0x0000000085100000, 0x0000000085200000, 0x0000000085200000|100%| O|  |TAMS 0x0000000085200000, 0x0000000085100000| Complete 
|  82|0x0000000085200000, 0x0000000085200000, 0x0000000085300000|  0%| F|  |TAMS 0x0000000085200000, 0x0000000085200000| Untracked 
|  83|0x0000000085300000, 0x0000000085400000, 0x0000000085400000|100%| O|  |TAMS 0x0000000085400000, 0x0000000085300000| Complete 
|  84|0x0000000085400000, 0x0000000085500000, 0x0000000085500000|100%| O|  |TAMS 0x0000000085500000, 0x0000000085400000| Complete 
|  85|0x0000000085500000, 0x0000000085600000, 0x0000000085600000|100%| O|  |TAMS 0x0000000085600000, 0x0000000085500000| Untracked 
|  86|0x0000000085600000, 0x0000000085700000, 0x0000000085700000|100%| O|  |TAMS 0x0000000085700000, 0x0000000085600000| Complete 
|  87|0x0000000085700000, 0x0000000085800000, 0x0000000085800000|100%| O|  |TAMS 0x0000000085800000, 0x0000000085700000| Untracked 
|  88|0x0000000085800000, 0x0000000085900000, 0x0000000085900000|100%| O|  |TAMS 0x0000000085900000, 0x0000000085800000| Untracked 
|  89|0x0000000085900000, 0x0000000085a00000, 0x0000000085a00000|100%| O|  |TAMS 0x0000000085a00000, 0x0000000085900000| Untracked 
|  90|0x0000000085a00000, 0x0000000085b00000, 0x0000000085b00000|100%|HS|  |TAMS 0x0000000085b00000, 0x0000000085a00000| Complete 
|  91|0x0000000085b00000, 0x0000000085c00000, 0x0000000085c00000|100%|HC|  |TAMS 0x0000000085c00000, 0x0000000085b00000| Complete 
|  92|0x0000000085c00000, 0x0000000085d00000, 0x0000000085d00000|100%|HS|  |TAMS 0x0000000085d00000, 0x0000000085c00000| Complete 
|  93|0x0000000085d00000, 0x0000000085e00000, 0x0000000085e00000|100%|HC|  |TAMS 0x0000000085e00000, 0x0000000085d00000| Complete 
|  94|0x0000000085e00000, 0x0000000085f00000, 0x0000000085f00000|100%|HC|  |TAMS 0x0000000085f00000, 0x0000000085e00000| Complete 
|  95|0x0000000085f00000, 0x0000000086000000, 0x0000000086000000|100%|HS|  |TAMS 0x0000000086000000, 0x0000000085f00000| Complete 
|  96|0x0000000086000000, 0x0000000086100000, 0x0000000086100000|100%|HC|  |TAMS 0x0000000086100000, 0x0000000086000000| Complete 
|  97|0x0000000086100000, 0x0000000086200000, 0x0000000086200000|100%|HC|  |TAMS 0x0000000086200000, 0x0000000086100000| Complete 
|  98|0x0000000086200000, 0x0000000086300000, 0x0000000086300000|100%|HC|  |TAMS 0x0000000086300000, 0x0000000086200000| Complete 
|  99|0x0000000086300000, 0x0000000086400000, 0x0000000086400000|100%| O|  |TAMS 0x0000000086400000, 0x0000000086300000| Complete 
| 100|0x0000000086400000, 0x0000000086500000, 0x0000000086500000|100%| O|  |TAMS 0x0000000086500000, 0x0000000086400000| Complete 
| 101|0x0000000086500000, 0x0000000086600000, 0x0000000086600000|100%| O|  |TAMS 0x0000000086600000, 0x0000000086500000| Untracked 
| 102|0x0000000086600000, 0x0000000086700000, 0x0000000086700000|100%| O|  |TAMS 0x0000000086700000, 0x0000000086600000| Untracked 
| 103|0x0000000086700000, 0x0000000086800000, 0x0000000086800000|100%| O|  |TAMS 0x0000000086800000, 0x0000000086700000| Untracked 
| 104|0x0000000086800000, 0x0000000086900000, 0x0000000086900000|100%| O|  |TAMS 0x0000000086900000, 0x0000000086800000| Untracked 
| 105|0x0000000086900000, 0x0000000086a00000, 0x0000000086a00000|100%| O|  |TAMS 0x0000000086a00000, 0x0000000086900000| Complete 
| 106|0x0000000086a00000, 0x0000000086b00000, 0x0000000086b00000|100%| O|  |TAMS 0x0000000086b00000, 0x0000000086a00000| Complete 
| 107|0x0000000086b00000, 0x0000000086c00000, 0x0000000086c00000|100%| O|  |TAMS 0x0000000086c00000, 0x0000000086b00000| Untracked 
| 108|0x0000000086c00000, 0x0000000086d00000, 0x0000000086d00000|100%| O|  |TAMS 0x0000000086d00000, 0x0000000086c00000| Complete 
| 109|0x0000000086d00000, 0x0000000086e00000, 0x0000000086e00000|100%| O|  |TAMS 0x0000000086e00000, 0x0000000086d00000| Complete 
| 110|0x0000000086e00000, 0x0000000086f00000, 0x0000000086f00000|100%| O|  |TAMS 0x0000000086f00000, 0x0000000086e00000| Untracked 
| 111|0x0000000086f00000, 0x0000000087000000, 0x0000000087000000|100%| O|  |TAMS 0x0000000087000000, 0x0000000086f00000| Complete 
| 112|0x0000000087000000, 0x0000000087100000, 0x0000000087100000|100%| O|  |TAMS 0x0000000087100000, 0x0000000087000000| Complete 
| 113|0x0000000087100000, 0x0000000087200000, 0x0000000087200000|100%| O|  |TAMS 0x0000000087200000, 0x0000000087100000| Complete 
| 114|0x0000000087200000, 0x0000000087300000, 0x0000000087300000|100%| O|  |TAMS 0x0000000087300000, 0x0000000087200000| Untracked 
| 115|0x0000000087300000, 0x0000000087400000, 0x0000000087400000|100%| O|  |TAMS 0x0000000087400000, 0x0000000087300000| Untracked 
| 116|0x0000000087400000, 0x0000000087500000, 0x0000000087500000|100%| O|  |TAMS 0x0000000087500000, 0x0000000087400000| Untracked 
| 117|0x0000000087500000, 0x0000000087600000, 0x0000000087600000|100%| O|  |TAMS 0x0000000087600000, 0x0000000087500000| Untracked 
| 118|0x0000000087600000, 0x0000000087700000, 0x0000000087700000|100%| O|  |TAMS 0x0000000087700000, 0x0000000087600000| Untracked 
| 119|0x0000000087700000, 0x0000000087800000, 0x0000000087800000|100%| O|  |TAMS 0x0000000087800000, 0x0000000087700000| Complete 
| 120|0x0000000087800000, 0x0000000087900000, 0x0000000087900000|100%| O|  |TAMS 0x0000000087900000, 0x0000000087800000| Untracked 
| 121|0x0000000087900000, 0x0000000087a00000, 0x0000000087a00000|100%| O|  |TAMS 0x0000000087a00000, 0x0000000087900000| Complete 
| 122|0x0000000087a00000, 0x0000000087b00000, 0x0000000087b00000|100%| O|  |TAMS 0x0000000087b00000, 0x0000000087a00000| Untracked 
| 123|0x0000000087b00000, 0x0000000087c00000, 0x0000000087c00000|100%| O|  |TAMS 0x0000000087c00000, 0x0000000087b00000| Untracked 
| 124|0x0000000087c00000, 0x0000000087d00000, 0x0000000087d00000|100%| O|  |TAMS 0x0000000087d00000, 0x0000000087c00000| Complete 
| 125|0x0000000087d00000, 0x0000000087e00000, 0x0000000087e00000|100%| O|  |TAMS 0x0000000087e00000, 0x0000000087d00000| Complete 
| 126|0x0000000087e00000, 0x0000000087f00000, 0x0000000087f00000|100%| O|  |TAMS 0x0000000087f00000, 0x0000000087e00000| Complete 
| 127|0x0000000087f00000, 0x0000000088000000, 0x0000000088000000|100%| O|  |TAMS 0x0000000088000000, 0x0000000087f00000| Complete 
| 128|0x0000000088000000, 0x0000000088100000, 0x0000000088100000|100%| O|  |TAMS 0x0000000088100000, 0x0000000088000000| Complete 
| 129|0x0000000088100000, 0x0000000088200000, 0x0000000088200000|100%| O|  |TAMS 0x0000000088200000, 0x0000000088100000| Complete 
| 130|0x0000000088200000, 0x0000000088300000, 0x0000000088300000|100%| O|  |TAMS 0x0000000088300000, 0x0000000088200000| Complete 
| 131|0x0000000088300000, 0x0000000088400000, 0x0000000088400000|100%| O|  |TAMS 0x0000000088400000, 0x0000000088300000| Complete 
| 132|0x0000000088400000, 0x0000000088500000, 0x0000000088500000|100%| O|  |TAMS 0x0000000088500000, 0x0000000088400000| Complete 
| 133|0x0000000088500000, 0x0000000088600000, 0x0000000088600000|100%| O|  |TAMS 0x000000008855ca00, 0x0000000088500000| Untracked 
| 134|0x0000000088600000, 0x0000000088700000, 0x0000000088700000|100%|HS|  |TAMS 0x0000000088600000, 0x0000000088600000| Complete 
| 135|0x0000000088700000, 0x0000000088800000, 0x0000000088800000|100%|HC|  |TAMS 0x0000000088700000, 0x0000000088700000| Complete 
| 136|0x0000000088800000, 0x0000000088900000, 0x0000000088900000|100%|HS|  |TAMS 0x0000000088800000, 0x0000000088800000| Complete 
| 137|0x0000000088900000, 0x0000000088a00000, 0x0000000088a00000|100%| O|  |TAMS 0x0000000088a00000, 0x0000000088900000| Complete 
| 138|0x0000000088a00000, 0x0000000088b00000, 0x0000000088b00000|100%| O|  |TAMS 0x0000000088b00000, 0x0000000088a00000| Untracked 
| 139|0x0000000088b00000, 0x0000000088c00000, 0x0000000088c00000|100%| O|  |TAMS 0x0000000088c00000, 0x0000000088b00000| Untracked 
| 140|0x0000000088c00000, 0x0000000088d00000, 0x0000000088d00000|100%| O|  |TAMS 0x0000000088d00000, 0x0000000088c00000| Untracked 
| 141|0x0000000088d00000, 0x0000000088e00000, 0x0000000088e00000|100%| O|  |TAMS 0x0000000088e00000, 0x0000000088d00000| Untracked 
| 142|0x0000000088e00000, 0x0000000088f00000, 0x0000000088f00000|100%|HS|  |TAMS 0x0000000088e00000, 0x0000000088e00000| Complete 
| 143|0x0000000088f00000, 0x0000000089000000, 0x0000000089000000|100%|HC|  |TAMS 0x0000000088f00000, 0x0000000088f00000| Complete 
| 144|0x0000000089000000, 0x0000000089100000, 0x0000000089100000|100%|HC|  |TAMS 0x0000000089000000, 0x0000000089000000| Complete 
| 145|0x0000000089100000, 0x0000000089200000, 0x0000000089200000|100%| O|  |TAMS 0x0000000089100000, 0x0000000089100000| Untracked 
| 146|0x0000000089200000, 0x0000000089300000, 0x0000000089300000|100%| O|  |TAMS 0x0000000089300000, 0x0000000089200000| Complete 
| 147|0x0000000089300000, 0x0000000089400000, 0x0000000089400000|100%| O|  |TAMS 0x0000000089400000, 0x0000000089300000| Untracked 
| 148|0x0000000089400000, 0x0000000089500000, 0x0000000089500000|100%| O|  |TAMS 0x0000000089500000, 0x0000000089400000| Untracked 
| 149|0x0000000089500000, 0x0000000089600000, 0x0000000089600000|100%| O|  |TAMS 0x0000000089500000, 0x0000000089500000| Untracked 
| 150|0x0000000089600000, 0x0000000089700000, 0x0000000089700000|100%| O|  |TAMS 0x0000000089600000, 0x0000000089600000| Untracked 
| 151|0x0000000089700000, 0x0000000089800000, 0x0000000089800000|100%|HS|  |TAMS 0x0000000089700000, 0x0000000089700000| Complete 
| 152|0x0000000089800000, 0x0000000089900000, 0x0000000089900000|100%|HC|  |TAMS 0x0000000089800000, 0x0000000089800000| Complete 
| 153|0x0000000089900000, 0x0000000089a00000, 0x0000000089a00000|100%|HS|  |TAMS 0x0000000089900000, 0x0000000089900000| Complete 
| 154|0x0000000089a00000, 0x0000000089b00000, 0x0000000089b00000|100%| O|  |TAMS 0x0000000089a00000, 0x0000000089a00000| Untracked 
| 155|0x0000000089b00000, 0x0000000089c00000, 0x0000000089c00000|100%|HS|  |TAMS 0x0000000089b00000, 0x0000000089b00000| Complete 
| 156|0x0000000089c00000, 0x0000000089d00000, 0x0000000089d00000|100%| O|  |TAMS 0x0000000089c00000, 0x0000000089c00000| Untracked 
| 157|0x0000000089d00000, 0x0000000089e00000, 0x0000000089e00000|100%|HS|  |TAMS 0x0000000089d00000, 0x0000000089d00000| Complete 
| 158|0x0000000089e00000, 0x0000000089f00000, 0x0000000089f00000|100%| O|  |TAMS 0x0000000089e00000, 0x0000000089e00000| Untracked 
| 159|0x0000000089f00000, 0x000000008a000000, 0x000000008a000000|100%| O|  |TAMS 0x0000000089f00000, 0x0000000089f00000| Untracked 
| 160|0x000000008a000000, 0x000000008a100000, 0x000000008a100000|100%| O|  |TAMS 0x000000008a000000, 0x000000008a000000| Untracked 
| 161|0x000000008a100000, 0x000000008a200000, 0x000000008a200000|100%|HS|  |TAMS 0x000000008a100000, 0x000000008a100000| Complete 
| 162|0x000000008a200000, 0x000000008a300000, 0x000000008a300000|100%|HC|  |TAMS 0x000000008a200000, 0x000000008a200000| Complete 
| 163|0x000000008a300000, 0x000000008a400000, 0x000000008a400000|100%|HC|  |TAMS 0x000000008a300000, 0x000000008a300000| Complete 
| 164|0x000000008a400000, 0x000000008a500000, 0x000000008a500000|100%|HS|  |TAMS 0x000000008a400000, 0x000000008a400000| Complete 
| 165|0x000000008a500000, 0x000000008a600000, 0x000000008a600000|100%| O|  |TAMS 0x000000008a500000, 0x000000008a500000| Untracked 
| 166|0x000000008a600000, 0x000000008a700000, 0x000000008a700000|100%| O|  |TAMS 0x000000008a600000, 0x000000008a600000| Untracked 
| 167|0x000000008a700000, 0x000000008a800000, 0x000000008a800000|100%| O|  |TAMS 0x000000008a700000, 0x000000008a700000| Untracked 
| 168|0x000000008a800000, 0x000000008a900000, 0x000000008a900000|100%| O|  |TAMS 0x000000008a800000, 0x000000008a800000| Untracked 
| 169|0x000000008a900000, 0x000000008aa00000, 0x000000008aa00000|100%| O|  |TAMS 0x000000008a900000, 0x000000008a900000| Untracked 
| 170|0x000000008aa00000, 0x000000008ab00000, 0x000000008ab00000|100%| O|  |TAMS 0x000000008aa00000, 0x000000008aa00000| Untracked 
| 171|0x000000008ab00000, 0x000000008ac00000, 0x000000008ac00000|100%| O|  |TAMS 0x000000008ab00000, 0x000000008ab00000| Untracked 
| 172|0x000000008ac00000, 0x000000008ad00000, 0x000000008ad00000|100%| O|  |TAMS 0x000000008ac00000, 0x000000008ac00000| Untracked 
| 173|0x000000008ad00000, 0x000000008ae00000, 0x000000008ae00000|100%| O|  |TAMS 0x000000008ad00000, 0x000000008ad00000| Untracked 
| 174|0x000000008ae00000, 0x000000008af00000, 0x000000008af00000|100%| O|  |TAMS 0x000000008ae00000, 0x000000008ae00000| Untracked 
| 175|0x000000008af00000, 0x000000008b000000, 0x000000008b000000|100%| O|  |TAMS 0x000000008af00000, 0x000000008af00000| Untracked 
| 176|0x000000008b000000, 0x000000008b000000, 0x000000008b100000|  0%| F|  |TAMS 0x000000008b000000, 0x000000008b000000| Untracked 
| 177|0x000000008b100000, 0x000000008b100000, 0x000000008b200000|  0%| F|  |TAMS 0x000000008b100000, 0x000000008b100000| Untracked 
| 178|0x000000008b200000, 0x000000008b200000, 0x000000008b300000|  0%| F|  |TAMS 0x000000008b200000, 0x000000008b200000| Untracked 
| 179|0x000000008b300000, 0x000000008b300000, 0x000000008b400000|  0%| F|  |TAMS 0x000000008b300000, 0x000000008b300000| Untracked 
| 180|0x000000008b400000, 0x000000008b400000, 0x000000008b500000|  0%| F|  |TAMS 0x000000008b400000, 0x000000008b400000| Untracked 
| 181|0x000000008b500000, 0x000000008b500000, 0x000000008b600000|  0%| F|  |TAMS 0x000000008b500000, 0x000000008b500000| Untracked 
| 182|0x000000008b600000, 0x000000008b600000, 0x000000008b700000|  0%| F|  |TAMS 0x000000008b600000, 0x000000008b600000| Untracked 
| 183|0x000000008b700000, 0x000000008b700000, 0x000000008b800000|  0%| F|  |TAMS 0x000000008b700000, 0x000000008b700000| Untracked 
| 184|0x000000008b800000, 0x000000008b800000, 0x000000008b900000|  0%| F|  |TAMS 0x000000008b800000, 0x000000008b800000| Untracked 
| 185|0x000000008b900000, 0x000000008ba00000, 0x000000008ba00000|100%| O|  |TAMS 0x000000008b900000, 0x000000008b900000| Untracked 
| 186|0x000000008ba00000, 0x000000008bb00000, 0x000000008bb00000|100%| O|  |TAMS 0x000000008ba00000, 0x000000008ba00000| Untracked 
| 187|0x000000008bb00000, 0x000000008bb00000, 0x000000008bc00000|  0%| F|  |TAMS 0x000000008bb00000, 0x000000008bb00000| Untracked 
| 188|0x000000008bc00000, 0x000000008bc00000, 0x000000008bd00000|  0%| F|  |TAMS 0x000000008bc00000, 0x000000008bc00000| Untracked 
| 189|0x000000008bd00000, 0x000000008bd00000, 0x000000008be00000|  0%| F|  |TAMS 0x000000008bd00000, 0x000000008bd00000| Untracked 
| 190|0x000000008be00000, 0x000000008be00000, 0x000000008bf00000|  0%| F|  |TAMS 0x000000008be00000, 0x000000008be00000| Untracked 
| 191|0x000000008bf00000, 0x000000008bf00000, 0x000000008c000000|  0%| F|  |TAMS 0x000000008bf00000, 0x000000008bf00000| Untracked 
| 192|0x000000008c000000, 0x000000008c000000, 0x000000008c100000|  0%| F|  |TAMS 0x000000008c000000, 0x000000008c000000| Untracked 
| 193|0x000000008c100000, 0x000000008c100000, 0x000000008c200000|  0%| F|  |TAMS 0x000000008c100000, 0x000000008c100000| Untracked 
| 194|0x000000008c200000, 0x000000008c200000, 0x000000008c300000|  0%| F|  |TAMS 0x000000008c200000, 0x000000008c200000| Untracked 
| 195|0x000000008c300000, 0x000000008c300000, 0x000000008c400000|  0%| F|  |TAMS 0x000000008c300000, 0x000000008c300000| Untracked 
| 196|0x000000008c400000, 0x000000008c400000, 0x000000008c500000|  0%| F|  |TAMS 0x000000008c400000, 0x000000008c400000| Untracked 
| 197|0x000000008c500000, 0x000000008c500000, 0x000000008c600000|  0%| F|  |TAMS 0x000000008c500000, 0x000000008c500000| Untracked 
| 198|0x000000008c600000, 0x000000008c600000, 0x000000008c700000|  0%| F|  |TAMS 0x000000008c600000, 0x000000008c600000| Untracked 
| 199|0x000000008c700000, 0x000000008c700000, 0x000000008c800000|  0%| F|  |TAMS 0x000000008c700000, 0x000000008c700000| Untracked 
| 200|0x000000008c800000, 0x000000008c800000, 0x000000008c900000|  0%| F|  |TAMS 0x000000008c800000, 0x000000008c800000| Untracked 
| 201|0x000000008c900000, 0x000000008c900000, 0x000000008ca00000|  0%| F|  |TAMS 0x000000008c900000, 0x000000008c900000| Untracked 
| 202|0x000000008ca00000, 0x000000008ca00000, 0x000000008cb00000|  0%| F|  |TAMS 0x000000008ca00000, 0x000000008ca00000| Untracked 
| 203|0x000000008cb00000, 0x000000008cb00000, 0x000000008cc00000|  0%| F|  |TAMS 0x000000008cb00000, 0x000000008cb00000| Untracked 
| 204|0x000000008cc00000, 0x000000008cc00000, 0x000000008cd00000|  0%| F|  |TAMS 0x000000008cc00000, 0x000000008cc00000| Untracked 
| 205|0x000000008cd00000, 0x000000008cd00000, 0x000000008ce00000|  0%| F|  |TAMS 0x000000008cd00000, 0x000000008cd00000| Untracked 
| 206|0x000000008ce00000, 0x000000008ce00000, 0x000000008cf00000|  0%| F|  |TAMS 0x000000008ce00000, 0x000000008ce00000| Untracked 
| 207|0x000000008cf00000, 0x000000008cf00000, 0x000000008d000000|  0%| F|  |TAMS 0x000000008cf00000, 0x000000008cf00000| Untracked 
| 208|0x000000008d000000, 0x000000008d000000, 0x000000008d100000|  0%| F|  |TAMS 0x000000008d000000, 0x000000008d000000| Untracked 
| 209|0x000000008d100000, 0x000000008d100000, 0x000000008d200000|  0%| F|  |TAMS 0x000000008d100000, 0x000000008d100000| Untracked 
| 210|0x000000008d200000, 0x000000008d200000, 0x000000008d300000|  0%| F|  |TAMS 0x000000008d200000, 0x000000008d200000| Untracked 
| 211|0x000000008d300000, 0x000000008d300000, 0x000000008d400000|  0%| F|  |TAMS 0x000000008d300000, 0x000000008d300000| Untracked 
| 212|0x000000008d400000, 0x000000008d400000, 0x000000008d500000|  0%| F|  |TAMS 0x000000008d400000, 0x000000008d400000| Untracked 
| 213|0x000000008d500000, 0x000000008d500000, 0x000000008d600000|  0%| F|  |TAMS 0x000000008d500000, 0x000000008d500000| Untracked 
| 214|0x000000008d600000, 0x000000008d600000, 0x000000008d700000|  0%| F|  |TAMS 0x000000008d600000, 0x000000008d600000| Untracked 
| 215|0x000000008d700000, 0x000000008d700000, 0x000000008d800000|  0%| F|  |TAMS 0x000000008d700000, 0x000000008d700000| Untracked 
| 216|0x000000008d800000, 0x000000008d800000, 0x000000008d900000|  0%| F|  |TAMS 0x000000008d800000, 0x000000008d800000| Untracked 
| 217|0x000000008d900000, 0x000000008d900000, 0x000000008da00000|  0%| F|  |TAMS 0x000000008d900000, 0x000000008d900000| Untracked 
| 218|0x000000008da00000, 0x000000008da00000, 0x000000008db00000|  0%| F|  |TAMS 0x000000008da00000, 0x000000008da00000| Untracked 
| 219|0x000000008db00000, 0x000000008db00000, 0x000000008dc00000|  0%| F|  |TAMS 0x000000008db00000, 0x000000008db00000| Untracked 
| 220|0x000000008dc00000, 0x000000008dc00000, 0x000000008dd00000|  0%| F|  |TAMS 0x000000008dc00000, 0x000000008dc00000| Untracked 
| 221|0x000000008dd00000, 0x000000008dd00000, 0x000000008de00000|  0%| F|  |TAMS 0x000000008dd00000, 0x000000008dd00000| Untracked 
| 222|0x000000008de00000, 0x000000008de00000, 0x000000008df00000|  0%| F|  |TAMS 0x000000008de00000, 0x000000008de00000| Untracked 
| 223|0x000000008df00000, 0x000000008df00000, 0x000000008e000000|  0%| F|  |TAMS 0x000000008df00000, 0x000000008df00000| Untracked 
| 224|0x000000008e000000, 0x000000008e000000, 0x000000008e100000|  0%| F|  |TAMS 0x000000008e000000, 0x000000008e000000| Untracked 
| 225|0x000000008e100000, 0x000000008e100000, 0x000000008e200000|  0%| F|  |TAMS 0x000000008e100000, 0x000000008e100000| Untracked 
| 226|0x000000008e200000, 0x000000008e200000, 0x000000008e300000|  0%| F|  |TAMS 0x000000008e200000, 0x000000008e200000| Untracked 
| 227|0x000000008e300000, 0x000000008e300000, 0x000000008e400000|  0%| F|  |TAMS 0x000000008e300000, 0x000000008e300000| Untracked 
| 228|0x000000008e400000, 0x000000008e400000, 0x000000008e500000|  0%| F|  |TAMS 0x000000008e400000, 0x000000008e400000| Untracked 
| 229|0x000000008e500000, 0x000000008e500000, 0x000000008e600000|  0%| F|  |TAMS 0x000000008e500000, 0x000000008e500000| Untracked 
| 230|0x000000008e600000, 0x000000008e600000, 0x000000008e700000|  0%| F|  |TAMS 0x000000008e600000, 0x000000008e600000| Untracked 
| 231|0x000000008e700000, 0x000000008e700000, 0x000000008e800000|  0%| F|  |TAMS 0x000000008e700000, 0x000000008e700000| Untracked 
| 232|0x000000008e800000, 0x000000008e800000, 0x000000008e900000|  0%| F|  |TAMS 0x000000008e800000, 0x000000008e800000| Untracked 
| 233|0x000000008e900000, 0x000000008e900000, 0x000000008ea00000|  0%| F|  |TAMS 0x000000008e900000, 0x000000008e900000| Untracked 
| 234|0x000000008ea00000, 0x000000008ea00000, 0x000000008eb00000|  0%| F|  |TAMS 0x000000008ea00000, 0x000000008ea00000| Untracked 
| 235|0x000000008eb00000, 0x000000008eb00000, 0x000000008ec00000|  0%| F|  |TAMS 0x000000008eb00000, 0x000000008eb00000| Untracked 
| 236|0x000000008ec00000, 0x000000008ec00000, 0x000000008ed00000|  0%| F|  |TAMS 0x000000008ec00000, 0x000000008ec00000| Untracked 
| 237|0x000000008ed00000, 0x000000008ed00000, 0x000000008ee00000|  0%| F|  |TAMS 0x000000008ed00000, 0x000000008ed00000| Untracked 
| 238|0x000000008ee00000, 0x000000008ee00000, 0x000000008ef00000|  0%| F|  |TAMS 0x000000008ee00000, 0x000000008ee00000| Untracked 
| 239|0x000000008ef00000, 0x000000008ef00000, 0x000000008f000000|  0%| F|  |TAMS 0x000000008ef00000, 0x000000008ef00000| Untracked 
| 240|0x000000008f000000, 0x000000008f000000, 0x000000008f100000|  0%| F|  |TAMS 0x000000008f000000, 0x000000008f000000| Untracked 
| 241|0x000000008f100000, 0x000000008f100000, 0x000000008f200000|  0%| F|  |TAMS 0x000000008f100000, 0x000000008f100000| Untracked 
| 242|0x000000008f200000, 0x000000008f200000, 0x000000008f300000|  0%| F|  |TAMS 0x000000008f200000, 0x000000008f200000| Untracked 
| 243|0x000000008f300000, 0x000000008f300000, 0x000000008f400000|  0%| F|  |TAMS 0x000000008f300000, 0x000000008f300000| Untracked 
| 244|0x000000008f400000, 0x000000008f400000, 0x000000008f500000|  0%| F|  |TAMS 0x000000008f400000, 0x000000008f400000| Untracked 
| 245|0x000000008f500000, 0x000000008f500000, 0x000000008f600000|  0%| F|  |TAMS 0x000000008f500000, 0x000000008f500000| Untracked 
| 246|0x000000008f600000, 0x000000008f700000, 0x000000008f700000|100%| S|CS|TAMS 0x000000008f600000, 0x000000008f600000| Complete 
| 247|0x000000008f700000, 0x000000008f800000, 0x000000008f800000|100%| S|CS|TAMS 0x000000008f700000, 0x000000008f700000| Complete 
| 248|0x000000008f800000, 0x000000008f800000, 0x000000008f900000|  0%| F|  |TAMS 0x000000008f800000, 0x000000008f800000| Untracked 
| 249|0x000000008f900000, 0x000000008f900000, 0x000000008fa00000|  0%| F|  |TAMS 0x000000008f900000, 0x000000008f900000| Untracked 
| 250|0x000000008fa00000, 0x000000008fa00000, 0x000000008fb00000|  0%| F|  |TAMS 0x000000008fa00000, 0x000000008fa00000| Untracked 
| 251|0x000000008fb00000, 0x000000008fb00000, 0x000000008fc00000|  0%| F|  |TAMS 0x000000008fb00000, 0x000000008fb00000| Untracked 
| 252|0x000000008fc00000, 0x000000008fd00000, 0x000000008fd00000|100%| O|  |TAMS 0x000000008fc00000, 0x000000008fc00000| Untracked 
| 253|0x000000008fd00000, 0x000000008fe00000, 0x000000008fe00000|100%| O|  |TAMS 0x000000008fd00000, 0x000000008fd00000| Untracked 
| 254|0x000000008fe00000, 0x000000008ff00000, 0x000000008ff00000|100%| O|  |TAMS 0x000000008fe00000, 0x000000008fe00000| Untracked 
| 255|0x000000008ff00000, 0x0000000090000000, 0x0000000090000000|100%| O|  |TAMS 0x000000008ff00000, 0x000000008ff00000| Untracked 
| 256|0x0000000090000000, 0x0000000090100000, 0x0000000090100000|100%| O|  |TAMS 0x0000000090000000, 0x0000000090000000| Untracked 
| 257|0x0000000090100000, 0x0000000090200000, 0x0000000090200000|100%| O|  |TAMS 0x0000000090100000, 0x0000000090100000| Untracked 
| 258|0x0000000090200000, 0x0000000090300000, 0x0000000090300000|100%| O|  |TAMS 0x0000000090200000, 0x0000000090200000| Untracked 
| 259|0x0000000090300000, 0x0000000090400000, 0x0000000090400000|100%| O|  |TAMS 0x0000000090300000, 0x0000000090300000| Untracked 
| 260|0x0000000090400000, 0x0000000090500000, 0x0000000090500000|100%| O|  |TAMS 0x0000000090400000, 0x0000000090400000| Untracked 

Card table byte_map: [0x000002b81d570000,0x000002b81d970000] _byte_map_base: 0x000002b81d170000

Marking Bits (Prev, Next): (CMBitMap*) 0x000002b8088d4070, (CMBitMap*) 0x000002b8088d4038
 Prev Bits: [0x000002b81fd70000, 0x000002b821d70000)
 Next Bits: [0x000002b81dd70000, 0x000002b81fd70000)

Polling page: 0x000002b808770000

Metaspace:

Usage:
  Non-class:    127.64 MB capacity,   125.49 MB ( 98%) used,     1.71 MB (  1%) free+waste,   442.50 KB ( <1%) overhead. 
      Class:     18.99 MB capacity,    17.70 MB ( 93%) used,     1.10 MB (  6%) free+waste,   192.88 KB ( <1%) overhead. 
       Both:    146.63 MB capacity,   143.19 MB ( 98%) used,     2.81 MB (  2%) free+waste,   635.38 KB ( <1%) overhead. 

Virtual space:
  Non-class space:      128.00 MB reserved,     127.67 MB (>99%) committed 
      Class space:        1.00 GB reserved,      19.00 MB (  2%) committed 
             Both:        1.13 GB reserved,     146.67 MB ( 13%) committed 

Chunk freelists:
   Non-Class:  36.00 KB
       Class:  10.00 KB
        Both:  46.00 KB

MaxMetaspaceSize: 17179869184.00 GB
CompressedClassSpaceSize: 1.00 GB

CodeHeap 'non-profiled nmethods': size=120064Kb used=15362Kb max_used=15362Kb free=104701Kb
 bounds [0x000002b815600000, 0x000002b816510000, 0x000002b81cb40000]
CodeHeap 'profiled nmethods': size=120000Kb used=53550Kb max_used=53550Kb free=66449Kb
 bounds [0x000002b80e0d0000, 0x000002b811540000, 0x000002b815600000]
CodeHeap 'non-nmethods': size=5696Kb used=2395Kb max_used=2454Kb free=3301Kb
 bounds [0x000002b80db40000, 0x000002b80ddb0000, 0x000002b80e0d0000]
 total_blobs=23757 nmethods=22717 adapters=951
 compilation: enabled
              stopped_count=0, restarted_count=0
 full_count=0

Compilation events (20 events):
Event: 13682.779 Thread 0x000002b82439e800 25412       2       com.android.tools.r8.code.S0::hashCode (21 bytes)
Event: 13682.780 Thread 0x000002b82439e800 nmethod 25412 0x000002b81153a190 code [0x000002b81153a340, 0x000002b81153a488]
Event: 13682.811 Thread 0x000002b82439e800 25414       2       com.android.tools.r8.graph.g1::Z (2 bytes)
Event: 13682.811 Thread 0x000002b82439e800 nmethod 25414 0x000002b81153a510 code [0x000002b81153a6c0, 0x000002b81153a7b8]
Event: 13682.831 Thread 0x000002b82439e800 25416       2       com.android.tools.r8.graph.p0$$Lambda$1777/0x000000010122c440::apply (15 bytes)
Event: 13682.832 Thread 0x000002b82439e800 nmethod 25416 0x000002b81153a890 code [0x000002b81153aa40, 0x000002b81153abd8]
Event: 13682.832 Thread 0x000002b82439e800 25417       2       com.android.tools.r8.graph.Q::<init> (10 bytes)
Event: 13682.833 Thread 0x000002b82439e800 nmethod 25417 0x000002b81153ad10 code [0x000002b81153aec0, 0x000002b81153afb8]
Event: 13682.973 Thread 0x000002b82439e800 25418       2       java.util.Arrays::hashCode (44 bytes)
Event: 13682.974 Thread 0x000002b82439e800 nmethod 25418 0x000002b81153b090 code [0x000002b81153b240, 0x000002b81153b3b8]
Event: 13682.974 Thread 0x000002b82439e800 25419       1       com.android.tools.r8.internal.cc1::size (5 bytes)
Event: 13682.975 Thread 0x000002b82439e800 nmethod 25419 0x000002b816501a10 code [0x000002b816501bc0, 0x000002b816501c78]
Event: 13682.995 Thread 0x000002b82439e800 25421       2       com.android.tools.r8.code.T0::hashCode (21 bytes)
Event: 13682.996 Thread 0x000002b82439e800 nmethod 25421 0x000002b81153b490 code [0x000002b81153b640, 0x000002b81153b788]
Event: 13683.001 Thread 0x000002b82439e800 25422       2       com.android.tools.r8.internal.cc1::<init> (107 bytes)
Event: 13683.002 Thread 0x000002b82439e800 nmethod 25422 0x000002b81153b810 code [0x000002b81153ba60, 0x000002b81153c0f8]
Event: 13683.008 Thread 0x000002b82439e800 25424       2       com.android.tools.r8.dex.r::c (73 bytes)
Event: 13683.009 Thread 0x000002b82439e800 nmethod 25424 0x000002b81153c310 code [0x000002b81153c520, 0x000002b81153ca38]
Event: 13683.019 Thread 0x000002b82439e800 25425       3       com.android.tools.r8.dex.r::l (52 bytes)
Event: 13683.021 Thread 0x000002b82439e800 nmethod 25425 0x000002b81153cd90 code [0x000002b81153cfe0, 0x000002b81153d988]

GC Heap History (20 events):
Event: 13648.601 GC heap after
{Heap after GC invocations=172 (full 0):
 garbage-first heap   total 258048K, used 138865K [0x0000000080000000, 0x0000000100000000)
  region size 1024K, 5 young (5120K), 5 survivors (5120K)
 Metaspace       used 131169K, capacity 134100K, committed 134192K, reserved 1167360K
  class space    used 16136K, capacity 17243K, committed 17280K, reserved 1048576K
}
Event: 13656.880 GC heap before
{Heap before GC invocations=172 (full 0):
 garbage-first heap   total 258048K, used 183921K [0x0000000080000000, 0x0000000100000000)
  region size 1024K, 50 young (51200K), 5 survivors (5120K)
 Metaspace       used 132549K, capacity 135571K, committed 135600K, reserved 1167360K
  class space    used 16285K, capacity 17383K, committed 17408K, reserved 1048576K
}
Event: 13656.921 GC heap after
{Heap after GC invocations=173 (full 0):
 garbage-first heap   total 258048K, used 143098K [0x0000000080000000, 0x0000000100000000)
  region size 1024K, 7 young (7168K), 7 survivors (7168K)
 Metaspace       used 132549K, capacity 135571K, committed 135600K, reserved 1167360K
  class space    used 16285K, capacity 17383K, committed 17408K, reserved 1048576K
}
Event: 13661.622 GC heap before
{Heap before GC invocations=174 (full 0):
 garbage-first heap   total 258048K, used 189178K [0x0000000080000000, 0x0000000100000000)
  region size 1024K, 53 young (54272K), 7 survivors (7168K)
 Metaspace       used 134216K, capacity 137188K, committed 137392K, reserved 1169408K
  class space    used 16462K, capacity 17544K, committed 17664K, reserved 1048576K
}
Event: 13661.655 GC heap after
{Heap after GC invocations=175 (full 0):
 garbage-first heap   total 258048K, used 144780K [0x0000000080000000, 0x0000000100000000)
  region size 1024K, 5 young (5120K), 5 survivors (5120K)
 Metaspace       used 134216K, capacity 137188K, committed 137392K, reserved 1169408K
  class space    used 16462K, capacity 17544K, committed 17664K, reserved 1048576K
}
Event: 13663.330 GC heap before
{Heap before GC invocations=175 (full 0):
 garbage-first heap   total 258048K, used 151948K [0x0000000080000000, 0x0000000100000000)
  region size 1024K, 13 young (13312K), 5 survivors (5120K)
 Metaspace       used 134431K, capacity 137521K, committed 137648K, reserved 1169408K
  class space    used 16480K, capacity 17583K, committed 17664K, reserved 1048576K
}
Event: 13663.351 GC heap after
{Heap after GC invocations=176 (full 0):
 garbage-first heap   total 258048K, used 139542K [0x0000000080000000, 0x0000000100000000)
  region size 1024K, 1 young (1024K), 1 survivors (1024K)
 Metaspace       used 134431K, capacity 137521K, committed 137648K, reserved 1169408K
  class space    used 16480K, capacity 17583K, committed 17664K, reserved 1048576K
}
Event: 13669.219 GC heap before
{Heap before GC invocations=176 (full 0):
 garbage-first heap   total 258048K, used 189718K [0x0000000080000000, 0x0000000100000000)
  region size 1024K, 51 young (52224K), 1 survivors (1024K)
 Metaspace       used 136628K, capacity 139764K, committed 140080K, reserved 1171456K
  class space    used 16799K, capacity 17952K, committed 18048K, reserved 1048576K
}
Event: 13669.241 GC heap after
{Heap after GC invocations=177 (full 0):
 garbage-first heap   total 258048K, used 142496K [0x0000000080000000, 0x0000000100000000)
  region size 1024K, 4 young (4096K), 4 survivors (4096K)
 Metaspace       used 136628K, capacity 139764K, committed 140080K, reserved 1171456K
  class space    used 16799K, capacity 17952K, committed 18048K, reserved 1048576K
}
Event: 13673.495 GC heap before
{Heap before GC invocations=178 (full 0):
 garbage-first heap   total 258048K, used 194720K [0x0000000080000000, 0x0000000100000000)
  region size 1024K, 56 young (57344K), 4 survivors (4096K)
 Metaspace       used 143665K, capacity 147240K, committed 147504K, reserved 1177600K
  class space    used 17904K, capacity 19229K, committed 19328K, reserved 1048576K
}
Event: 13673.524 GC heap after
{Heap after GC invocations=179 (full 0):
 garbage-first heap   total 258048K, used 144925K [0x0000000080000000, 0x0000000100000000)
  region size 1024K, 6 young (6144K), 6 survivors (6144K)
 Metaspace       used 143665K, capacity 147240K, committed 147504K, reserved 1177600K
  class space    used 17904K, capacity 19229K, committed 19328K, reserved 1048576K
}
Event: 13673.876 GC heap before
{Heap before GC invocations=179 (full 0):
 garbage-first heap   total 258048K, used 151069K [0x0000000080000000, 0x0000000100000000)
  region size 1024K, 12 young (12288K), 6 survivors (6144K)
 Metaspace       used 143802K, capacity 147379K, committed 147504K, reserved 1177600K
  class space    used 17908K, capacity 19232K, committed 19328K, reserved 1048576K
}
Event: 13673.908 GC heap after
{Heap after GC invocations=180 (full 0):
 garbage-first heap   total 258048K, used 143694K [0x0000000080000000, 0x0000000100000000)
  region size 1024K, 1 young (1024K), 1 survivors (1024K)
 Metaspace       used 143802K, capacity 147379K, committed 147504K, reserved 1177600K
  class space    used 17908K, capacity 19232K, committed 19328K, reserved 1048576K
}
Event: 13676.607 GC heap before
{Heap before GC invocations=180 (full 0):
 garbage-first heap   total 258048K, used 198990K [0x0000000080000000, 0x0000000100000000)
  region size 1024K, 55 young (56320K), 1 survivors (1024K)
 Metaspace       used 144744K, capacity 148307K, committed 148528K, reserved 1179648K
  class space    used 17943K, capacity 19275K, committed 19328K, reserved 1048576K
}
Event: 13676.618 GC heap after
{Heap after GC invocations=181 (full 0):
 garbage-first heap   total 258048K, used 143153K [0x0000000080000000, 0x0000000100000000)
  region size 1024K, 1 young (1024K), 1 survivors (1024K)
 Metaspace       used 144744K, capacity 148307K, committed 148528K, reserved 1179648K
  class space    used 17943K, capacity 19275K, committed 19328K, reserved 1048576K
}
Event: 13679.937 GC heap before
{Heap before GC invocations=182 (full 0):
 garbage-first heap   total 258048K, used 189233K [0x0000000080000000, 0x0000000100000000)
  region size 1024K, 48 young (49152K), 1 survivors (1024K)
 Metaspace       used 145642K, capacity 149144K, committed 149296K, reserved 1179648K
  class space    used 17994K, capacity 19305K, committed 19328K, reserved 1048576K
}
Event: 13679.946 GC heap after
{Heap after GC invocations=183 (full 0):
 garbage-first heap   total 258048K, used 143408K [0x0000000080000000, 0x0000000100000000)
  region size 1024K, 1 young (1024K), 1 survivors (1024K)
 Metaspace       used 145642K, capacity 149144K, committed 149296K, reserved 1179648K
  class space    used 17994K, capacity 19305K, committed 19328K, reserved 1048576K
}
Event: 13682.835 GC heap before
{Heap before GC invocations=184 (full 0):
 garbage-first heap   total 258048K, used 235568K [0x0000000080000000, 0x0000000100000000)
  region size 1024K, 67 young (68608K), 1 survivors (1024K)
 Metaspace       used 146626K, capacity 150146K, committed 150192K, reserved 1179648K
  class space    used 18123K, capacity 19446K, committed 19456K, reserved 1048576K
}
Event: 13682.967 GC heap after
{Heap after GC invocations=185 (full 0):
 garbage-first heap   total 267264K, used 190449K [0x0000000080000000, 0x0000000100000000)
  region size 1024K, 9 young (9216K), 9 survivors (9216K)
 Metaspace       used 146626K, capacity 150146K, committed 150192K, reserved 1179648K
  class space    used 18123K, capacity 19446K, committed 19456K, reserved 1048576K
}
Event: 13683.042 GC heap before
{Heap before GC invocations=185 (full 0):
 garbage-first heap   total 267264K, used 193521K [0x0000000080000000, 0x0000000100000000)
  region size 1024K, 13 young (13312K), 9 survivors (9216K)
 Metaspace       used 146628K, capacity 150146K, committed 150192K, reserved 1179648K
  class space    used 18123K, capacity 19446K, committed 19456K, reserved 1048576K
}

Deoptimization events (20 events):
Event: 13681.758 Thread 0x000002b828c7d800 DEOPT PACKING pc=0x000002b81147b40e sp=0x000000beb53fd3e0
Event: 13681.758 Thread 0x000002b828c7d800 DEOPT UNPACKING pc=0x000002b80db666bf sp=0x000000beb53fc858 mode 0
Event: 13681.759 Thread 0x000002b828c7d800 DEOPT PACKING pc=0x000002b81147b40e sp=0x000000beb53fd3e0
Event: 13681.759 Thread 0x000002b828c7d800 DEOPT UNPACKING pc=0x000002b80db666bf sp=0x000000beb53fc858 mode 0
Event: 13681.760 Thread 0x000002b828c7d800 DEOPT PACKING pc=0x000002b81147b40e sp=0x000000beb53fd3e0
Event: 13681.760 Thread 0x000002b828c7d800 DEOPT UNPACKING pc=0x000002b80db666bf sp=0x000000beb53fc858 mode 0
Event: 13681.785 Thread 0x000002b828c7d800 DEOPT PACKING pc=0x000002b81147b40e sp=0x000000beb53fd4c0
Event: 13681.785 Thread 0x000002b828c7d800 DEOPT UNPACKING pc=0x000002b80db666bf sp=0x000000beb53fc938 mode 0
Event: 13681.789 Thread 0x000002b828c7d800 DEOPT PACKING pc=0x000002b81147b40e sp=0x000000beb53fd3e0
Event: 13681.789 Thread 0x000002b828c7d800 DEOPT UNPACKING pc=0x000002b80db666bf sp=0x000000beb53fc858 mode 0
Event: 13681.790 Thread 0x000002b828c7d800 DEOPT PACKING pc=0x000002b81147b40e sp=0x000000beb53fd3e0
Event: 13681.790 Thread 0x000002b828c7d800 DEOPT UNPACKING pc=0x000002b80db666bf sp=0x000000beb53fc858 mode 0
Event: 13681.791 Thread 0x000002b828c7d800 DEOPT PACKING pc=0x000002b81147b40e sp=0x000000beb53fd3e0
Event: 13681.791 Thread 0x000002b828c7d800 DEOPT UNPACKING pc=0x000002b80db666bf sp=0x000000beb53fc858 mode 0
Event: 13681.792 Thread 0x000002b828c7d800 DEOPT PACKING pc=0x000002b81147b40e sp=0x000000beb53fd3e0
Event: 13681.793 Thread 0x000002b828c7d800 DEOPT UNPACKING pc=0x000002b80db666bf sp=0x000000beb53fc858 mode 0
Event: 13681.809 Thread 0x000002b828c7d800 DEOPT PACKING pc=0x000002b81147b40e sp=0x000000beb53fd4c0
Event: 13681.809 Thread 0x000002b828c7d800 DEOPT UNPACKING pc=0x000002b80db666bf sp=0x000000beb53fc938 mode 0
Event: 13682.573 Thread 0x000002b831086000 DEOPT PACKING pc=0x000002b80fdcfa5b sp=0x000000beb58fe760
Event: 13682.573 Thread 0x000002b831086000 DEOPT UNPACKING pc=0x000002b80db666bf sp=0x000000beb58fdcb8 mode 0

Classes redefined (0 events):
No events

Internal exceptions (20 events):
Event: 13669.261 Thread 0x000002b82d60b000 Exception <a 'java/lang/IncompatibleClassChangeError'{0x000000008fb14220}: Found class java.lang.Object, but interface was expected> (0x000000008fb14220) thrown at [./src/hotspot/share/interpreter/linkResolver.cpp, line 839]
Event: 13670.170 Thread 0x000002b827f2c800 Exception <a 'java/lang/NoSuchMethodError'{0x000000008f2e3008}: 'int java.lang.invoke.DirectMethodHandle$Holder.invokeVirtual(java.lang.Object, java.lang.Object, java.lang.Object)'> (0x000000008f2e3008) thrown at [./src/hotspot/share/interpreter/linkResolver.cpp, line 773]
Event: 13670.486 Thread 0x000002b82d60b000 Exception <a 'java/lang/NoSuchMethodError'{0x000000008ea7bcd8}: 'int java.lang.invoke.DirectMethodHandle$Holder.invokeSpecial(java.lang.Object, java.lang.Object, java.lang.Object, java.lang.Object, java.lang.Object)'> (0x000000008ea7bcd8) thrown at [./src/hotspot/share/interpreter/linkResolver.cpp, line 773]
Event: 13670.613 Thread 0x000002b827f2c800 Exception <a 'java/lang/NoSuchMethodError'{0x000000008e8d52c0}: 'java.lang.Object java.lang.invoke.DirectMethodHandle$Holder.invokeVirtual(java.lang.Object, java.lang.Object, int, java.lang.Object)'> (0x000000008e8d52c0) thrown at [./src/hotspot/share/interpreter/linkResolver.cpp, line 773]
Event: 13670.613 Thread 0x000002b82d60b000 Exception <a 'java/lang/NoSuchMethodError'{0x000000008e8577c0}: 'java.lang.Object java.lang.invoke.DirectMethodHandle$Holder.invokeVirtual(java.lang.Object, java.lang.Object, int, java.lang.Object)'> (0x000000008e8577c0) thrown at [./src/hotspot/share/interpreter/linkResolver.cpp, line 773]
Event: 13670.702 Thread 0x000002b827f2c800 Exception <a 'java/lang/IncompatibleClassChangeError'{0x000000008e777c40}: Found class java.lang.Object, but interface was expected> (0x000000008e777c40) thrown at [./src/hotspot/share/interpreter/linkResolver.cpp, line 839]
Event: 13670.702 Thread 0x000002b82d60b000 Exception <a 'java/lang/IncompatibleClassChangeError'{0x000000008e77bc20}: Found class java.lang.Object, but interface was expected> (0x000000008e77bc20) thrown at [./src/hotspot/share/interpreter/linkResolver.cpp, line 839]
Event: 13670.705 Thread 0x000002b827f2c800 Exception <a 'java/lang/IncompatibleClassChangeError'{0x000000008e78ee68}: Found class java.lang.Object, but interface was expected> (0x000000008e78ee68) thrown at [./src/hotspot/share/interpreter/linkResolver.cpp, line 839]
Event: 13670.705 Thread 0x000002b82d60b000 Exception <a 'java/lang/IncompatibleClassChangeError'{0x000000008e786750}: Found class java.lang.Object, but interface was expected> (0x000000008e786750) thrown at [./src/hotspot/share/interpreter/linkResolver.cpp, line 839]
Event: 13670.820 Thread 0x000002b82d60b000 Exception <a 'java/lang/NoSuchMethodError'{0x000000008e7be8d8}: 'void java.lang.invoke.DirectMethodHandle$Holder.invokeVirtual(java.lang.Object, java.lang.Object, int, java.lang.Object)'> (0x000000008e7be8d8) thrown at [./src/hotspot/share/interpreter/linkResolver.cpp, line 773]
Event: 13671.110 Thread 0x000002b82d60b000 Exception <a 'java/lang/NoSuchMethodError'{0x000000008e387a50}: 'java.lang.Object java.lang.invoke.DirectMethodHandle$Holder.newInvokeSpecial(java.lang.Object, int)'> (0x000000008e387a50) thrown at [./src/hotspot/share/interpreter/linkResolver.cpp, line 773]
Event: 13671.110 Thread 0x000002b827f2c800 Exception <a 'java/lang/NoSuchMethodError'{0x000000008e381698}: 'java.lang.Object java.lang.invoke.DirectMethodHandle$Holder.newInvokeSpecial(java.lang.Object, int)'> (0x000000008e381698) thrown at [./src/hotspot/share/interpreter/linkResolver.cpp, line 773]
Event: 13671.863 Thread 0x000002b82d60b000 Exception <a 'java/lang/NoSuchMethodError'{0x000000008dca6ee0}: 'java.lang.Object java.lang.invoke.Invokers$Holder.linkToTargetMethod(java.lang.Object, int, java.lang.Object, java.lang.Object, java.lang.Object, java.lang.Object)'> (0x000000008dca6ee0) thrown at [./src/hotspot/share/interpreter/linkResolver.cpp, line 773]
Event: 13671.872 Thread 0x000002b82d60b000 Exception <a 'java/lang/NoSuchMethodError'{0x000000008dcbb358}: 'java.lang.Object java.lang.invoke.Invokers$Holder.linkToTargetMethod(java.lang.Object, java.lang.Object, java.lang.Object, int, java.lang.Object, java.lang.Object, java.lang.Object)'> (0x000000008dcbb358) thrown at [./src/hotspot/share/interpreter/linkResolver.cpp, line 773]
Event: 13671.916 Thread 0x000002b82d60b000 Exception <a 'java/lang/NoSuchMethodError'{0x000000008dce0480}: 'void java.lang.invoke.DirectMethodHandle$Holder.invokeStatic(java.lang.Object, java.lang.Object, java.lang.Object, java.lang.Object, java.lang.Object, java.lang.Object, java.lang.Object, java.lang.Object)'> (0x000000008dce0480) thrown at [./src/hotspot/share/interpreter/linkResolver.cpp, line 773]
Event: 13672.229 Thread 0x000002b82d60b000 Exception <a 'java/lang/IncompatibleClassChangeError'{0x000000008d892d78}: Found class java.lang.Object, but interface was expected> (0x000000008d892d78) thrown at [./src/hotspot/share/interpreter/linkResolver.cpp, line 839]
Event: 13672.443 Thread 0x000002b82d60b000 Exception <a 'java/lang/NoSuchMethodError'{0x000000008d467b60}: 'void java.lang.invoke.DirectMethodHandle$Holder.invokeVirtual(java.lang.Object, java.lang.Object, int)'> (0x000000008d467b60) thrown at [./src/hotspot/share/interpreter/linkResolver.cpp, line 773]
Event: 13672.684 Thread 0x000002b82d60b000 Exception <a 'sun/nio/fs/WindowsException'{0x000000008d296a70}> (0x000000008d296a70) thrown at [./src/hotspot/share/prims/jni.cpp, line 615]
Event: 13679.297 Thread 0x000002b827f2c800 Exception <a 'sun/nio/fs/WindowsException'{0x000000008d3fd288}> (0x000000008d3fd288) thrown at [./src/hotspot/share/prims/jni.cpp, line 615]
Event: 13681.378 Thread 0x000002b828c7d800 Exception <a 'sun/nio/fs/WindowsException'{0x000000008f9d6e20}> (0x000000008f9d6e20) thrown at [./src/hotspot/share/prims/jni.cpp, line 615]

Events (20 events):
Event: 13682.352 loading class com/android/tools/r8/internal/Bp1 done
Event: 13682.353 loading class com/android/tools/r8/graph/X0
Event: 13682.353 loading class com/android/tools/r8/graph/X0 done
Event: 13682.353 loading class com/android/tools/r8/graph/k0
Event: 13682.353 loading class com/android/tools/r8/graph/k0 done
Event: 13682.354 loading class com/android/tools/r8/graph/W0
Event: 13682.354 loading class com/android/tools/r8/graph/W0 done
Event: 13682.354 loading class com/android/tools/r8/graph/k0
Event: 13682.354 loading class com/android/tools/r8/graph/k0 done
Event: 13682.355 loading class com/android/tools/r8/graph/X0
Event: 13682.355 loading class com/android/tools/r8/graph/X0 done
Event: 13682.358 loading class com/android/tools/r8/internal/IU0
Event: 13682.358 loading class com/android/tools/r8/internal/IU0 done
Event: 13682.360 Executing VM operation: RevokeBias
Event: 13682.361 Executing VM operation: RevokeBias done
Event: 13682.365 Executing VM operation: RevokeBias
Event: 13682.366 Executing VM operation: RevokeBias done
Event: 13682.834 Executing VM operation: G1CollectForAllocation
Event: 13682.967 Executing VM operation: G1CollectForAllocation done
Event: 13683.041 Executing VM operation: G1CollectForAllocation


Dynamic libraries:
0x00007ff7a1430000 - 0x00007ff7a143a000 	D:\Alondra\programs\Android Studio\jre\bin\java.exe
0x00007ff84c9b0000 - 0x00007ff84cb71000 	C:\Windows\SYSTEM32\ntdll.dll
0x00007ff84c880000 - 0x00007ff84c92d000 	C:\Windows\system32\KERNEL32.DLL
0x00007ff849270000 - 0x00007ff849458000 	C:\Windows\system32\KERNELBASE.dll
0x00007ff839d20000 - 0x00007ff839d37000 	D:\Alondra\programs\Android Studio\jre\bin\VCRUNTIME140.dll
0x00007ff848170000 - 0x00007ff848264000 	C:\Windows\SYSTEM32\ucrtbase.dll
0x00007ff839d40000 - 0x00007ff839d59000 	D:\Alondra\programs\Android Studio\jre\bin\jli.dll
0x00007ff84a5d0000 - 0x00007ff84a726000 	C:\Windows\system32\USER32.dll
0x00007ff84c090000 - 0x00007ff84c216000 	C:\Windows\system32\GDI32.dll
0x00007ff82ee20000 - 0x00007ff82f094000 	C:\Windows\WinSxS\amd64_microsoft.windows.common-controls_6595b64144ccf1df_6.0.10586.0_none_8c15ae12515e1c22\COMCTL32.dll
0x00007ff849db0000 - 0x00007ff849e4d000 	C:\Windows\system32\msvcrt.dll
0x00007ff84a280000 - 0x00007ff84a4fd000 	C:\Windows\system32\combase.dll
0x00007ff84a8a0000 - 0x00007ff84a9bc000 	C:\Windows\system32\RPCRT4.dll
0x00007ff849200000 - 0x00007ff84926a000 	C:\Windows\system32\bcryptPrimitives.dll
0x00007ff84c490000 - 0x00007ff84c4cb000 	C:\Windows\system32\IMM32.DLL
0x00007ff81f9c0000 - 0x00007ff81fa5d000 	D:\Alondra\programs\Android Studio\jre\bin\msvcp140.dll
0x00007ff820390000 - 0x00007ff820e65000 	D:\Alondra\programs\Android Studio\jre\bin\server\jvm.dll
0x00007ff84a500000 - 0x00007ff84a5a7000 	C:\Windows\system32\ADVAPI32.dll
0x00007ff84a730000 - 0x00007ff84a78b000 	C:\Windows\system32\sechost.dll
0x00007ff84c4d0000 - 0x00007ff84c4d8000 	C:\Windows\system32\PSAPI.DLL
0x00007ff840ef0000 - 0x00007ff840ef9000 	C:\Windows\SYSTEM32\WSOCK32.dll
0x00007ff8475d0000 - 0x00007ff8475f3000 	C:\Windows\SYSTEM32\WINMM.dll
0x00007ff83aa50000 - 0x00007ff83aa5a000 	C:\Windows\SYSTEM32\VERSION.dll
0x00007ff8470f0000 - 0x00007ff84711c000 	C:\Windows\SYSTEM32\WINMMBASE.dll
0x00007ff849060000 - 0x00007ff8490a3000 	C:\Windows\system32\cfgmgr32.dll
0x00007ff84c930000 - 0x00007ff84c99b000 	C:\Windows\system32\WS2_32.dll
0x00007ff849050000 - 0x00007ff84905f000 	C:\Windows\system32\kernel.appcore.dll
0x00007ff8304d0000 - 0x00007ff8304e1000 	D:\Alondra\programs\Android Studio\jre\bin\verify.dll
0x00007ff845b50000 - 0x00007ff845cdc000 	C:\Windows\SYSTEM32\DBGHELP.DLL
0x00007ff842dd0000 - 0x00007ff842df5000 	C:\Windows\SYSTEM32\dbgcore.DLL
0x00007ff8304a0000 - 0x00007ff8304c9000 	D:\Alondra\programs\Android Studio\jre\bin\java.dll
0x00007ff840af0000 - 0x00007ff840afb000 	D:\Alondra\programs\Android Studio\jre\bin\jimage.dll
0x00007ff840be0000 - 0x00007ff840bf8000 	D:\Alondra\programs\Android Studio\jre\bin\zip.dll
0x00007ff84a9d0000 - 0x00007ff84bf2f000 	C:\Windows\system32\SHELL32.dll
0x00007ff849700000 - 0x00007ff849d44000 	C:\Windows\system32\windows.storage.dll
0x00007ff84c220000 - 0x00007ff84c272000 	C:\Windows\system32\shlwapi.dll
0x00007ff849140000 - 0x00007ff8491f5000 	C:\Windows\system32\shcore.dll
0x00007ff848ff0000 - 0x00007ff84903b000 	C:\Windows\system32\powrprof.dll
0x00007ff848fd0000 - 0x00007ff848fe4000 	C:\Windows\system32\profapi.dll
0x00007ff82e070000 - 0x00007ff82e08a000 	D:\Alondra\programs\Android Studio\jre\bin\net.dll
0x00007ff845790000 - 0x00007ff845858000 	C:\Windows\SYSTEM32\WINHTTP.dll
0x00007ff8488a0000 - 0x00007ff8488fc000 	C:\Windows\system32\mswsock.dll
0x00007ff82dcf0000 - 0x00007ff82dd04000 	D:\Alondra\programs\Android Studio\jre\bin\nio.dll
0x00007ff840b00000 - 0x00007ff840b27000 	C:\Users\Alondra\.gradle\native\e1d6ef7f7dcc3fd88c89a11ec53ec762bb8ba0a96d01ffa2cd45eb1d1d8dd5c5\windows-amd64\native-platform.dll
0x00007ff8391c0000 - 0x00007ff8391ca000 	D:\Alondra\programs\Android Studio\jre\bin\management.dll
0x00007ff82e060000 - 0x00007ff82e06d000 	D:\Alondra\programs\Android Studio\jre\bin\management_ext.dll
0x00007ff848950000 - 0x00007ff848967000 	C:\Windows\SYSTEM32\CRYPTSP.dll
0x00007ff8485e0000 - 0x00007ff848614000 	C:\Windows\system32\rsaenh.dll
0x00007ff848f00000 - 0x00007ff848f29000 	C:\Windows\SYSTEM32\bcrypt.dll
0x00007ff848730000 - 0x00007ff84874f000 	C:\Windows\SYSTEM32\USERENV.dll
0x00007ff848a70000 - 0x00007ff848a7b000 	C:\Windows\SYSTEM32\CRYPTBASE.dll
0x00007ff841a40000 - 0x00007ff841a78000 	C:\Windows\SYSTEM32\IPHLPAPI.DLL
0x00007ff84a9c0000 - 0x00007ff84a9c8000 	C:\Windows\system32\NSI.dll
0x00007ff841490000 - 0x00007ff8414a6000 	C:\Windows\SYSTEM32\dhcpcsvc6.DLL
0x00007ff841470000 - 0x00007ff84148a000 	C:\Windows\SYSTEM32\dhcpcsvc.DLL
0x00007ff821fc0000 - 0x00007ff821fe7000 	D:\Alondra\programs\Android Studio\jre\bin\sunec.dll
0x00007ff847a40000 - 0x00007ff847aea000 	C:\Windows\SYSTEM32\DNSAPI.dll
0x00007ff840280000 - 0x00007ff84028a000 	C:\Windows\System32\rasadhlp.dll
0x00007ff8418d0000 - 0x00007ff841937000 	C:\Windows\System32\fwpuclnt.dll
0x00007ff8484c0000 - 0x00007ff8484f1000 	C:\Windows\SYSTEM32\ntmarta.dll
0x00007ff838100000 - 0x00007ff83819c000 	C:\Windows\SYSTEM32\efswrt.dll
0x00007ff84c4e0000 - 0x00007ff84c5a1000 	C:\Windows\system32\OLEAUT32.dll
0x00007ff844970000 - 0x00007ff844aa6000 	C:\Windows\SYSTEM32\wintypes.dll
0x00007ff837d60000 - 0x00007ff837db0000 	C:\Windows\SYSTEM32\edputil.dll
0x00007ff8477c0000 - 0x00007ff847839000 	C:\Windows\system32\apphelp.dll

dbghelp: loaded successfully - version: 4.0.5 - missing functions: none
symbol engine: initialized successfully - sym options: 0x614 - pdb path: .;D:\Alondra\programs\Android Studio\jre\bin;C:\Windows\SYSTEM32;C:\Windows\WinSxS\amd64_microsoft.windows.common-controls_6595b64144ccf1df_6.0.10586.0_none_8c15ae12515e1c22;D:\Alondra\programs\Android Studio\jre\bin\server;C:\Users\Alondra\.gradle\native\e1d6ef7f7dcc3fd88c89a11ec53ec762bb8ba0a96d01ffa2cd45eb1d1d8dd5c5\windows-amd64

VM Arguments:
jvm_args: --add-opens=java.base/java.util=ALL-UNNAMED --add-opens=java.base/java.lang=ALL-UNNAMED --add-opens=java.base/java.lang.invoke=ALL-UNNAMED --add-opens=java.base/java.util=ALL-UNNAMED --add-opens=java.prefs/java.util.prefs=ALL-UNNAMED --add-opens=java.prefs/java.util.prefs=ALL-UNNAMED --add-opens=java.base/java.nio.charset=ALL-UNNAMED --add-opens=java.base/java.net=ALL-UNNAMED --add-opens=java.base/java.util.concurrent.atomic=ALL-UNNAMED -Xmx2048m -Dfile.encoding=UTF-8 -Duser.country=419 -Duser.language=es -Duser.variant 
java_command: org.gradle.launcher.daemon.bootstrap.GradleDaemon 7.2
java_class_path (initial): C:\Users\Alondra\.gradle\wrapper\dists\gradle-7.2-bin\2dnblmf4td7x66yl1d74lt32g\gradle-7.2\lib\gradle-launcher-7.2.jar
Launcher Type: SUN_STANDARD

[Global flags]
     intx CICompilerCount                          = 3                                         {product} {ergonomic}
     uint ConcGCThreads                            = 1                                         {product} {ergonomic}
     uint G1ConcRefinementThreads                  = 4                                         {product} {ergonomic}
   size_t G1HeapRegionSize                         = 1048576                                   {product} {ergonomic}
    uintx GCDrainStackTargetSize                   = 64                                        {product} {ergonomic}
   size_t InitialHeapSize                          = 65011712                                  {product} {ergonomic}
   size_t MarkStackSize                            = 4194304                                   {product} {ergonomic}
   size_t MaxHeapSize                              = 2147483648                                {product} {command line}
   size_t MaxNewSize                               = 1287651328                                {product} {ergonomic}
   size_t MinHeapDeltaBytes                        = 1048576                                   {product} {ergonomic}
    uintx NonNMethodCodeHeapSize                   = 5830732                                {pd product} {ergonomic}
    uintx NonProfiledCodeHeapSize                  = 122913754                              {pd product} {ergonomic}
    uintx ProfiledCodeHeapSize                     = 122913754                              {pd product} {ergonomic}
    uintx ReservedCodeCacheSize                    = 251658240                              {pd product} {ergonomic}
     bool SegmentedCodeCache                       = true                                      {product} {ergonomic}
     bool UseCompressedClassPointers               = true                                 {lp64_product} {ergonomic}
     bool UseCompressedOops                        = true                                 {lp64_product} {ergonomic}
     bool UseG1GC                                  = true                                      {product} {ergonomic}
     bool UseLargePagesIndividualAllocation        = false                                  {pd product} {ergonomic}

Logging:
Log output configuration:
 #0: stdout all=warning uptime,level,tags
 #1: stderr all=off uptime,level,tags

Environment Variables:
JAVA_HOME=D:\Alondra\programs\java\jdk1.8.0_281
PATH=D:\Alondra\programs\python39\Scripts\;D:\Alondra\programs\python39\;C:\Python39\Scripts\;C:\Python39\;C:\Program Files (x86)\Common Files\Oracle\Java\javapath;C:\Windows\system32;C:\Windows;C:\Windows\System32\Wbem;C:\Windows\System32\WindowsPowerShell\v1.0\;C:\Users\Alondra\AppData\Local\Programs\Python\Python39;C:\Users\Alondra\AppData\Local\Programs\Python\Python39\Scripts;C:\Program Files\dotnet\;D:\Alondra\programs\Brackets\command;D:\Alondra\programs\java\jdk1.8.0_281\bin;D:\Alondra\programs\nodejs\;C:\ProgramData\chocolatey\bin;D:\Alondra\programs\Git\cmd;D:\Alondra\programs\PuTTY\;C:\Users\Alondra\AppData\Roaming\Python\Python39\Scripts;C:\Users\Alondra\AppData\Roaming\Python\Python39;D:\Alondra\programs\PostgreSQL\13\bin;D:\Alondra\7° SEMESTRE\4.Lenguajes y Automatas ll\javacc-javacc-7.0.10\scripts;D:\Alondra\7° SEMESTRE\4.Lenguajes y Automatas ll\javacc-javacc-7.0.10\bin;D:\Alondra\programs\XAMPP\php;D:\Alondra\programs\ComposerSetup;D:\Alondra\programs\Pyhon\Scripts\;D:\Alondra\programs\Pyhon\;D:\Alondra\programs\Microsoft VS Code\bin;D:\Alondra\descargas D\curl_7_53_1_openssl_nghttp2_x64;C:\Users\Alondra\.dotnet\tools;C:\Users\Alondra\AppData\Roaming\npm;D:\Alondra\programs\Nmap;C:\Users\Alondra\AppData\Roaming\Python\Python39\Scripts;C:\Users\Alondra\AppData\Roaming\Python\Python39;D:\Alondra\programs\PostgreSQL\13\bin;C:\Users\Alondra\AppData\Roaming\Composer\vendor\bin
USERNAME=Alondra
OS=Windows_NT
PROCESSOR_IDENTIFIER=Intel64 Family 6 Model 92 Stepping 9, GenuineIntel



---------------  S Y S T E M  ---------------

OS: Windows 10 , 64 bit Build 10586 (10.0.10586.0)
OS uptime: 0 days 4:34 hours

CPU:total 4 (initial active 4) (4 cores per cpu, 1 threads per core) family 6 model 92 stepping 9 microcode 0x2a, cmov, cx8, fxsr, mmx, sse, sse2, sse3, ssse3, sse4.1, sse4.2, popcnt, aes, clmul, erms, 3dnowpref, tsc, tscinvbit, sha

Memory: 4k page, system-wide physical 3928M (287M free)
TotalPageFile size 5326M (AvailPageFile size 56M)
current process WorkingSet (physical memory assigned to process): 535M, peak: 537M
current process commit charge ("private bytes"): 668M, peak: 721M

vm_info: OpenJDK 64-Bit Server VM (11.0.11+9-b60-7590822) for windows-amd64 JRE (11.0.11+9-b60-7590822), built on Jul 29 2021 21:43:44 by "builder" with MS VC++ 14.0 (VS2015)

END.
