#
# There is insufficient memory for the Java Runtime Environment to continue.
# Native memory allocation (malloc) failed to allocate 1296656 bytes for Chunk::new
# Possible reasons:
#   The system is out of physical RAM or swap space
#   The process is running with CompressedOops enabled, and the Java Heap may be blocking the growth of the native heap
# Possible solutions:
#   Reduce memory load on the system
#   Increase physical memory or swap space
#   Check if swap backing store is full
#   Decrease Java heap size (-Xmx/-Xms)
#   Decrease number of Java threads
#   Decrease Java thread stack sizes (-Xss)
#   Set larger code cache with -XX:ReservedCodeCacheSize=
#   JVM is running with Unscaled Compressed Oops mode in which the Java heap is
#     placed in the first 4GB address space. The Java Heap base address is the
#     maximum limit for the native heap growth. Please use -XX:HeapBaseMinAddress
#     to set the Java Heap base and to place the Java Heap above 4GB virtual address.
# This output file may be truncated or incomplete.
#
#  Out of Memory Error (./src/hotspot/share/memory/arena.cpp:197), pid=2664, tid=8924
#
# JRE version: OpenJDK Runtime Environment (11.0.11+9) (build 11.0.11+9-b60-7590822)
# Java VM: OpenJDK 64-Bit Server VM (11.0.11+9-b60-7590822, mixed mode, tiered, compressed oops, g1 gc, windows-amd64)
# No core dump will be written. Minidumps are not enabled by default on client versions of Windows
#

---------------  S U M M A R Y ------------

Command Line: --add-opens=java.base/java.util=ALL-UNNAMED --add-opens=java.base/java.lang=ALL-UNNAMED --add-opens=java.base/java.lang.invoke=ALL-UNNAMED --add-opens=java.base/java.util=ALL-UNNAMED --add-opens=java.prefs/java.util.prefs=ALL-UNNAMED --add-opens=java.prefs/java.util.prefs=ALL-UNNAMED --add-opens=java.base/java.nio.charset=ALL-UNNAMED --add-opens=java.base/java.net=ALL-UNNAMED --add-opens=java.base/java.util.concurrent.atomic=ALL-UNNAMED -Xmx2048m -Dfile.encoding=UTF-8 -Duser.country=419 -Duser.language=es -Duser.variant org.gradle.launcher.daemon.bootstrap.GradleDaemon 7.2

Host: Intel(R) Pentium(R) CPU N4200 @ 1.10GHz, 4 cores, 3G,  Windows 10 , 64 bit Build 10586 (10.0.10586.0)
Time: Tue Apr  5 23:08:31 2022 Hora de verano central (México) elapsed time: 94.437289 seconds (0d 0h 1m 34s)

---------------  T H R E A D  ---------------

Current thread (0x0000012bf73df800):  JavaThread "C2 CompilerThread0" daemon [_thread_in_native, id=8924, stack(0x0000002198e00000,0x0000002198f00000)]


Current CompileTask:
C2:  94437 9994       4       org.gradle.internal.snapshot.impl.DefaultValueSnapshotter::processValue (675 bytes)

Stack: [0x0000002198e00000,0x0000002198f00000]
Native frames: (J=compiled Java code, j=interpreted, Vv=VM code, C=native code)
V  [jvm.dll+0x5f214a]
V  [jvm.dll+0x726fb5]
V  [jvm.dll+0x7285cd]
V  [jvm.dll+0x728c83]
V  [jvm.dll+0x243278]
V  [jvm.dll+0xbc53c]
V  [jvm.dll+0xbca3c]
V  [jvm.dll+0x353e3b]
V  [jvm.dll+0x321893]
V  [jvm.dll+0x320d8a]
V  [jvm.dll+0x1fc1e2]
V  [jvm.dll+0x1fb3d4]
V  [jvm.dll+0x183d6c]
V  [jvm.dll+0x209a57]
V  [jvm.dll+0x2082a1]
V  [jvm.dll+0x6ef58f]
V  [jvm.dll+0x6e80b5]
V  [jvm.dll+0x5f1036]
C  [ucrtbase.dll+0x6be1d]
C  [KERNEL32.DLL+0x18102]
C  [ntdll.dll+0x5c264]


---------------  P R O C E S S  ---------------

Threads class SMR info:
_java_thread_list=0x0000012bfadf65b0, length=80, elements={
0x0000012bdd7cd800, 0x0000012bf737d000, 0x0000012bf7388800, 0x0000012bf73d7800,
0x0000012bf73d8800, 0x0000012bf73de000, 0x0000012bf73df800, 0x0000012bf73e0800,
0x0000012bf73e6800, 0x0000012bf73eb000, 0x0000012bf73e9000, 0x0000012bf73eb800,
0x0000012bf73ea000, 0x0000012bf73e7800, 0x0000012bf73e8800, 0x0000012bf73e6000,
0x0000012bf73ec800, 0x0000012bf82bd000, 0x0000012bf82bd800, 0x0000012bf82bc000,
0x0000012bf82c4000, 0x0000012bf82c3800, 0x0000012bf82be800, 0x0000012bf82c2800,
0x0000012bf82c5000, 0x0000012bf82bf800, 0x0000012bf82c6000, 0x0000012bf82c6800,
0x0000012bf82c1000, 0x0000012bf82ca000, 0x0000012bf82c7800, 0x0000012bf82c8800,
0x0000012bf82ca800, 0x0000012bfb046800, 0x0000012bfb04a800, 0x0000012bfb04b000,
0x0000012bfb04c000, 0x0000012bfb049800, 0x0000012bfb048800, 0x0000012bfb04d000,
0x0000012bfb047000, 0x0000012bfb04d800, 0x0000012bfb048000, 0x0000012bfb053800,
0x0000012bfb054000, 0x0000012bfb04e800, 0x0000012bfb051800, 0x0000012bfb055000,
0x0000012bfb051000, 0x0000012bfb052800, 0x0000012bfb04f000, 0x0000012bfb050000,
0x0000012bfbd46000, 0x0000012bfbd43000, 0x0000012bfbd47000, 0x0000012bfbd47800,
0x0000012bfbd48800, 0x0000012bfbd43800, 0x0000012bfbd49800, 0x0000012bfbd4a000,
0x0000012bfbd44800, 0x0000012bfbd4b000, 0x0000012bfbd45000, 0x0000012bfbd51800,
0x0000012bfbd4e000, 0x0000012bfbd4f000, 0x0000012bfbd50000, 0x0000012bfbd4c000,
0x0000012bfbd4c800, 0x0000012bfbd50800, 0x0000012bfbd4d800, 0x0000012bfd94b000,
0x0000012bfd945800, 0x0000012bfd947000, 0x0000012bfd946000, 0x0000012bfd949800,
0x0000012bfd94a000, 0x0000012bfd94c000, 0x0000012bfd94c800, 0x0000012bfd947800
}

Java Threads: ( => current thread )
  0x0000012bdd7cd800 JavaThread "main" [_thread_blocked, id=5048, stack(0x0000002198200000,0x0000002198300000)]
  0x0000012bf737d000 JavaThread "Reference Handler" daemon [_thread_blocked, id=6228, stack(0x0000002198900000,0x0000002198a00000)]
  0x0000012bf7388800 JavaThread "Finalizer" daemon [_thread_blocked, id=4280, stack(0x0000002198a00000,0x0000002198b00000)]
  0x0000012bf73d7800 JavaThread "Signal Dispatcher" daemon [_thread_blocked, id=7976, stack(0x0000002198b00000,0x0000002198c00000)]
  0x0000012bf73d8800 JavaThread "Attach Listener" daemon [_thread_blocked, id=8740, stack(0x0000002198c00000,0x0000002198d00000)]
  0x0000012bf73de000 JavaThread "Service Thread" daemon [_thread_blocked, id=5468, stack(0x0000002198d00000,0x0000002198e00000)]
=>0x0000012bf73df800 JavaThread "C2 CompilerThread0" daemon [_thread_in_native, id=8924, stack(0x0000002198e00000,0x0000002198f00000)]
  0x0000012bf73e0800 JavaThread "C1 CompilerThread0" daemon [_thread_in_vm, id=8932, stack(0x0000002198f00000,0x0000002199000000)]
  0x0000012bf73e6800 JavaThread "Sweeper thread" daemon [_thread_blocked, id=8460, stack(0x0000002199000000,0x0000002199100000)]
  0x0000012bf73eb000 JavaThread "Common-Cleaner" daemon [_thread_blocked, id=8412, stack(0x0000002199100000,0x0000002199200000)]
  0x0000012bf73e9000 JavaThread "Daemon health stats" [_thread_blocked, id=3724, stack(0x0000002199900000,0x0000002199a00000)]
  0x0000012bf73eb800 JavaThread "Incoming local TCP Connector on port 9760" [_thread_in_native, id=7248, stack(0x0000002199a00000,0x0000002199b00000)]
  0x0000012bf73ea000 JavaThread "Daemon periodic checks" [_thread_blocked, id=5880, stack(0x0000002199b00000,0x0000002199c00000)]
  0x0000012bf73e7800 JavaThread "Daemon" [_thread_blocked, id=7180, stack(0x0000002199c00000,0x0000002199d00000)]
  0x0000012bf73e8800 JavaThread "Handler for socket connection from /127.0.0.1:9760 to /127.0.0.1:9761" [_thread_in_native, id=6756, stack(0x0000002199d00000,0x0000002199e00000)]
  0x0000012bf73e6000 JavaThread "Cancel handler" [_thread_blocked, id=304, stack(0x0000002199e00000,0x0000002199f00000)]
  0x0000012bf73ec800 JavaThread "Daemon worker" [_thread_blocked, id=1888, stack(0x0000002199f00000,0x000000219a000000)]
  0x0000012bf82bd000 JavaThread "Asynchronous log dispatcher for DefaultDaemonConnection: socket connection from /127.0.0.1:9760 to /127.0.0.1:9761" [_thread_blocked, id=7020, stack(0x000000219a000000,0x000000219a100000)]
  0x0000012bf82bd800 JavaThread "Daemon client event forwarder" [_thread_blocked, id=5608, stack(0x000000219a200000,0x000000219a300000)]
  0x0000012bf82bc000 JavaThread "Cache worker for journal cache (D:\Alondra\AndroidStudioProjects\caches\journal-1)" [_thread_blocked, id=7056, stack(0x000000219a500000,0x000000219a600000)]
  0x0000012bf82c4000 JavaThread "File lock request listener" [_thread_in_native, id=6900, stack(0x000000219a600000,0x000000219a700000)]
  0x0000012bf82c3800 JavaThread "Cache worker for file hash cache (D:\Alondra\AndroidStudioProjects\caches\7.2\fileHashes)" [_thread_blocked, id=6884, stack(0x000000219a700000,0x000000219a800000)]
  0x0000012bf82be800 JavaThread "Cache worker for file hash cache (D:\Alondra\SimpleGetRequest\.gradle\7.2\fileHashes)" [_thread_blocked, id=7920, stack(0x000000219a900000,0x000000219aa00000)]
  0x0000012bf82c2800 JavaThread "Cache worker for checksums cache (D:\Alondra\SimpleGetRequest\.gradle\checksums)" [_thread_blocked, id=2512, stack(0x000000219aa00000,0x000000219ab00000)]
  0x0000012bf82c5000 JavaThread "Cache worker for cache directory md-supplier (D:\Alondra\AndroidStudioProjects\caches\7.2\md-supplier)" [_thread_blocked, id=6540, stack(0x000000219ab00000,0x000000219ac00000)]
  0x0000012bf82bf800 JavaThread "Cache worker for cache directory md-rule (D:\Alondra\AndroidStudioProjects\caches\7.2\md-rule)" [_thread_blocked, id=3796, stack(0x000000219ad00000,0x000000219ae00000)]
  0x0000012bf82c6000 JavaThread "Cache worker for execution history cache (D:\Alondra\AndroidStudioProjects\caches\7.2\executionHistory)" [_thread_in_native, id=8708, stack(0x000000219af00000,0x000000219b000000)]
  0x0000012bf82c6800 JavaThread "jar transforms" [_thread_blocked, id=4420, stack(0x000000219b200000,0x000000219b300000)]
  0x0000012bf82c1000 JavaThread "Cache worker for file content cache (D:\Alondra\AndroidStudioProjects\caches\7.2\fileContent)" [_thread_blocked, id=6356, stack(0x000000219b300000,0x000000219b400000)]
  0x0000012bf82ca000 JavaThread "jar transforms Thread 2" [_thread_blocked, id=6676, stack(0x000000219b600000,0x000000219b700000)]
  0x0000012bf82c7800 JavaThread "Cache worker for dependencies-accessors (D:\Alondra\SimpleGetRequest\.gradle\7.2\dependencies-accessors)" [_thread_blocked, id=9092, stack(0x000000219b700000,0x000000219b800000)]
  0x0000012bf82c8800 JavaThread "jar transforms Thread 3" [_thread_blocked, id=8408, stack(0x000000219b900000,0x000000219ba00000)]
  0x0000012bf82ca800 JavaThread "Cache worker for Build Output Cleanup Cache (D:\Alondra\SimpleGetRequest\.gradle\buildOutputCleanup)" [_thread_blocked, id=2384, stack(0x000000219bb00000,0x000000219bc00000)]
  0x0000012bfb046800 JavaThread "Unconstrained build operations" [_thread_blocked, id=8856, stack(0x000000219bc00000,0x000000219bd00000)]
  0x0000012bfb04a800 JavaThread "Unconstrained build operations Thread 2" [_thread_blocked, id=6780, stack(0x000000219bd00000,0x000000219be00000)]
  0x0000012bfb04b000 JavaThread "Unconstrained build operations Thread 3" [_thread_blocked, id=6400, stack(0x000000219be00000,0x000000219bf00000)]
  0x0000012bfb04c000 JavaThread "Unconstrained build operations Thread 4" [_thread_blocked, id=4556, stack(0x000000219bf00000,0x000000219c000000)]
  0x0000012bfb049800 JavaThread "Unconstrained build operations Thread 5" [_thread_blocked, id=5804, stack(0x000000219c000000,0x000000219c100000)]
  0x0000012bfb048800 JavaThread "Unconstrained build operations Thread 6" [_thread_blocked, id=8520, stack(0x000000219c100000,0x000000219c200000)]
  0x0000012bfb04d000 JavaThread "Unconstrained build operations Thread 7" [_thread_blocked, id=7100, stack(0x000000219c200000,0x000000219c300000)]
  0x0000012bfb047000 JavaThread "Unconstrained build operations Thread 8" [_thread_blocked, id=9128, stack(0x000000219c300000,0x000000219c400000)]
  0x0000012bfb04d800 JavaThread "Unconstrained build operations Thread 9" [_thread_blocked, id=5888, stack(0x000000219c400000,0x000000219c500000)]
  0x0000012bfb048000 JavaThread "Unconstrained build operations Thread 10" [_thread_blocked, id=1400, stack(0x000000219c500000,0x000000219c600000)]
  0x0000012bfb053800 JavaThread "Unconstrained build operations Thread 11" [_thread_blocked, id=7064, stack(0x000000219c600000,0x000000219c700000)]
  0x0000012bfb054000 JavaThread "Unconstrained build operations Thread 12" [_thread_blocked, id=8060, stack(0x000000219c700000,0x000000219c800000)]
  0x0000012bfb04e800 JavaThread "Unconstrained build operations Thread 13" [_thread_blocked, id=7716, stack(0x000000219c800000,0x000000219c900000)]
  0x0000012bfb051800 JavaThread "Unconstrained build operations Thread 14" [_thread_blocked, id=1828, stack(0x000000219c900000,0x000000219ca00000)]
  0x0000012bfb055000 JavaThread "Unconstrained build operations Thread 15" [_thread_blocked, id=8248, stack(0x000000219ca00000,0x000000219cb00000)]
  0x0000012bfb051000 JavaThread "Unconstrained build operations Thread 16" [_thread_blocked, id=6108, stack(0x000000219cb00000,0x000000219cc00000)]
  0x0000012bfb052800 JavaThread "Unconstrained build operations Thread 17" [_thread_blocked, id=6044, stack(0x000000219cc00000,0x000000219cd00000)]
  0x0000012bfb04f000 JavaThread "Unconstrained build operations Thread 18" [_thread_blocked, id=5636, stack(0x000000219cd00000,0x000000219ce00000)]
  0x0000012bfb050000 JavaThread "Unconstrained build operations Thread 19" [_thread_blocked, id=7212, stack(0x000000219ce00000,0x000000219cf00000)]
  0x0000012bfbd46000 JavaThread "Unconstrained build operations Thread 20" [_thread_blocked, id=3212, stack(0x000000219cf00000,0x000000219d000000)]
  0x0000012bfbd43000 JavaThread "Unconstrained build operations Thread 21" [_thread_blocked, id=7864, stack(0x000000219d000000,0x000000219d100000)]
  0x0000012bfbd47000 JavaThread "Unconstrained build operations Thread 22" [_thread_blocked, id=5616, stack(0x000000219d100000,0x000000219d200000)]
  0x0000012bfbd47800 JavaThread "Unconstrained build operations Thread 23" [_thread_blocked, id=4532, stack(0x000000219d200000,0x000000219d300000)]
  0x0000012bfbd48800 JavaThread "Unconstrained build operations Thread 24" [_thread_blocked, id=1592, stack(0x000000219d300000,0x000000219d400000)]
  0x0000012bfbd43800 JavaThread "Unconstrained build operations Thread 25" [_thread_blocked, id=7868, stack(0x000000219d400000,0x000000219d500000)]
  0x0000012bfbd49800 JavaThread "Unconstrained build operations Thread 26" [_thread_blocked, id=6328, stack(0x000000219d500000,0x000000219d600000)]
  0x0000012bfbd4a000 JavaThread "Unconstrained build operations Thread 27" [_thread_blocked, id=4188, stack(0x000000219d600000,0x000000219d700000)]
  0x0000012bfbd44800 JavaThread "Unconstrained build operations Thread 28" [_thread_blocked, id=7396, stack(0x000000219d700000,0x000000219d800000)]
  0x0000012bfbd4b000 JavaThread "Unconstrained build operations Thread 29" [_thread_blocked, id=7160, stack(0x000000219d800000,0x000000219d900000)]
  0x0000012bfbd45000 JavaThread "Unconstrained build operations Thread 30" [_thread_blocked, id=2056, stack(0x000000219d900000,0x000000219da00000)]
  0x0000012bfbd51800 JavaThread "Unconstrained build operations Thread 31" [_thread_blocked, id=7964, stack(0x000000219da00000,0x000000219db00000)]
  0x0000012bfbd4e000 JavaThread "Unconstrained build operations Thread 32" [_thread_in_native, id=7772, stack(0x000000219db00000,0x000000219dc00000)]
  0x0000012bfbd4f000 JavaThread "Unconstrained build operations Thread 33" [_thread_blocked, id=5764, stack(0x000000219dc00000,0x000000219dd00000)]
  0x0000012bfbd50000 JavaThread "Unconstrained build operations Thread 34" [_thread_blocked, id=7200, stack(0x000000219dd00000,0x000000219de00000)]
  0x0000012bfbd4c000 JavaThread "Unconstrained build operations Thread 35" [_thread_blocked, id=8176, stack(0x000000219de00000,0x000000219df00000)]
  0x0000012bfbd4c800 JavaThread "Unconstrained build operations Thread 36" [_thread_blocked, id=4828, stack(0x000000219df00000,0x000000219e000000)]
  0x0000012bfbd50800 JavaThread "Unconstrained build operations Thread 37" [_thread_blocked, id=2652, stack(0x000000219e000000,0x000000219e100000)]
  0x0000012bfbd4d800 JavaThread "Unconstrained build operations Thread 38" [_thread_blocked, id=6776, stack(0x000000219e100000,0x000000219e200000)]
  0x0000012bfd94b000 JavaThread "Unconstrained build operations Thread 39" [_thread_blocked, id=7188, stack(0x000000219e200000,0x000000219e300000)]
  0x0000012bfd945800 JavaThread "Unconstrained build operations Thread 40" [_thread_blocked, id=7288, stack(0x000000219e300000,0x000000219e400000)]
  0x0000012bfd947000 JavaThread "jar transforms Thread 4" [_thread_blocked, id=5980, stack(0x000000219e700000,0x000000219e800000)]
  0x0000012bfd946000 JavaThread "Memory manager" [_thread_blocked, id=7968, stack(0x000000219e900000,0x000000219ea00000)]
  0x0000012bfd949800 JavaThread "build event listener" [_thread_blocked, id=7804, stack(0x000000219ea00000,0x000000219eb00000)]
  0x0000012bfd94a000 JavaThread "Execution worker for ':'" [_thread_blocked, id=5776, stack(0x000000219eb00000,0x000000219ec00000)]
  0x0000012bfd94c000 JavaThread "Execution worker for ':' Thread 2" [_thread_blocked, id=8292, stack(0x000000219ec00000,0x000000219ed00000)]
  0x0000012bfd94c800 JavaThread "Execution worker for ':' Thread 3" [_thread_blocked, id=4156, stack(0x000000219ed00000,0x000000219ee00000)]
  0x0000012bfd947800 JavaThread "Cache worker for execution history cache (D:\Alondra\SimpleGetRequest\.gradle\7.2\executionHistory)" [_thread_blocked, id=8696, stack(0x000000219ee00000,0x000000219ef00000)]

Other Threads:
  0x0000012bf7377800 VMThread "VM Thread" [stack: 0x0000002198800000,0x0000002198900000] [id=7144]
  0x0000012bf7e78800 WatcherThread [stack: 0x0000002199200000,0x0000002199300000] [id=1108]
  0x0000012bdd7e6800 GCTaskThread "GC Thread#0" [stack: 0x0000002198300000,0x0000002198400000] [id=7108]
  0x0000012bf89b8800 GCTaskThread "GC Thread#1" [stack: 0x0000002199400000,0x0000002199500000] [id=6268]
  0x0000012bfaa6e800 GCTaskThread "GC Thread#2" [stack: 0x000000219a300000,0x000000219a400000] [id=8028]
  0x0000012bfaa30800 GCTaskThread "GC Thread#3" [stack: 0x000000219a400000,0x000000219a500000] [id=5908]
  0x0000012bdd81b000 ConcurrentGCThread "G1 Main Marker" [stack: 0x0000002198400000,0x0000002198500000] [id=6296]
  0x0000012bdd81c000 ConcurrentGCThread "G1 Conc#0" [stack: 0x0000002198500000,0x0000002198600000] [id=2400]
  0x0000012bdd87a000 ConcurrentGCThread "G1 Refine#0" [stack: 0x0000002198600000,0x0000002198700000] [id=8860]
  0x0000012bdd87b800 ConcurrentGCThread "G1 Young RemSet Sampling" [stack: 0x0000002198700000,0x0000002198800000] [id=2620]

Threads with active compile tasks:
C2 CompilerThread0  94657 9994       4       org.gradle.internal.snapshot.impl.DefaultValueSnapshotter::processValue (675 bytes)

VM state:not at safepoint (normal execution)

VM Mutex/Monitor currently owned by a thread: None

Heap address: 0x0000000080000000, size: 2048 MB, Compressed Oops mode: 32-bit
Narrow klass base: 0x0000000000000000, Narrow klass shift: 3
Compressed class space size: 1073741824 Address: 0x0000000100000000

Heap:
 garbage-first heap   total 159744K, used 88810K [0x0000000080000000, 0x0000000100000000)
  region size 1024K, 16 young (16384K), 6 survivors (6144K)
 Metaspace       used 84865K, capacity 86826K, committed 87068K, reserved 1124352K
  class space    used 11023K, capacity 11793K, committed 11904K, reserved 1048576K
Heap Regions: E=young(eden), S=young(survivor), O=old, HS=humongous(starts), HC=humongous(continues), CS=collection set, F=free, A=archive, TAMS=top-at-mark-start (previous, next)
|   0|0x0000000080000000, 0x0000000080100000, 0x0000000080100000|100%| O|  |TAMS 0x0000000080100000, 0x0000000080000000| Untracked 
|   1|0x0000000080100000, 0x0000000080200000, 0x0000000080200000|100%| O|  |TAMS 0x0000000080200000, 0x0000000080100000| Untracked 
|   2|0x0000000080200000, 0x0000000080300000, 0x0000000080300000|100%| O|  |TAMS 0x0000000080300000, 0x0000000080200000| Untracked 
|   3|0x0000000080300000, 0x0000000080400000, 0x0000000080400000|100%|HS|  |TAMS 0x0000000080400000, 0x0000000080300000| Complete 
|   4|0x0000000080400000, 0x0000000080500000, 0x0000000080500000|100%|HC|  |TAMS 0x0000000080500000, 0x0000000080400000| Complete 
|   5|0x0000000080500000, 0x0000000080600000, 0x0000000080600000|100%|HC|  |TAMS 0x0000000080600000, 0x0000000080500000| Complete 
|   6|0x0000000080600000, 0x0000000080700000, 0x0000000080700000|100%| O|  |TAMS 0x0000000080700000, 0x0000000080600000| Untracked 
|   7|0x0000000080700000, 0x0000000080800000, 0x0000000080800000|100%| O|  |TAMS 0x0000000080800000, 0x0000000080700000| Untracked 
|   8|0x0000000080800000, 0x0000000080900000, 0x0000000080900000|100%| O|  |TAMS 0x0000000080900000, 0x0000000080800000| Untracked 
|   9|0x0000000080900000, 0x0000000080a00000, 0x0000000080a00000|100%| O|  |TAMS 0x0000000080a00000, 0x0000000080900000| Untracked 
|  10|0x0000000080a00000, 0x0000000080b00000, 0x0000000080b00000|100%| O|  |TAMS 0x0000000080b00000, 0x0000000080a00000| Untracked 
|  11|0x0000000080b00000, 0x0000000080c00000, 0x0000000080c00000|100%| O|  |TAMS 0x0000000080c00000, 0x0000000080b00000| Untracked 
|  12|0x0000000080c00000, 0x0000000080d00000, 0x0000000080d00000|100%| O|  |TAMS 0x0000000080d00000, 0x0000000080c00000| Untracked 
|  13|0x0000000080d00000, 0x0000000080e00000, 0x0000000080e00000|100%| O|  |TAMS 0x0000000080e00000, 0x0000000080d00000| Untracked 
|  14|0x0000000080e00000, 0x0000000080f00000, 0x0000000080f00000|100%| O|  |TAMS 0x0000000080f00000, 0x0000000080e00000| Untracked 
|  15|0x0000000080f00000, 0x0000000081000000, 0x0000000081000000|100%| O|  |TAMS 0x0000000081000000, 0x0000000080f00000| Untracked 
|  16|0x0000000081000000, 0x0000000081100000, 0x0000000081100000|100%| O|  |TAMS 0x0000000081100000, 0x0000000081000000| Untracked 
|  17|0x0000000081100000, 0x0000000081200000, 0x0000000081200000|100%| O|  |TAMS 0x0000000081200000, 0x0000000081100000| Untracked 
|  18|0x0000000081200000, 0x0000000081300000, 0x0000000081300000|100%| O|  |TAMS 0x0000000081300000, 0x0000000081200000| Untracked 
|  19|0x0000000081300000, 0x0000000081400000, 0x0000000081400000|100%| O|  |TAMS 0x0000000081400000, 0x0000000081300000| Untracked 
|  20|0x0000000081400000, 0x0000000081500000, 0x0000000081500000|100%| O|  |TAMS 0x0000000081500000, 0x0000000081400000| Untracked 
|  21|0x0000000081500000, 0x0000000081600000, 0x0000000081600000|100%| O|  |TAMS 0x0000000081600000, 0x0000000081500000| Untracked 
|  22|0x0000000081600000, 0x0000000081700000, 0x0000000081700000|100%| O|  |TAMS 0x0000000081700000, 0x0000000081600000| Untracked 
|  23|0x0000000081700000, 0x0000000081800000, 0x0000000081800000|100%| O|  |TAMS 0x0000000081800000, 0x0000000081700000| Untracked 
|  24|0x0000000081800000, 0x0000000081900000, 0x0000000081900000|100%| O|  |TAMS 0x0000000081900000, 0x0000000081800000| Untracked 
|  25|0x0000000081900000, 0x0000000081a00000, 0x0000000081a00000|100%| O|  |TAMS 0x0000000081a00000, 0x0000000081900000| Untracked 
|  26|0x0000000081a00000, 0x0000000081b00000, 0x0000000081b00000|100%| O|  |TAMS 0x0000000081b00000, 0x0000000081a00000| Untracked 
|  27|0x0000000081b00000, 0x0000000081c00000, 0x0000000081c00000|100%| O|  |TAMS 0x0000000081c00000, 0x0000000081b00000| Untracked 
|  28|0x0000000081c00000, 0x0000000081d00000, 0x0000000081d00000|100%| O|  |TAMS 0x0000000081d00000, 0x0000000081c00000| Untracked 
|  29|0x0000000081d00000, 0x0000000081e00000, 0x0000000081e00000|100%| O|  |TAMS 0x0000000081e00000, 0x0000000081d00000| Untracked 
|  30|0x0000000081e00000, 0x0000000081f00000, 0x0000000081f00000|100%| O|  |TAMS 0x0000000081f00000, 0x0000000081e00000| Untracked 
|  31|0x0000000081f00000, 0x0000000082000000, 0x0000000082000000|100%| O|  |TAMS 0x0000000082000000, 0x0000000081f00000| Untracked 
|  32|0x0000000082000000, 0x0000000082100000, 0x0000000082100000|100%|HS|  |TAMS 0x0000000082100000, 0x0000000082000000| Complete 
|  33|0x0000000082100000, 0x0000000082200000, 0x0000000082200000|100%|HS|  |TAMS 0x0000000082200000, 0x0000000082100000| Complete 
|  34|0x0000000082200000, 0x0000000082300000, 0x0000000082300000|100%|HS|  |TAMS 0x0000000082300000, 0x0000000082200000| Complete 
|  35|0x0000000082300000, 0x0000000082400000, 0x0000000082400000|100%|HS|  |TAMS 0x0000000082400000, 0x0000000082300000| Complete 
|  36|0x0000000082400000, 0x0000000082500000, 0x0000000082500000|100%| O|  |TAMS 0x0000000082500000, 0x0000000082400000| Untracked 
|  37|0x0000000082500000, 0x0000000082600000, 0x0000000082600000|100%| O|  |TAMS 0x0000000082600000, 0x0000000082500000| Untracked 
|  38|0x0000000082600000, 0x0000000082700000, 0x0000000082700000|100%|HS|  |TAMS 0x0000000082700000, 0x0000000082600000| Complete 
|  39|0x0000000082700000, 0x0000000082800000, 0x0000000082800000|100%|HC|  |TAMS 0x0000000082800000, 0x0000000082700000| Complete 
|  40|0x0000000082800000, 0x0000000082900000, 0x0000000082900000|100%|HC|  |TAMS 0x0000000082900000, 0x0000000082800000| Complete 
|  41|0x0000000082900000, 0x0000000082a00000, 0x0000000082a00000|100%|HS|  |TAMS 0x0000000082a00000, 0x0000000082900000| Complete 
|  42|0x0000000082a00000, 0x0000000082b00000, 0x0000000082b00000|100%|HC|  |TAMS 0x0000000082b00000, 0x0000000082a00000| Complete 
|  43|0x0000000082b00000, 0x0000000082c00000, 0x0000000082c00000|100%| O|  |TAMS 0x0000000082c00000, 0x0000000082b00000| Untracked 
|  44|0x0000000082c00000, 0x0000000082d00000, 0x0000000082d00000|100%| O|  |TAMS 0x0000000082d00000, 0x0000000082c00000| Untracked 
|  45|0x0000000082d00000, 0x0000000082e00000, 0x0000000082e00000|100%| O|  |TAMS 0x0000000082e00000, 0x0000000082d00000| Untracked 
|  46|0x0000000082e00000, 0x0000000082f00000, 0x0000000082f00000|100%| O|  |TAMS 0x0000000082f00000, 0x0000000082e00000| Untracked 
|  47|0x0000000082f00000, 0x0000000083000000, 0x0000000083000000|100%| O|  |TAMS 0x0000000083000000, 0x0000000082f00000| Untracked 
|  48|0x0000000083000000, 0x0000000083100000, 0x0000000083100000|100%| O|  |TAMS 0x0000000083100000, 0x0000000083000000| Untracked 
|  49|0x0000000083100000, 0x0000000083200000, 0x0000000083200000|100%| O|  |TAMS 0x0000000083200000, 0x0000000083100000| Untracked 
|  50|0x0000000083200000, 0x0000000083300000, 0x0000000083300000|100%| O|  |TAMS 0x0000000083300000, 0x0000000083200000| Untracked 
|  51|0x0000000083300000, 0x0000000083400000, 0x0000000083400000|100%| O|  |TAMS 0x0000000083400000, 0x0000000083300000| Untracked 
|  52|0x0000000083400000, 0x0000000083500000, 0x0000000083500000|100%| O|  |TAMS 0x0000000083500000, 0x0000000083400000| Untracked 
|  53|0x0000000083500000, 0x0000000083600000, 0x0000000083600000|100%| O|  |TAMS 0x0000000083600000, 0x0000000083500000| Untracked 
|  54|0x0000000083600000, 0x0000000083700000, 0x0000000083700000|100%| O|  |TAMS 0x0000000083700000, 0x0000000083600000| Untracked 
|  55|0x0000000083700000, 0x0000000083800000, 0x0000000083800000|100%| O|  |TAMS 0x0000000083800000, 0x0000000083700000| Untracked 
|  56|0x0000000083800000, 0x0000000083900000, 0x0000000083900000|100%| O|  |TAMS 0x0000000083900000, 0x0000000083800000| Untracked 
|  57|0x0000000083900000, 0x0000000083a00000, 0x0000000083a00000|100%| O|  |TAMS 0x0000000083a00000, 0x0000000083900000| Untracked 
|  58|0x0000000083a00000, 0x0000000083b00000, 0x0000000083b00000|100%| O|  |TAMS 0x0000000083b00000, 0x0000000083a00000| Untracked 
|  59|0x0000000083b00000, 0x0000000083c00000, 0x0000000083c00000|100%| O|  |TAMS 0x0000000083c00000, 0x0000000083b00000| Untracked 
|  60|0x0000000083c00000, 0x0000000083d00000, 0x0000000083d00000|100%| O|  |TAMS 0x0000000083d00000, 0x0000000083c00000| Untracked 
|  61|0x0000000083d00000, 0x0000000083e00000, 0x0000000083e00000|100%| O|  |TAMS 0x0000000083e00000, 0x0000000083d00000| Untracked 
|  62|0x0000000083e00000, 0x0000000083f00000, 0x0000000083f00000|100%| O|  |TAMS 0x0000000083f00000, 0x0000000083e00000| Untracked 
|  63|0x0000000083f00000, 0x0000000084000000, 0x0000000084000000|100%| O|  |TAMS 0x0000000084000000, 0x0000000083f00000| Untracked 
|  64|0x0000000084000000, 0x0000000084100000, 0x0000000084100000|100%| O|  |TAMS 0x0000000084100000, 0x0000000084000000| Untracked 
|  65|0x0000000084100000, 0x0000000084200000, 0x0000000084200000|100%| O|  |TAMS 0x0000000084200000, 0x0000000084100000| Untracked 
|  66|0x0000000084200000, 0x0000000084300000, 0x0000000084300000|100%| O|  |TAMS 0x0000000084300000, 0x0000000084200000| Untracked 
|  67|0x0000000084300000, 0x0000000084400000, 0x0000000084400000|100%| O|  |TAMS 0x0000000084400000, 0x0000000084300000| Untracked 
|  68|0x0000000084400000, 0x0000000084500000, 0x0000000084500000|100%| O|  |TAMS 0x0000000084500000, 0x0000000084400000| Untracked 
|  69|0x0000000084500000, 0x0000000084600000, 0x0000000084600000|100%| O|  |TAMS 0x0000000084600000, 0x0000000084500000| Untracked 
|  70|0x0000000084600000, 0x0000000084700000, 0x0000000084700000|100%| O|  |TAMS 0x0000000084700000, 0x0000000084600000| Untracked 
|  71|0x0000000084700000, 0x0000000084800000, 0x0000000084800000|100%| O|  |TAMS 0x0000000084800000, 0x0000000084700000| Untracked 
|  72|0x0000000084800000, 0x000000008482d200, 0x0000000084900000| 17%| O|  |TAMS 0x000000008482d200, 0x0000000084800000| Untracked 
|  73|0x0000000084900000, 0x0000000084900000, 0x0000000084a00000|  0%| F|  |TAMS 0x0000000084900000, 0x0000000084900000| Untracked 
|  74|0x0000000084a00000, 0x0000000084a00000, 0x0000000084b00000|  0%| F|  |TAMS 0x0000000084a00000, 0x0000000084a00000| Untracked 
|  75|0x0000000084b00000, 0x0000000084b00000, 0x0000000084c00000|  0%| F|  |TAMS 0x0000000084b00000, 0x0000000084b00000| Untracked 
|  76|0x0000000084c00000, 0x0000000084c00000, 0x0000000084d00000|  0%| F|  |TAMS 0x0000000084c00000, 0x0000000084c00000| Untracked 
|  77|0x0000000084d00000, 0x0000000084d00000, 0x0000000084e00000|  0%| F|  |TAMS 0x0000000084d00000, 0x0000000084d00000| Untracked 
|  78|0x0000000084e00000, 0x0000000084e00000, 0x0000000084f00000|  0%| F|  |TAMS 0x0000000084e00000, 0x0000000084e00000| Untracked 
|  79|0x0000000084f00000, 0x0000000084f00000, 0x0000000085000000|  0%| F|  |TAMS 0x0000000084f00000, 0x0000000084f00000| Untracked 
|  80|0x0000000085000000, 0x0000000085000000, 0x0000000085100000|  0%| F|  |TAMS 0x0000000085000000, 0x0000000085000000| Untracked 
|  81|0x0000000085100000, 0x0000000085100000, 0x0000000085200000|  0%| F|  |TAMS 0x0000000085100000, 0x0000000085100000| Untracked 
|  82|0x0000000085200000, 0x0000000085200000, 0x0000000085300000|  0%| F|  |TAMS 0x0000000085200000, 0x0000000085200000| Untracked 
|  83|0x0000000085300000, 0x0000000085300000, 0x0000000085400000|  0%| F|  |TAMS 0x0000000085300000, 0x0000000085300000| Untracked 
|  84|0x0000000085400000, 0x0000000085400000, 0x0000000085500000|  0%| F|  |TAMS 0x0000000085400000, 0x0000000085400000| Untracked 
|  85|0x0000000085500000, 0x0000000085500000, 0x0000000085600000|  0%| F|  |TAMS 0x0000000085500000, 0x0000000085500000| Untracked 
|  86|0x0000000085600000, 0x0000000085600000, 0x0000000085700000|  0%| F|  |TAMS 0x0000000085600000, 0x0000000085600000| Untracked 
|  87|0x0000000085700000, 0x0000000085700000, 0x0000000085800000|  0%| F|  |TAMS 0x0000000085700000, 0x0000000085700000| Untracked 
|  88|0x0000000085800000, 0x0000000085800000, 0x0000000085900000|  0%| F|  |TAMS 0x0000000085800000, 0x0000000085800000| Untracked 
|  89|0x0000000085900000, 0x0000000085900000, 0x0000000085a00000|  0%| F|  |TAMS 0x0000000085900000, 0x0000000085900000| Untracked 
|  90|0x0000000085a00000, 0x0000000085a00000, 0x0000000085b00000|  0%| F|  |TAMS 0x0000000085a00000, 0x0000000085a00000| Untracked 
|  91|0x0000000085b00000, 0x0000000085b00000, 0x0000000085c00000|  0%| F|  |TAMS 0x0000000085b00000, 0x0000000085b00000| Untracked 
|  92|0x0000000085c00000, 0x0000000085c00000, 0x0000000085d00000|  0%| F|  |TAMS 0x0000000085c00000, 0x0000000085c00000| Untracked 
|  93|0x0000000085d00000, 0x0000000085d00000, 0x0000000085e00000|  0%| F|  |TAMS 0x0000000085d00000, 0x0000000085d00000| Untracked 
|  94|0x0000000085e00000, 0x0000000085e00000, 0x0000000085f00000|  0%| F|  |TAMS 0x0000000085e00000, 0x0000000085e00000| Untracked 
|  95|0x0000000085f00000, 0x0000000085f00000, 0x0000000086000000|  0%| F|  |TAMS 0x0000000085f00000, 0x0000000085f00000| Untracked 
|  96|0x0000000086000000, 0x0000000086000000, 0x0000000086100000|  0%| F|  |TAMS 0x0000000086000000, 0x0000000086000000| Untracked 
|  97|0x0000000086100000, 0x0000000086100000, 0x0000000086200000|  0%| F|  |TAMS 0x0000000086100000, 0x0000000086100000| Untracked 
|  98|0x0000000086200000, 0x0000000086200000, 0x0000000086300000|  0%| F|  |TAMS 0x0000000086200000, 0x0000000086200000| Untracked 
|  99|0x0000000086300000, 0x0000000086300000, 0x0000000086400000|  0%| F|  |TAMS 0x0000000086300000, 0x0000000086300000| Untracked 
| 100|0x0000000086400000, 0x0000000086400000, 0x0000000086500000|  0%| F|  |TAMS 0x0000000086400000, 0x0000000086400000| Untracked 
| 101|0x0000000086500000, 0x0000000086500000, 0x0000000086600000|  0%| F|  |TAMS 0x0000000086500000, 0x0000000086500000| Untracked 
| 102|0x0000000086600000, 0x0000000086600000, 0x0000000086700000|  0%| F|  |TAMS 0x0000000086600000, 0x0000000086600000| Untracked 
| 103|0x0000000086700000, 0x0000000086700000, 0x0000000086800000|  0%| F|  |TAMS 0x0000000086700000, 0x0000000086700000| Untracked 
| 104|0x0000000086800000, 0x0000000086800000, 0x0000000086900000|  0%| F|  |TAMS 0x0000000086800000, 0x0000000086800000| Untracked 
| 105|0x0000000086900000, 0x0000000086900000, 0x0000000086a00000|  0%| F|  |TAMS 0x0000000086900000, 0x0000000086900000| Untracked 
| 106|0x0000000086a00000, 0x0000000086a00000, 0x0000000086b00000|  0%| F|  |TAMS 0x0000000086a00000, 0x0000000086a00000| Untracked 
| 107|0x0000000086b00000, 0x0000000086b00000, 0x0000000086c00000|  0%| F|  |TAMS 0x0000000086b00000, 0x0000000086b00000| Untracked 
| 108|0x0000000086c00000, 0x0000000086c8d7c0, 0x0000000086d00000| 55%| S|CS|TAMS 0x0000000086c00000, 0x0000000086c00000| Complete 
| 109|0x0000000086d00000, 0x0000000086e00000, 0x0000000086e00000|100%| S|CS|TAMS 0x0000000086d00000, 0x0000000086d00000| Complete 
| 110|0x0000000086e00000, 0x0000000086f00000, 0x0000000086f00000|100%| S|CS|TAMS 0x0000000086e00000, 0x0000000086e00000| Complete 
| 111|0x0000000086f00000, 0x0000000087000000, 0x0000000087000000|100%| S|CS|TAMS 0x0000000086f00000, 0x0000000086f00000| Complete 
| 112|0x0000000087000000, 0x0000000087100000, 0x0000000087100000|100%| S|CS|TAMS 0x0000000087000000, 0x0000000087000000| Complete 
| 113|0x0000000087100000, 0x0000000087200000, 0x0000000087200000|100%| S|CS|TAMS 0x0000000087100000, 0x0000000087100000| Complete 
| 114|0x0000000087200000, 0x0000000087200000, 0x0000000087300000|  0%| F|  |TAMS 0x0000000087200000, 0x0000000087200000| Untracked 
| 115|0x0000000087300000, 0x0000000087300000, 0x0000000087400000|  0%| F|  |TAMS 0x0000000087300000, 0x0000000087300000| Untracked 
| 116|0x0000000087400000, 0x0000000087400000, 0x0000000087500000|  0%| F|  |TAMS 0x0000000087400000, 0x0000000087400000| Untracked 
| 117|0x0000000087500000, 0x0000000087500000, 0x0000000087600000|  0%| F|  |TAMS 0x0000000087500000, 0x0000000087500000| Untracked 
| 118|0x0000000087600000, 0x0000000087600000, 0x0000000087700000|  0%| F|  |TAMS 0x0000000087600000, 0x0000000087600000| Untracked 
| 119|0x0000000087700000, 0x0000000087700000, 0x0000000087800000|  0%| F|  |TAMS 0x0000000087700000, 0x0000000087700000| Untracked 
| 120|0x0000000087800000, 0x0000000087800000, 0x0000000087900000|  0%| F|  |TAMS 0x0000000087800000, 0x0000000087800000| Untracked 
| 121|0x0000000087900000, 0x0000000087900000, 0x0000000087a00000|  0%| F|  |TAMS 0x0000000087900000, 0x0000000087900000| Untracked 
| 122|0x0000000087a00000, 0x0000000087a00000, 0x0000000087b00000|  0%| F|  |TAMS 0x0000000087a00000, 0x0000000087a00000| Untracked 
| 123|0x0000000087b00000, 0x0000000087b00000, 0x0000000087c00000|  0%| F|  |TAMS 0x0000000087b00000, 0x0000000087b00000| Untracked 
| 124|0x0000000087c00000, 0x0000000087c00000, 0x0000000087d00000|  0%| F|  |TAMS 0x0000000087c00000, 0x0000000087c00000| Untracked 
| 125|0x0000000087d00000, 0x0000000087d00000, 0x0000000087e00000|  0%| F|  |TAMS 0x0000000087d00000, 0x0000000087d00000| Untracked 
| 126|0x0000000087e00000, 0x0000000087e00000, 0x0000000087f00000|  0%| F|  |TAMS 0x0000000087e00000, 0x0000000087e00000| Untracked 
| 127|0x0000000087f00000, 0x0000000087f00000, 0x0000000088000000|  0%| F|  |TAMS 0x0000000087f00000, 0x0000000087f00000| Untracked 
| 128|0x0000000088000000, 0x0000000088000000, 0x0000000088100000|  0%| F|  |TAMS 0x0000000088000000, 0x0000000088000000| Untracked 
| 129|0x0000000088100000, 0x0000000088100000, 0x0000000088200000|  0%| F|  |TAMS 0x0000000088100000, 0x0000000088100000| Untracked 
| 130|0x0000000088200000, 0x0000000088200000, 0x0000000088300000|  0%| F|  |TAMS 0x0000000088200000, 0x0000000088200000| Untracked 
| 131|0x0000000088300000, 0x0000000088300000, 0x0000000088400000|  0%| F|  |TAMS 0x0000000088300000, 0x0000000088300000| Untracked 
| 132|0x0000000088400000, 0x0000000088400000, 0x0000000088500000|  0%| F|  |TAMS 0x0000000088400000, 0x0000000088400000| Untracked 
| 133|0x0000000088500000, 0x0000000088500000, 0x0000000088600000|  0%| F|  |TAMS 0x0000000088500000, 0x0000000088500000| Untracked 
| 134|0x0000000088600000, 0x0000000088600000, 0x0000000088700000|  0%| F|  |TAMS 0x0000000088600000, 0x0000000088600000| Untracked 
| 135|0x0000000088700000, 0x0000000088700000, 0x0000000088800000|  0%| F|  |TAMS 0x0000000088700000, 0x0000000088700000| Untracked 
| 136|0x0000000088800000, 0x0000000088800000, 0x0000000088900000|  0%| F|  |TAMS 0x0000000088800000, 0x0000000088800000| Untracked 
| 137|0x0000000088900000, 0x0000000088900000, 0x0000000088a00000|  0%| F|  |TAMS 0x0000000088900000, 0x0000000088900000| Untracked 
| 138|0x0000000088a00000, 0x0000000088a00000, 0x0000000088b00000|  0%| F|  |TAMS 0x0000000088a00000, 0x0000000088a00000| Untracked 
| 139|0x0000000088b00000, 0x0000000088b00000, 0x0000000088c00000|  0%| F|  |TAMS 0x0000000088b00000, 0x0000000088b00000| Untracked 
| 140|0x0000000088c00000, 0x0000000088c00000, 0x0000000088d00000|  0%| F|  |TAMS 0x0000000088c00000, 0x0000000088c00000| Untracked 
| 141|0x0000000088d00000, 0x0000000088d00000, 0x0000000088e00000|  0%| F|  |TAMS 0x0000000088d00000, 0x0000000088d00000| Untracked 
| 142|0x0000000088e00000, 0x0000000088e00000, 0x0000000088f00000|  0%| F|  |TAMS 0x0000000088e00000, 0x0000000088e00000| Untracked 
| 143|0x0000000088f00000, 0x0000000088f00000, 0x0000000089000000|  0%| F|  |TAMS 0x0000000088f00000, 0x0000000088f00000| Untracked 
| 144|0x0000000089000000, 0x0000000089000000, 0x0000000089100000|  0%| F|  |TAMS 0x0000000089000000, 0x0000000089000000| Untracked 
| 145|0x0000000089100000, 0x0000000089117d30, 0x0000000089200000|  9%| E|  |TAMS 0x0000000089100000, 0x0000000089100000| Complete 
| 146|0x0000000089200000, 0x0000000089300000, 0x0000000089300000|100%| E|CS|TAMS 0x0000000089200000, 0x0000000089200000| Complete 
| 147|0x0000000089300000, 0x0000000089400000, 0x0000000089400000|100%| E|CS|TAMS 0x0000000089300000, 0x0000000089300000| Complete 
| 148|0x0000000089400000, 0x0000000089500000, 0x0000000089500000|100%| E|CS|TAMS 0x0000000089400000, 0x0000000089400000| Complete 
| 149|0x0000000089500000, 0x0000000089600000, 0x0000000089600000|100%| E|CS|TAMS 0x0000000089500000, 0x0000000089500000| Complete 
| 150|0x0000000089600000, 0x0000000089700000, 0x0000000089700000|100%| E|CS|TAMS 0x0000000089600000, 0x0000000089600000| Complete 
| 151|0x0000000089700000, 0x0000000089800000, 0x0000000089800000|100%| E|CS|TAMS 0x0000000089700000, 0x0000000089700000| Complete 
| 152|0x0000000089800000, 0x0000000089900000, 0x0000000089900000|100%| E|CS|TAMS 0x0000000089800000, 0x0000000089800000| Complete 
| 153|0x0000000089900000, 0x0000000089a00000, 0x0000000089a00000|100%| E|CS|TAMS 0x0000000089900000, 0x0000000089900000| Complete 
| 154|0x0000000089a00000, 0x0000000089b00000, 0x0000000089b00000|100%| E|CS|TAMS 0x0000000089a00000, 0x0000000089a00000| Complete 
| 155|0x0000000089b00000, 0x0000000089c00000, 0x0000000089c00000|100%| E|CS|TAMS 0x0000000089b00000, 0x0000000089b00000| Complete 

Card table byte_map: [0x0000012bf06d0000,0x0000012bf0ad0000] _byte_map_base: 0x0000012bf02d0000

Marking Bits (Prev, Next): (CMBitMap*) 0x0000012bdd812518, (CMBitMap*) 0x0000012bdd812550
 Prev Bits: [0x0000012bf0ed0000, 0x0000012bf2ed0000)
 Next Bits: [0x0000012bf2ed0000, 0x0000012bf4ed0000)

Polling page: 0x0000012bdb7c0000

Metaspace:

Usage:
  Non-class:     73.27 MB capacity,    72.11 MB ( 98%) used,   953.59 KB (  1%) free+waste,   237.38 KB ( <1%) overhead. 
      Class:     11.52 MB capacity,    10.76 MB ( 93%) used,   662.23 KB (  6%) free+waste,   107.50 KB ( <1%) overhead. 
       Both:     84.79 MB capacity,    82.88 MB ( 98%) used,     1.58 MB (  2%) free+waste,   344.88 KB ( <1%) overhead. 

Virtual space:
  Non-class space:       74.00 MB reserved,      73.40 MB (>99%) committed 
      Class space:        1.00 GB reserved,      11.63 MB (  1%) committed 
             Both:        1.07 GB reserved,      85.03 MB (  8%) committed 

Chunk freelists:
   Non-Class:  7.00 KB
       Class:  15.00 KB
        Both:  22.00 KB

MaxMetaspaceSize: 17179869184.00 GB
CompressedClassSpaceSize: 1.00 GB

CodeHeap 'non-profiled nmethods': size=120064Kb used=5332Kb max_used=5332Kb free=114731Kb
 bounds [0x0000012be8d90000, 0x0000012be92d0000, 0x0000012bf02d0000]
CodeHeap 'profiled nmethods': size=120000Kb used=21523Kb max_used=21523Kb free=98476Kb
 bounds [0x0000012be1860000, 0x0000012be2d70000, 0x0000012be8d90000]
CodeHeap 'non-nmethods': size=5696Kb used=2269Kb max_used=2320Kb free=3426Kb
 bounds [0x0000012be12d0000, 0x0000012be1540000, 0x0000012be1860000]
 total_blobs=10790 nmethods=9911 adapters=791
 compilation: enabled
              stopped_count=0, restarted_count=0
 full_count=0

Compilation events (20 events):
Event: 93.927 Thread 0x0000012bf73e0800 9993       3       com.google.common.cache.LocalCache$2::iterator (7 bytes)
Event: 93.928 Thread 0x0000012bf73e0800 nmethod 9993 0x0000012be2d49890 code [0x0000012be2d49a60, 0x0000012be2d49cc8]
Event: 93.935 Thread 0x0000012bf73e0800 9996       3       com.google.common.cache.LocalCache$Segment::enqueueNotification (67 bytes)
Event: 93.938 Thread 0x0000012bf73e0800 nmethod 9996 0x0000012be2d49e10 code [0x0000012be2d4a040, 0x0000012be2d4a8b8]
Event: 93.956 Thread 0x0000012bf73e0800 9998       3       com.google.common.cache.LocalCache$WeakValueReference::<init> (12 bytes)
Event: 93.957 Thread 0x0000012bf73e0800 nmethod 9998 0x0000012be2d4ab90 code [0x0000012be2d4ad60, 0x0000012be2d4b0f8]
Event: 94.167 Thread 0x0000012bf73e0800 9999       3       org.gradle.api.internal.file.DefaultFileCollectionFactory::fixed (31 bytes)
Event: 94.170 Thread 0x0000012bf73e0800 nmethod 9999 0x0000012be2d4b210 code [0x0000012be2d4b420, 0x0000012be2d4bb68]
Event: 94.190 Thread 0x0000012bf73e0800 10000       3       org.gradle.internal.execution.history.impl.FileCollectionFingerprintSerializer::readRootHashes (78 bytes)
Event: 94.193 Thread 0x0000012bf73e0800 nmethod 10000 0x0000012be2d4be10 code [0x0000012be2d4c0c0, 0x0000012be2d4cf98]
Event: 94.221 Thread 0x0000012bf73e0800 10002       3       java.net.InetAddress::<init> (21 bytes)
Event: 94.222 Thread 0x0000012bf73e0800 nmethod 10002 0x0000012be2d4d490 code [0x0000012be2d4d660, 0x0000012be2d4d958]
Event: 94.222 Thread 0x0000012bf73e0800 10003       3       java.net.InetAddress$InetAddressHolder::<init> (5 bytes)
Event: 94.223 Thread 0x0000012bf73e0800 nmethod 10003 0x0000012be2d4da90 code [0x0000012be2d4dc40, 0x0000012be2d4dd98]
Event: 94.223 Thread 0x0000012bf73e0800 10004       3       org.gradle.launcher.daemon.registry.DaemonRegistryContent::access$400 (4 bytes)
Event: 94.224 Thread 0x0000012bf73e0800 nmethod 10004 0x0000012be2d4de90 code [0x0000012be2d4e040, 0x0000012be2d4e138]
Event: 94.308 Thread 0x0000012bf73e0800 10005   !   3       org.gradle.internal.resources.AbstractTrackedResourceLock::unlock (78 bytes)
Event: 94.312 Thread 0x0000012bf73e0800 nmethod 10005 0x0000012be2d4e210 code [0x0000012be2d4e520, 0x0000012be2d4f668]
Event: 94.334 Thread 0x0000012bf73e0800 10007       3       org.gradle.internal.snapshot.PathUtil::getPathComparator (52 bytes)
Event: 94.335 Thread 0x0000012bf73e0800 nmethod 10007 0x0000012be2d4fd10 code [0x0000012be2d4fee0, 0x0000012be2d50168]

GC Heap History (20 events):
Event: 59.891 GC heap before
{Heap before GC invocations=57 (full 0):
 garbage-first heap   total 110592K, used 82154K [0x0000000080000000, 0x0000000100000000)
  region size 1024K, 25 young (25600K), 2 survivors (2048K)
 Metaspace       used 66303K, capacity 67789K, committed 67996K, reserved 1107968K
  class space    used 8387K, capacity 8952K, committed 8960K, reserved 1048576K
}
Event: 59.902 GC heap after
{Heap after GC invocations=58 (full 0):
 garbage-first heap   total 110592K, used 59203K [0x0000000080000000, 0x0000000100000000)
  region size 1024K, 3 young (3072K), 3 survivors (3072K)
 Metaspace       used 66303K, capacity 67789K, committed 67996K, reserved 1107968K
  class space    used 8387K, capacity 8952K, committed 8960K, reserved 1048576K
}
Event: 61.656 GC heap before
{Heap before GC invocations=58 (full 0):
 garbage-first heap   total 110592K, used 83779K [0x0000000080000000, 0x0000000100000000)
  region size 1024K, 27 young (27648K), 3 survivors (3072K)
 Metaspace       used 67129K, capacity 68630K, committed 68892K, reserved 1110016K
  class space    used 8491K, capacity 9056K, committed 9088K, reserved 1048576K
}
Event: 61.684 GC heap after
{Heap after GC invocations=59 (full 0):
 garbage-first heap   total 110592K, used 61343K [0x0000000080000000, 0x0000000100000000)
  region size 1024K, 4 young (4096K), 4 survivors (4096K)
 Metaspace       used 67129K, capacity 68630K, committed 68892K, reserved 1110016K
  class space    used 8491K, capacity 9056K, committed 9088K, reserved 1048576K
}
Event: 62.717 GC heap before
{Heap before GC invocations=60 (full 0):
 garbage-first heap   total 110592K, used 84895K [0x0000000080000000, 0x0000000100000000)
  region size 1024K, 27 young (27648K), 4 survivors (4096K)
 Metaspace       used 67230K, capacity 68792K, committed 69020K, reserved 1110016K
  class space    used 8500K, capacity 9090K, committed 9216K, reserved 1048576K
}
Event: 62.740 GC heap after
{Heap after GC invocations=61 (full 0):
 garbage-first heap   total 110592K, used 63607K [0x0000000080000000, 0x0000000100000000)
  region size 1024K, 3 young (3072K), 3 survivors (3072K)
 Metaspace       used 67230K, capacity 68792K, committed 69020K, reserved 1110016K
  class space    used 8500K, capacity 9090K, committed 9216K, reserved 1048576K
}
Event: 64.638 GC heap before
{Heap before GC invocations=61 (full 0):
 garbage-first heap   total 110592K, used 87159K [0x0000000080000000, 0x0000000100000000)
  region size 1024K, 26 young (26624K), 3 survivors (3072K)
 Metaspace       used 69665K, capacity 71243K, committed 71452K, reserved 1112064K
  class space    used 8861K, capacity 9482K, committed 9600K, reserved 1048576K
}
Event: 64.656 GC heap after
{Heap after GC invocations=62 (full 0):
 garbage-first heap   total 133120K, used 64733K [0x0000000080000000, 0x0000000100000000)
  region size 1024K, 2 young (2048K), 2 survivors (2048K)
 Metaspace       used 69665K, capacity 71243K, committed 71452K, reserved 1112064K
  class space    used 8861K, capacity 9482K, committed 9600K, reserved 1048576K
}
Event: 68.185 GC heap before
{Heap before GC invocations=63 (full 0):
 garbage-first heap   total 133120K, used 99549K [0x0000000080000000, 0x0000000100000000)
  region size 1024K, 36 young (36864K), 2 survivors (2048K)
 Metaspace       used 73375K, capacity 74941K, committed 75036K, reserved 1114112K
  class space    used 9464K, capacity 10069K, committed 10112K, reserved 1048576K
}
Event: 68.203 GC heap after
{Heap after GC invocations=64 (full 0):
 garbage-first heap   total 133120K, used 66917K [0x0000000080000000, 0x0000000100000000)
  region size 1024K, 4 young (4096K), 4 survivors (4096K)
 Metaspace       used 73375K, capacity 74941K, committed 75036K, reserved 1114112K
  class space    used 9464K, capacity 10069K, committed 10112K, reserved 1048576K
}
Event: 71.190 GC heap before
{Heap before GC invocations=64 (full 0):
 garbage-first heap   total 133120K, used 102757K [0x0000000080000000, 0x0000000100000000)
  region size 1024K, 39 young (39936K), 4 survivors (4096K)
 Metaspace       used 76646K, capacity 78204K, committed 78364K, reserved 1118208K
  class space    used 9957K, capacity 10571K, committed 10624K, reserved 1048576K
}
Event: 71.223 GC heap after
{Heap after GC invocations=65 (full 0):
 garbage-first heap   total 133120K, used 68680K [0x0000000080000000, 0x0000000100000000)
  region size 1024K, 4 young (4096K), 4 survivors (4096K)
 Metaspace       used 76646K, capacity 78204K, committed 78364K, reserved 1118208K
  class space    used 9957K, capacity 10571K, committed 10624K, reserved 1048576K
}
Event: 75.548 GC heap before
{Heap before GC invocations=66 (full 0):
 garbage-first heap   total 133120K, used 104520K [0x0000000080000000, 0x0000000100000000)
  region size 1024K, 39 young (39936K), 4 survivors (4096K)
 Metaspace       used 80577K, capacity 82318K, committed 82460K, reserved 1120256K
  class space    used 10472K, capacity 11134K, committed 11136K, reserved 1048576K
}
Event: 75.575 GC heap after
{Heap after GC invocations=67 (full 0):
 garbage-first heap   total 133120K, used 71113K [0x0000000080000000, 0x0000000100000000)
  region size 1024K, 5 young (5120K), 5 survivors (5120K)
 Metaspace       used 80577K, capacity 82318K, committed 82460K, reserved 1120256K
  class space    used 10472K, capacity 11134K, committed 11136K, reserved 1048576K
}
Event: 81.231 GC heap before
{Heap before GC invocations=67 (full 0):
 garbage-first heap   total 133120K, used 106953K [0x0000000080000000, 0x0000000100000000)
  region size 1024K, 40 young (40960K), 5 survivors (5120K)
 Metaspace       used 83223K, capacity 85125K, committed 85276K, reserved 1122304K
  class space    used 10843K, capacity 11572K, committed 11648K, reserved 1048576K
}
Event: 81.273 GC heap after
{Heap after GC invocations=68 (full 0):
 garbage-first heap   total 133120K, used 73819K [0x0000000080000000, 0x0000000100000000)
  region size 1024K, 5 young (5120K), 5 survivors (5120K)
 Metaspace       used 83223K, capacity 85125K, committed 85276K, reserved 1122304K
  class space    used 10843K, capacity 11572K, committed 11648K, reserved 1048576K
}
Event: 85.074 GC heap before
{Heap before GC invocations=69 (full 0):
 garbage-first heap   total 133120K, used 107611K [0x0000000080000000, 0x0000000100000000)
  region size 1024K, 39 young (39936K), 5 survivors (5120K)
 Metaspace       used 84029K, capacity 85988K, committed 86172K, reserved 1124352K
  class space    used 10964K, capacity 11732K, committed 11776K, reserved 1048576K
}
Event: 85.109 GC heap after
{Heap after GC invocations=70 (full 0):
 garbage-first heap   total 159744K, used 76437K [0x0000000080000000, 0x0000000100000000)
  region size 1024K, 3 young (3072K), 3 survivors (3072K)
 Metaspace       used 84029K, capacity 85988K, committed 86172K, reserved 1124352K
  class space    used 10964K, capacity 11732K, committed 11776K, reserved 1048576K
}
Event: 93.343 GC heap before
{Heap before GC invocations=70 (full 0):
 garbage-first heap   total 159744K, used 118421K [0x0000000080000000, 0x0000000100000000)
  region size 1024K, 45 young (46080K), 3 survivors (3072K)
 Metaspace       used 84786K, capacity 86803K, committed 87068K, reserved 1124352K
  class space    used 11014K, capacity 11792K, committed 11904K, reserved 1048576K
}
Event: 93.369 GC heap after
{Heap after GC invocations=71 (full 0):
 garbage-first heap   total 159744K, used 79594K [0x0000000080000000, 0x0000000100000000)
  region size 1024K, 6 young (6144K), 6 survivors (6144K)
 Metaspace       used 84786K, capacity 86803K, committed 87068K, reserved 1124352K
  class space    used 11014K, capacity 11792K, committed 11904K, reserved 1048576K
}

Deoptimization events (20 events):
Event: 93.681 Thread 0x0000012bfd94c800 Uncommon trap: trap_request=0xffffff4d fr.pc=0x0000012be90d52e0 relative=0x0000000000000340
Event: 93.681 Thread 0x0000012bfd94c800 Uncommon trap: reason=unstable_if action=reinterpret pc=0x0000012be90d52e0 method=java.util.HashMap$HashIterator.<init>(Ljava/util/HashMap;)V @ 45 c2
Event: 93.681 Thread 0x0000012bfd94c800 DEOPT PACKING pc=0x0000012be90d52e0 sp=0x000000219edfc2c0
Event: 93.681 Thread 0x0000012bfd94c800 DEOPT UNPACKING pc=0x0000012be12f62a9 sp=0x000000219edfc278 mode 2
Event: 93.747 Thread 0x0000012bfd94a000 Uncommon trap: trap_request=0xffffffc6 fr.pc=0x0000012be92a3bb0 relative=0x0000000000000b90
Event: 93.747 Thread 0x0000012bfd94a000 Uncommon trap: reason=bimorphic_or_optimized_type_check action=maybe_recompile pc=0x0000012be92a3bb0 method=org.gradle.internal.snapshot.SnapshotUtil$1.handleAsDescendantOfChild(Lorg/gradle/internal/snapshot/VfsRelativePath;Lorg/gradle/internal/snapshot/F
Event: 93.747 Thread 0x0000012bfd94a000 DEOPT PACKING pc=0x0000012be92a3bb0 sp=0x000000219ebfb4f0
Event: 93.747 Thread 0x0000012bfd94a000 DEOPT UNPACKING pc=0x0000012be12f62a9 sp=0x000000219ebfb3e0 mode 2
Event: 93.829 Thread 0x0000012bfd94a000 Uncommon trap: trap_request=0xffffff7e fr.pc=0x0000012be92b16a8 relative=0x0000000000000368
Event: 93.829 Thread 0x0000012bfd94a000 Uncommon trap: reason=predicate action=maybe_recompile pc=0x0000012be92b16a8 method=java.util.AbstractCollection.toArray([Ljava/lang/Object;)[Ljava/lang/Object; @ 43 c2
Event: 93.829 Thread 0x0000012bfd94a000 DEOPT PACKING pc=0x0000012be92b16a8 sp=0x000000219ebfb470
Event: 93.829 Thread 0x0000012bfd94a000 DEOPT UNPACKING pc=0x0000012be12f62a9 sp=0x000000219ebfb418 mode 2
Event: 93.838 Thread 0x0000012bfd94a000 Uncommon trap: trap_request=0xffffffd6 fr.pc=0x0000012be92ba598 relative=0x00000000000006d8
Event: 93.838 Thread 0x0000012bfd94a000 Uncommon trap: reason=array_check action=maybe_recompile pc=0x0000012be92ba598 method=java.util.TimSort.binarySort([Ljava/lang/Object;IIILjava/util/Comparator;)V @ 215 c2
Event: 93.838 Thread 0x0000012bfd94a000 DEOPT PACKING pc=0x0000012be92ba598 sp=0x000000219ebfa580
Event: 93.838 Thread 0x0000012bfd94a000 DEOPT UNPACKING pc=0x0000012be12f62a9 sp=0x000000219ebfa528 mode 2
Event: 93.838 Thread 0x0000012bfd94a000 Uncommon trap: trap_request=0xffffffd6 fr.pc=0x0000012be92ba598 relative=0x00000000000006d8
Event: 93.838 Thread 0x0000012bfd94a000 Uncommon trap: reason=array_check action=maybe_recompile pc=0x0000012be92ba598 method=java.util.TimSort.binarySort([Ljava/lang/Object;IIILjava/util/Comparator;)V @ 215 c2
Event: 93.838 Thread 0x0000012bfd94a000 DEOPT PACKING pc=0x0000012be92ba598 sp=0x000000219ebfa330
Event: 93.838 Thread 0x0000012bfd94a000 DEOPT UNPACKING pc=0x0000012be12f62a9 sp=0x000000219ebfa2d8 mode 2

Classes redefined (0 events):
No events

Internal exceptions (20 events):
Event: 77.936 Thread 0x0000012bf82bd800 Exception <a 'java/lang/NoSuchMethodError'{0x0000000086b65110}: <clinit>> (0x0000000086b65110) thrown at [./src/hotspot/share/prims/jni.cpp, line 1362]
Event: 77.942 Thread 0x0000012bf82bd800 Exception <a 'java/lang/NoSuchMethodError'{0x0000000086bb6ee8}: <clinit>> (0x0000000086bb6ee8) thrown at [./src/hotspot/share/prims/jni.cpp, line 1362]
Event: 77.943 Thread 0x0000012bf82bd800 Exception <a 'java/lang/NoSuchMethodError'{0x0000000086bb8668}: <clinit>> (0x0000000086bb8668) thrown at [./src/hotspot/share/prims/jni.cpp, line 1362]
Event: 78.067 Thread 0x0000012bfd949800 Exception <a 'java/lang/NoSuchMethodError'{0x0000000086975eb8}: <clinit>> (0x0000000086975eb8) thrown at [./src/hotspot/share/prims/jni.cpp, line 1362]
Event: 78.081 Thread 0x0000012bfd949800 Exception <a 'java/lang/NoSuchMethodError'{0x000000008699bf48}: <clinit>> (0x000000008699bf48) thrown at [./src/hotspot/share/prims/jni.cpp, line 1362]
Event: 78.098 Thread 0x0000012bfd949800 Exception <a 'java/lang/NoSuchMethodError'{0x00000000869be5a8}: <clinit>> (0x00000000869be5a8) thrown at [./src/hotspot/share/prims/jni.cpp, line 1362]
Event: 78.104 Thread 0x0000012bfd949800 Exception <a 'java/lang/NoSuchMethodError'{0x00000000869c8df8}: 'void java.lang.invoke.DirectMethodHandle$Holder.invokeSpecial(java.lang.Object, java.lang.Object, java.lang.Object, int)'> (0x00000000869c8df8) thrown at [./src/hotspot/share/interpreter/linkResolver.cpp, line 773]
Event: 78.189 Thread 0x0000012bf73ec800 Exception <a 'java/lang/IncompatibleClassChangeError'{0x000000008687f4e0}: Found class java.lang.Object, but interface was expected> (0x000000008687f4e0) thrown at [./src/hotspot/share/interpreter/linkResolver.cpp, line 839]
Event: 78.407 Thread 0x0000012bf73ec800 Exception <a 'java/lang/NoSuchMethodError'{0x000000008679ac60}: 'java.lang.Object java.lang.invoke.DirectMethodHandle$Holder.invokeInterface(java.lang.Object, java.lang.Object, int)'> (0x000000008679ac60) thrown at [./src/hotspot/share/interpreter/linkResolver.cpp, line 773]
Event: 78.408 Thread 0x0000012bf82bd800 Exception <a 'java/lang/NoSuchMethodError'{0x000000008660a5a0}: <clinit>> (0x000000008660a5a0) thrown at [./src/hotspot/share/prims/jni.cpp, line 1362]
Event: 78.427 Thread 0x0000012bf73ec800 Exception <a 'java/lang/NoSuchMethodError'{0x00000000867b08f8}: 'void java.lang.invoke.DirectMethodHandle$Holder.invokeStatic(java.lang.Object, java.lang.Object, java.lang.Object, int)'> (0x00000000867b08f8) thrown at [./src/hotspot/share/interpreter/linkResolver.cpp, line 773]
Event: 78.600 Thread 0x0000012bfd94c000 Exception <a 'java/lang/IncompatibleClassChangeError'{0x00000000866ff9c8}: Found class java.lang.Object, but interface was expected> (0x00000000866ff9c8) thrown at [./src/hotspot/share/interpreter/linkResolver.cpp, line 839]
Event: 81.353 Thread 0x0000012bfd94c000 Exception <a 'java/lang/NoSuchMethodError'{0x00000000881df2d0}: 'void java.lang.invoke.DirectMethodHandle$Holder.invokeStatic(java.lang.Object, java.lang.Object, java.lang.Object, java.lang.Object, int, java.lang.Object, java.lang.Object)'> (0x00000000881df2d0) thrown at [./src/hotspot/share/interpreter/linkResolver.cpp, line 773]
Event: 81.534 Thread 0x0000012bfd94c000 Exception <a 'java/lang/NoSuchMethodError'{0x0000000087dc8540}: 'java.lang.Object java.lang.invoke.DirectMethodHandle$Holder.invokeSpecialIFC(java.lang.Object, java.lang.Object, java.lang.Object)'> (0x0000000087dc8540) thrown at [./src/hotspot/share/interpreter/linkResolver.cpp, line 773]
Event: 81.539 Thread 0x0000012bfb047000 Exception <a 'java/lang/NoSuchMethodError'{0x0000000087df6298}: 'java.lang.Object java.lang.invoke.DirectMethodHandle$Holder.invokeSpecialIFC(java.lang.Object, java.lang.Object, java.lang.Object)'> (0x0000000087df6298) thrown at [./src/hotspot/share/interpreter/linkResolver.cpp, line 773]
Event: 81.950 Thread 0x0000012bfd94c000 Exception <a 'java/lang/NoSuchMethodError'{0x0000000087a847a8}: 'int java.lang.invoke.DirectMethodHandle$Holder.invokeStaticInit(java.lang.Object, java.lang.Object, java.lang.Object, java.lang.Object, java.lang.Object)'> (0x0000000087a847a8) thrown at [./src/hotspot/share/interpreter/linkResolver.cpp, line 773]
Event: 90.331 Thread 0x0000012bfb053800 Exception <a 'java/lang/NoSuchMethodError'{0x00000000895b7360}: 'void java.lang.invoke.DirectMethodHandle$Holder.invokeVirtual(java.lang.Object, java.lang.Object)'> (0x00000000895b7360) thrown at [./src/hotspot/share/interpreter/linkResolver.cpp, line 773]
Event: 90.331 Thread 0x0000012bfbd4d800 Exception <a 'java/lang/NoSuchMethodError'{0x0000000088e1ba30}: 'void java.lang.invoke.DirectMethodHandle$Holder.invokeVirtual(java.lang.Object, java.lang.Object)'> (0x0000000088e1ba30) thrown at [./src/hotspot/share/interpreter/linkResolver.cpp, line 773]
Event: 93.068 Thread 0x0000012bfbd47000 Implicit null exception at 0x0000012be92b58c7 to 0x0000012be92b613c
Event: 93.173 Thread 0x0000012bfb055000 Implicit null exception at 0x0000012be92b7225 to 0x0000012be92b7cb4

Events (20 events):
Event: 93.815 Executing VM operation: RevokeBias
Event: 93.816 Executing VM operation: RevokeBias done
Event: 93.816 Executing VM operation: RevokeBias
Event: 93.817 Executing VM operation: RevokeBias done
Event: 93.818 Executing VM operation: RevokeBias
Event: 93.819 Executing VM operation: RevokeBias done
Event: 93.819 Executing VM operation: RevokeBias
Event: 93.820 Executing VM operation: RevokeBias done
Event: 93.820 Executing VM operation: RevokeBias
Event: 93.820 Executing VM operation: RevokeBias done
Event: 93.855 Executing VM operation: CGC_Operation
Event: 93.914 Executing VM operation: CGC_Operation done
Event: 94.178 Executing VM operation: CGC_Operation
Event: 94.179 Executing VM operation: CGC_Operation done
Event: 94.266 Executing VM operation: RevokeBias
Event: 94.267 Executing VM operation: RevokeBias done
Event: 94.306 Executing VM operation: RevokeBias
Event: 94.307 Executing VM operation: RevokeBias done
Event: 94.345 Executing VM operation: RevokeBias
Event: 94.346 Executing VM operation: RevokeBias done


Dynamic libraries:
0x00007ff6cb810000 - 0x00007ff6cb81a000 	D:\Alondra\programs\Android Studio\jre\bin\java.exe
0x00007ffa15de0000 - 0x00007ffa15fa1000 	C:\Windows\SYSTEM32\ntdll.dll
0x00007ffa13f70000 - 0x00007ffa1401d000 	C:\Windows\system32\KERNEL32.DLL
0x00007ffa12490000 - 0x00007ffa12678000 	C:\Windows\system32\KERNELBASE.dll
0x00007ffa10bf0000 - 0x00007ffa10c69000 	C:\Windows\system32\apphelp.dll
0x00007ff9e9c30000 - 0x00007ff9e9c49000 	D:\Alondra\programs\Android Studio\jre\bin\jli.dll
0x00007ff9e9d10000 - 0x00007ff9e9d27000 	D:\Alondra\programs\Android Studio\jre\bin\VCRUNTIME140.dll
0x00007ffa11590000 - 0x00007ffa11684000 	C:\Windows\SYSTEM32\ucrtbase.dll
0x00007ffa13330000 - 0x00007ffa13486000 	C:\Windows\system32\USER32.dll
0x00007ffa140a0000 - 0x00007ffa14226000 	C:\Windows\system32\GDI32.dll
0x00007ff9f87e0000 - 0x00007ff9f8a54000 	C:\Windows\WinSxS\amd64_microsoft.windows.common-controls_6595b64144ccf1df_6.0.10586.0_none_8c15ae12515e1c22\COMCTL32.dll
0x00007ffa13490000 - 0x00007ffa1352d000 	C:\Windows\system32\msvcrt.dll
0x00007ffa13c20000 - 0x00007ffa13e9d000 	C:\Windows\system32\combase.dll
0x00007ffa14230000 - 0x00007ffa1434c000 	C:\Windows\system32\RPCRT4.dll
0x00007ffa12900000 - 0x00007ffa1296a000 	C:\Windows\system32\bcryptPrimitives.dll
0x00007ffa14400000 - 0x00007ffa1443b000 	C:\Windows\system32\IMM32.DLL
0x00007ff9e7fc0000 - 0x00007ff9e805d000 	D:\Alondra\programs\Android Studio\jre\bin\msvcp140.dll
0x00007ff9e4d50000 - 0x00007ff9e5825000 	D:\Alondra\programs\Android Studio\jre\bin\server\jvm.dll
0x00007ffa13660000 - 0x00007ffa13707000 	C:\Windows\system32\ADVAPI32.dll
0x00007ffa138b0000 - 0x00007ffa1390b000 	C:\Windows\system32\sechost.dll
0x00007ffa13890000 - 0x00007ffa13898000 	C:\Windows\system32\PSAPI.DLL
0x00007ffa02bb0000 - 0x00007ffa02bb9000 	C:\Windows\SYSTEM32\WSOCK32.dll
0x00007ffa10570000 - 0x00007ffa10593000 	C:\Windows\SYSTEM32\WINMM.dll
0x00007ffa13ea0000 - 0x00007ffa13f0b000 	C:\Windows\system32\WS2_32.dll
0x00007ffa01870000 - 0x00007ffa0187a000 	C:\Windows\SYSTEM32\VERSION.dll
0x00007ffa10500000 - 0x00007ffa1052c000 	C:\Windows\SYSTEM32\WINMMBASE.dll
0x00007ffa12b20000 - 0x00007ffa12b63000 	C:\Windows\system32\cfgmgr32.dll
0x00007ffa12410000 - 0x00007ffa1241f000 	C:\Windows\system32\kernel.appcore.dll
0x00007ff9ff330000 - 0x00007ff9ff341000 	D:\Alondra\programs\Android Studio\jre\bin\verify.dll
0x00007ffa0fcc0000 - 0x00007ffa0fe4c000 	C:\Windows\SYSTEM32\DBGHELP.DLL
0x00007ff9f64c0000 - 0x00007ff9f64e5000 	C:\Windows\SYSTEM32\dbgcore.DLL
0x00007ff9f76d0000 - 0x00007ff9f76f9000 	D:\Alondra\programs\Android Studio\jre\bin\java.dll
0x00007ffa014b0000 - 0x00007ffa014bb000 	D:\Alondra\programs\Android Studio\jre\bin\jimage.dll
0x00007ff9f8c60000 - 0x00007ff9f8c78000 	D:\Alondra\programs\Android Studio\jre\bin\zip.dll
0x00007ffa14440000 - 0x00007ffa1599f000 	C:\Windows\system32\SHELL32.dll
0x00007ffa12b90000 - 0x00007ffa131d4000 	C:\Windows\system32\windows.storage.dll
0x00007ffa14020000 - 0x00007ffa14072000 	C:\Windows\system32\shlwapi.dll
0x00007ffa12a60000 - 0x00007ffa12b15000 	C:\Windows\system32\shcore.dll
0x00007ffa12420000 - 0x00007ffa1246b000 	C:\Windows\system32\powrprof.dll
0x00007ffa12470000 - 0x00007ffa12484000 	C:\Windows\system32\profapi.dll
0x00007ff9f76b0000 - 0x00007ff9f76ca000 	D:\Alondra\programs\Android Studio\jre\bin\net.dll
0x00007ffa06c90000 - 0x00007ffa06d58000 	C:\Windows\SYSTEM32\WINHTTP.dll
0x00007ffa11cd0000 - 0x00007ffa11d2c000 	C:\Windows\system32\mswsock.dll
0x00007ff9f6220000 - 0x00007ff9f6234000 	D:\Alondra\programs\Android Studio\jre\bin\nio.dll
0x00007ffa014c0000 - 0x00007ffa014e7000 	D:\Alondra\AndroidStudioProjects\native\e1d6ef7f7dcc3fd88c89a11ec53ec762bb8ba0a96d01ffa2cd45eb1d1d8dd5c5\windows-amd64\native-platform.dll
0x00007ffa01480000 - 0x00007ffa0148a000 	D:\Alondra\programs\Android Studio\jre\bin\management.dll
0x00007ffa00600000 - 0x00007ffa0060d000 	D:\Alondra\programs\Android Studio\jre\bin\management_ext.dll
0x00007ffa11d80000 - 0x00007ffa11d97000 	C:\Windows\SYSTEM32\CRYPTSP.dll
0x00007ffa11a10000 - 0x00007ffa11a44000 	C:\Windows\system32\rsaenh.dll
0x00007ffa12330000 - 0x00007ffa12359000 	C:\Windows\SYSTEM32\bcrypt.dll
0x00007ffa11b60000 - 0x00007ffa11b7f000 	C:\Windows\SYSTEM32\USERENV.dll
0x00007ffa11ea0000 - 0x00007ffa11eab000 	C:\Windows\SYSTEM32\CRYPTBASE.dll
0x00007ffa05920000 - 0x00007ffa05958000 	C:\Windows\SYSTEM32\IPHLPAPI.DLL
0x00007ffa138a0000 - 0x00007ffa138a8000 	C:\Windows\system32\NSI.dll
0x00007ffa04e10000 - 0x00007ffa04e26000 	C:\Windows\SYSTEM32\dhcpcsvc6.DLL
0x00007ffa04df0000 - 0x00007ffa04e0a000 	C:\Windows\SYSTEM32\dhcpcsvc.DLL

dbghelp: loaded successfully - version: 4.0.5 - missing functions: none
symbol engine: initialized successfully - sym options: 0x614 - pdb path: .;D:\Alondra\programs\Android Studio\jre\bin;C:\Windows\SYSTEM32;C:\Windows\WinSxS\amd64_microsoft.windows.common-controls_6595b64144ccf1df_6.0.10586.0_none_8c15ae12515e1c22;D:\Alondra\programs\Android Studio\jre\bin\server;D:\Alondra\AndroidStudioProjects\native\e1d6ef7f7dcc3fd88c89a11ec53ec762bb8ba0a96d01ffa2cd45eb1d1d8dd5c5\windows-amd64

VM Arguments:
jvm_args: --add-opens=java.base/java.util=ALL-UNNAMED --add-opens=java.base/java.lang=ALL-UNNAMED --add-opens=java.base/java.lang.invoke=ALL-UNNAMED --add-opens=java.base/java.util=ALL-UNNAMED --add-opens=java.prefs/java.util.prefs=ALL-UNNAMED --add-opens=java.prefs/java.util.prefs=ALL-UNNAMED --add-opens=java.base/java.nio.charset=ALL-UNNAMED --add-opens=java.base/java.net=ALL-UNNAMED --add-opens=java.base/java.util.concurrent.atomic=ALL-UNNAMED -Xmx2048m -Dfile.encoding=UTF-8 -Duser.country=419 -Duser.language=es -Duser.variant 
java_command: org.gradle.launcher.daemon.bootstrap.GradleDaemon 7.2
java_class_path (initial): D:\Alondra\AndroidStudioProjects\wrapper\dists\gradle-7.2-bin\2dnblmf4td7x66yl1d74lt32g\gradle-7.2\lib\gradle-launcher-7.2.jar
Launcher Type: SUN_STANDARD

[Global flags]
     intx CICompilerCount                          = 3                                         {product} {ergonomic}
     uint ConcGCThreads                            = 1                                         {product} {ergonomic}
     uint G1ConcRefinementThreads                  = 4                                         {product} {ergonomic}
   size_t G1HeapRegionSize                         = 1048576                                   {product} {ergonomic}
    uintx GCDrainStackTargetSize                   = 64                                        {product} {ergonomic}
   size_t InitialHeapSize                          = 65011712                                  {product} {ergonomic}
   size_t MarkStackSize                            = 4194304                                   {product} {ergonomic}
   size_t MaxHeapSize                              = 2147483648                                {product} {command line}
   size_t MaxNewSize                               = 1287651328                                {product} {ergonomic}
   size_t MinHeapDeltaBytes                        = 1048576                                   {product} {ergonomic}
    uintx NonNMethodCodeHeapSize                   = 5830732                                {pd product} {ergonomic}
    uintx NonProfiledCodeHeapSize                  = 122913754                              {pd product} {ergonomic}
    uintx ProfiledCodeHeapSize                     = 122913754                              {pd product} {ergonomic}
    uintx ReservedCodeCacheSize                    = 251658240                              {pd product} {ergonomic}
     bool SegmentedCodeCache                       = true                                      {product} {ergonomic}
     bool UseCompressedClassPointers               = true                                 {lp64_product} {ergonomic}
     bool UseCompressedOops                        = true                                 {lp64_product} {ergonomic}
     bool UseG1GC                                  = true                                      {product} {ergonomic}
     bool UseLargePagesIndividualAllocation        = false                                  {pd product} {ergonomic}

Logging:
Log output configuration:
 #0: stdout all=warning uptime,level,tags
 #1: stderr all=off uptime,level,tags

Environment Variables:
JAVA_HOME=D:\Alondra\programs\java\jdk1.8.0_281
PATH=D:\Alondra\programs\python39\Scripts\;D:\Alondra\programs\python39\;C:\Python39\Scripts\;C:\Python39\;C:\Program Files (x86)\Common Files\Oracle\Java\javapath;C:\Windows\system32;C:\Windows;C:\Windows\System32\Wbem;C:\Windows\System32\WindowsPowerShell\v1.0\;C:\Users\Alondra\AppData\Local\Programs\Python\Python39;C:\Users\Alondra\AppData\Local\Programs\Python\Python39\Scripts;C:\Program Files\dotnet\;D:\Alondra\programs\Brackets\command;D:\Alondra\programs\java\jdk1.8.0_281\bin;D:\Alondra\programs\nodejs\;C:\ProgramData\chocolatey\bin;D:\Alondra\programs\Git\cmd;D:\Alondra\programs\PuTTY\;C:\Users\Alondra\AppData\Roaming\Python\Python39\Scripts;C:\Users\Alondra\AppData\Roaming\Python\Python39;D:\Alondra\programs\PostgreSQL\13\bin;D:\Alondra\7° SEMESTRE\4.Lenguajes y Automatas ll\javacc-javacc-7.0.10\scripts;D:\Alondra\7° SEMESTRE\4.Lenguajes y Automatas ll\javacc-javacc-7.0.10\bin;D:\Alondra\programs\XAMPP\php;D:\Alondra\programs\ComposerSetup;D:\Alondra\programs\Pyhon\Scripts\;D:\Alondra\programs\Pyhon\;D:\Alondra\programs\Microsoft VS Code\bin;D:\Alondra\descargas D\curl_7_53_1_openssl_nghttp2_x64;C:\Users\Alondra\.dotnet\tools;C:\Users\Alondra\AppData\Roaming\npm;D:\Alondra\programs\Nmap;C:\Users\Alondra\AppData\Roaming\Composer\vendor\bin
USERNAME=Alondra
OS=Windows_NT
PROCESSOR_IDENTIFIER=Intel64 Family 6 Model 92 Stepping 9, GenuineIntel



---------------  S Y S T E M  ---------------

OS: Windows 10 , 64 bit Build 10586 (10.0.10586.0)
OS uptime: 0 days 8:41 hours

CPU:total 4 (initial active 4) (4 cores per cpu, 1 threads per core) family 6 model 92 stepping 9 microcode 0x2a, cmov, cx8, fxsr, mmx, sse, sse2, sse3, ssse3, sse4.1, sse4.2, popcnt, aes, clmul, erms, 3dnowpref, tsc, tscinvbit, sha

Memory: 4k page, system-wide physical 3928M (263M free)
TotalPageFile size 5220M (AvailPageFile size 2M)
current process WorkingSet (physical memory assigned to process): 387M, peak: 391M
current process commit charge ("private bytes"): 416M, peak: 421M

vm_info: OpenJDK 64-Bit Server VM (11.0.11+9-b60-7590822) for windows-amd64 JRE (11.0.11+9-b60-7590822), built on Jul 29 2021 21:43:44 by "builder" with MS VC++ 14.0 (VS2015)

END.
